<?xml version="1.0" encoding="UTF-8"?>
<testsuite xmlns:xsi="http://www.w3.org/2001/XMLSchema-instance" xsi:noNamespaceSchemaLocation="https://maven.apache.org/surefire/maven-surefire-plugin/xsd/surefire-test-report.xsd" version="3.0.2" name="com.example.mono_backend.PostControllerTest" time="5.042" tests="15" errors="0" skipped="0" failures="1">
  <properties>
[...]
</properties>
  <testcase name="testCannotLikeOwnPost_returns400" classname="com.example.mono_backend.PostControllerTest" time="0.413">
    <system-out><![CDATA[22:27:14.131 [main] INFO org.springframework.test.context.support.AnnotationConfigContextLoaderUtils -- Could not detect default configuration classes for test class [com.example.mono_backend.PostControllerTest]: PostControllerTest does not declare any static, non-private, non-final, nested classes annotated with @Configuration.
22:27:14.193 [main] INFO org.springframework.boot.test.context.SpringBootTestContextBootstrapper -- Found @SpringBootConfiguration com.example.mono_backend.MonoBackendApplication for test class com.example.mono_backend.PostControllerTest

  .   ____          _            __ _ _
 /\\ / ___'_ __ _ _(_)_ __  __ _ \ \ \ \
( ( )\___ | '_ | '_| | '_ \/ _` | \ \ \ \
 \\/  ___)| |_)| | | | | || (_| |  ) ) ) )
  '  |____| .__|_| |_|_| |_\__, | / / / /
 =========|_|==============|___/=/_/_/_/

 :: Spring Boot ::                (v3.4.5)

2025-07-03T22:27:14.368+02:00  INFO 28097 --- [           main] c.e.mono_backend.PostControllerTest      : Starting PostControllerTest using Java 23.0.2 with PID 28097 (started by efeisildar in /Users/efeisildar/ics-wtp-mono/mono-backend)
2025-07-03T22:27:14.368+02:00  INFO 28097 --- [           main] c.e.mono_backend.PostControllerTest      : The following 1 profile is active: "test"
2025-07-03T22:27:14.584+02:00  INFO 28097 --- [           main] .s.d.r.c.RepositoryConfigurationDelegate : Bootstrapping Spring Data JPA repositories in DEFAULT mode.
2025-07-03T22:27:14.604+02:00  INFO 28097 --- [           main] .s.d.r.c.RepositoryConfigurationDelegate : Finished Spring Data repository scanning in 14 ms. Found 4 JPA repository interfaces.
2025-07-03T22:27:14.739+02:00  INFO 28097 --- [           main] beddedDataSourceBeanFactoryPostProcessor : Replacing 'dataSource' DataSource bean with embedded version
2025-07-03T22:27:14.824+02:00  INFO 28097 --- [           main] o.s.j.d.e.EmbeddedDatabaseFactory        : Starting embedded database: url='jdbc:h2:mem:31f6a01f-b1e5-4e18-ada1-f0cc0e9485da;DB_CLOSE_DELAY=-1;DB_CLOSE_ON_EXIT=false', username='sa'
2025-07-03T22:27:14.938+02:00  INFO 28097 --- [           main] o.hibernate.jpa.internal.util.LogHelper  : HHH000204: Processing PersistenceUnitInfo [name: default]
2025-07-03T22:27:14.967+02:00  INFO 28097 --- [           main] org.hibernate.Version                    : HHH000412: Hibernate ORM core version 6.6.13.Final
2025-07-03T22:27:14.982+02:00  INFO 28097 --- [           main] o.h.c.internal.RegionFactoryInitiator    : HHH000026: Second-level cache disabled
2025-07-03T22:27:15.099+02:00  INFO 28097 --- [           main] o.s.o.j.p.SpringPersistenceUnitInfo      : No LoadTimeWeaver setup: ignoring JPA class transformer
2025-07-03T22:27:15.121+02:00  WARN 28097 --- [           main] org.hibernate.orm.deprecation            : HHH90000025: H2Dialect does not need to be specified explicitly using 'hibernate.dialect' (remove the property setting and it will be selected by default)
2025-07-03T22:27:15.129+02:00  INFO 28097 --- [           main] org.hibernate.orm.connections.pooling    : HHH10001005: Database info:
	Database JDBC URL [Connecting through datasource 'org.springframework.jdbc.datasource.embedded.EmbeddedDatabaseFactory$EmbeddedDataSourceProxy@5432dca2']
	Database driver: undefined/unknown
	Database version: 2.3.232
	Autocommit mode: undefined/unknown
	Isolation level: undefined/unknown
	Minimum pool size: undefined/unknown
	Maximum pool size: undefined/unknown
2025-07-03T22:27:15.480+02:00  INFO 28097 --- [           main] o.h.e.t.j.p.i.JtaPlatformInitiator       : HHH000489: No JTA platform available (set 'hibernate.transaction.jta.platform' to enable JTA platform integration)
Hibernate: drop table if exists follows cascade 
Hibernate: drop table if exists likes cascade 
Hibernate: drop table if exists posts cascade 
Hibernate: drop table if exists users cascade 
Hibernate: create table follows (id bigint generated by default as identity, follower_username varchar(255) not null, following_username varchar(255) not null, primary key (id), unique (follower_username, following_username))
Hibernate: create table likes (id bigint generated by default as identity, post_id bigint not null, user_id bigint not null, primary key (id), unique (user_id, post_id))
Hibernate: create table posts (likes integer not null, id bigint generated by default as identity, timestamp timestamp(6) not null, user_id bigint not null, content varchar(280) not null, primary key (id))
Hibernate: create table users (id bigint generated by default as identity, bio varchar(500), email varchar(255) unique, full_name varchar(255), password varchar(255) not null, username varchar(255) not null unique, primary key (id))
Hibernate: alter table if exists likes add constraint FKry8tnr4x2vwemv2bb0h5hyl0x foreign key (post_id) references posts
Hibernate: alter table if exists likes add constraint FKnvx9seeqqyy71bij291pwiwrg foreign key (user_id) references users
Hibernate: alter table if exists posts add constraint FK5lidm6cqbc7u4xhqpxm898qme foreign key (user_id) references users
2025-07-03T22:27:15.506+02:00  INFO 28097 --- [           main] j.LocalContainerEntityManagerFactoryBean : Initialized JPA EntityManagerFactory for persistence unit 'default'
2025-07-03T22:27:15.770+02:00  WARN 28097 --- [           main] JpaBaseConfiguration$JpaWebConfiguration : spring.jpa.open-in-view is enabled by default. Therefore, database queries may be performed during view rendering. Explicitly configure spring.jpa.open-in-view to disable this warning
2025-07-03T22:27:15.791+02:00  INFO 28097 --- [           main] o.s.v.b.OptionalValidatorFactoryBean     : Failed to set up a Bean Validation provider: jakarta.validation.NoProviderFoundException: Unable to create a Configuration, because no Jakarta Bean Validation provider could be found. Add a provider like Hibernate Validator (RI) to your classpath.
2025-07-03T22:27:15.959+02:00  INFO 28097 --- [           main] o.s.b.t.m.w.SpringBootMockServletContext : Initializing Spring TestDispatcherServlet ''
2025-07-03T22:27:15.959+02:00  INFO 28097 --- [           main] o.s.t.web.servlet.TestDispatcherServlet  : Initializing Servlet ''
2025-07-03T22:27:15.960+02:00  INFO 28097 --- [           main] o.s.t.web.servlet.TestDispatcherServlet  : Completed initialization in 1 ms
2025-07-03T22:27:15.974+02:00  INFO 28097 --- [           main] c.e.mono_backend.PostControllerTest      : Started PostControllerTest in 1.722 seconds (process running for 2.185)
Hibernate: select p1_0.id,p1_0.user_id,p1_0.content,p1_0.likes,p1_0.timestamp from posts p1_0
Hibernate: select u1_0.id,u1_0.bio,u1_0.email,u1_0.full_name,u1_0.password,u1_0.username from users u1_0
Hibernate: insert into users (bio,email,full_name,password,username,id) values (?,?,?,?,?,default)
Hibernate: insert into posts (user_id,content,likes,timestamp,id) values (?,?,?,?,default)
Hibernate: select u1_0.id,u1_0.bio,u1_0.email,u1_0.full_name,u1_0.password,u1_0.username from users u1_0 where u1_0.username=?
Hibernate: select p1_0.id,p1_0.user_id,p1_0.content,p1_0.likes,p1_0.timestamp from posts p1_0 where p1_0.id=?
2025-07-03T22:27:16.387+02:00  INFO 28097 --- [           main] j.LocalContainerEntityManagerFactoryBean : Closing JPA EntityManagerFactory for persistence unit 'default'
Hibernate: drop table if exists follows cascade 
Hibernate: drop table if exists likes cascade 
Hibernate: drop table if exists posts cascade 
Hibernate: drop table if exists users cascade 
]]></system-out>
    <system-err><![CDATA[Mockito is currently self-attaching to enable the inline-mock-maker. This will no longer work in future releases of the JDK. Please add Mockito as an agent to your build what is described in Mockito's documentation: https://javadoc.io/doc/org.mockito/mockito-core/latest/org/mockito/Mockito.html#0.3
WARNING: A Java agent has been loaded dynamically (/Users/efeisildar/.m2/repository/net/bytebuddy/byte-buddy-agent/1.15.11/byte-buddy-agent-1.15.11.jar)
WARNING: If a serviceability tool is in use, please run with -XX:+EnableDynamicAgentLoading to hide this warning
WARNING: If a serviceability tool is not in use, please run with -Djdk.instrument.traceUsage for more information
WARNING: Dynamic loading of agents will be disallowed by default in a future release
]]></system-err>
  </testcase>
  <testcase name="testGetLikedIds" classname="com.example.mono_backend.PostControllerTest" time="0.073">
    <system-out><![CDATA[
  .   ____          _            __ _ _
 /\\ / ___'_ __ _ _(_)_ __  __ _ \ \ \ \
( ( )\___ | '_ | '_| | '_ \/ _` | \ \ \ \
 \\/  ___)| |_)| | | | | || (_| |  ) ) ) )
  '  |____| .__|_| |_|_| |_\__, | / / / /
 =========|_|==============|___/=/_/_/_/

 :: Spring Boot ::                (v3.4.5)

2025-07-03T22:27:16.408+02:00  INFO 28097 --- [           main] c.e.mono_backend.PostControllerTest      : Starting PostControllerTest using Java 23.0.2 with PID 28097 (started by efeisildar in /Users/efeisildar/ics-wtp-mono/mono-backend)
2025-07-03T22:27:16.408+02:00  INFO 28097 --- [           main] c.e.mono_backend.PostControllerTest      : The following 1 profile is active: "test"
2025-07-03T22:27:16.450+02:00  INFO 28097 --- [           main] .s.d.r.c.RepositoryConfigurationDelegate : Bootstrapping Spring Data JPA repositories in DEFAULT mode.
2025-07-03T22:27:16.457+02:00  INFO 28097 --- [           main] .s.d.r.c.RepositoryConfigurationDelegate : Finished Spring Data repository scanning in 6 ms. Found 4 JPA repository interfaces.
2025-07-03T22:27:16.483+02:00  INFO 28097 --- [           main] beddedDataSourceBeanFactoryPostProcessor : Replacing 'dataSource' DataSource bean with embedded version
2025-07-03T22:27:16.492+02:00  INFO 28097 --- [           main] o.s.j.d.e.EmbeddedDatabaseFactory        : Starting embedded database: url='jdbc:h2:mem:6004b6db-c296-4246-8d33-632d3a47fc9e;DB_CLOSE_DELAY=-1;DB_CLOSE_ON_EXIT=false', username='sa'
2025-07-03T22:27:16.499+02:00  INFO 28097 --- [           main] o.hibernate.jpa.internal.util.LogHelper  : HHH000204: Processing PersistenceUnitInfo [name: default]
2025-07-03T22:27:16.500+02:00  INFO 28097 --- [           main] o.h.c.internal.RegionFactoryInitiator    : HHH000026: Second-level cache disabled
2025-07-03T22:27:16.504+02:00  INFO 28097 --- [           main] o.s.o.j.p.SpringPersistenceUnitInfo      : No LoadTimeWeaver setup: ignoring JPA class transformer
2025-07-03T22:27:16.504+02:00  WARN 28097 --- [           main] org.hibernate.orm.deprecation            : HHH90000025: H2Dialect does not need to be specified explicitly using 'hibernate.dialect' (remove the property setting and it will be selected by default)
2025-07-03T22:27:16.504+02:00  INFO 28097 --- [           main] org.hibernate.orm.connections.pooling    : HHH10001005: Database info:
	Database JDBC URL [Connecting through datasource 'org.springframework.jdbc.datasource.embedded.EmbeddedDatabaseFactory$EmbeddedDataSourceProxy@5327c503']
	Database driver: undefined/unknown
	Database version: 2.3.232
	Autocommit mode: undefined/unknown
	Isolation level: undefined/unknown
	Minimum pool size: undefined/unknown
	Maximum pool size: undefined/unknown
2025-07-03T22:27:16.519+02:00  INFO 28097 --- [           main] o.h.e.t.j.p.i.JtaPlatformInitiator       : HHH000489: No JTA platform available (set 'hibernate.transaction.jta.platform' to enable JTA platform integration)
Hibernate: drop table if exists follows cascade 
Hibernate: drop table if exists likes cascade 
Hibernate: drop table if exists posts cascade 
Hibernate: drop table if exists users cascade 
Hibernate: create table follows (id bigint generated by default as identity, follower_username varchar(255) not null, following_username varchar(255) not null, primary key (id), unique (follower_username, following_username))
Hibernate: create table likes (id bigint generated by default as identity, post_id bigint not null, user_id bigint not null, primary key (id), unique (user_id, post_id))
Hibernate: create table posts (likes integer not null, id bigint generated by default as identity, timestamp timestamp(6) not null, user_id bigint not null, content varchar(280) not null, primary key (id))
Hibernate: create table users (id bigint generated by default as identity, bio varchar(500), email varchar(255) unique, full_name varchar(255), password varchar(255) not null, username varchar(255) not null unique, primary key (id))
Hibernate: alter table if exists likes add constraint FKry8tnr4x2vwemv2bb0h5hyl0x foreign key (post_id) references posts
Hibernate: alter table if exists likes add constraint FKnvx9seeqqyy71bij291pwiwrg foreign key (user_id) references users
Hibernate: alter table if exists posts add constraint FK5lidm6cqbc7u4xhqpxm898qme foreign key (user_id) references users
2025-07-03T22:27:16.524+02:00  INFO 28097 --- [           main] j.LocalContainerEntityManagerFactoryBean : Initialized JPA EntityManagerFactory for persistence unit 'default'
2025-07-03T22:27:16.566+02:00  WARN 28097 --- [           main] JpaBaseConfiguration$JpaWebConfiguration : spring.jpa.open-in-view is enabled by default. Therefore, database queries may be performed during view rendering. Explicitly configure spring.jpa.open-in-view to disable this warning
2025-07-03T22:27:16.577+02:00  INFO 28097 --- [           main] o.s.v.b.OptionalValidatorFactoryBean     : Failed to set up a Bean Validation provider: jakarta.validation.NoProviderFoundException: Unable to create a Configuration, because no Jakarta Bean Validation provider could be found. Add a provider like Hibernate Validator (RI) to your classpath.
2025-07-03T22:27:16.627+02:00  INFO 28097 --- [           main] o.s.b.t.m.w.SpringBootMockServletContext : Initializing Spring TestDispatcherServlet ''
2025-07-03T22:27:16.627+02:00  INFO 28097 --- [           main] o.s.t.web.servlet.TestDispatcherServlet  : Initializing Servlet ''
2025-07-03T22:27:16.627+02:00  INFO 28097 --- [           main] o.s.t.web.servlet.TestDispatcherServlet  : Completed initialization in 0 ms
2025-07-03T22:27:16.631+02:00  INFO 28097 --- [           main] c.e.mono_backend.PostControllerTest      : Started PostControllerTest in 0.237 seconds (process running for 2.842)
Hibernate: select p1_0.id,p1_0.user_id,p1_0.content,p1_0.likes,p1_0.timestamp from posts p1_0
Hibernate: select u1_0.id,u1_0.bio,u1_0.email,u1_0.full_name,u1_0.password,u1_0.username from users u1_0
Hibernate: insert into users (bio,email,full_name,password,username,id) values (?,?,?,?,?,default)
Hibernate: insert into users (bio,email,full_name,password,username,id) values (?,?,?,?,?,default)
Hibernate: insert into posts (user_id,content,likes,timestamp,id) values (?,?,?,?,default)
Hibernate: insert into posts (user_id,content,likes,timestamp,id) values (?,?,?,?,default)
Hibernate: select u1_0.id,u1_0.bio,u1_0.email,u1_0.full_name,u1_0.password,u1_0.username from users u1_0 where u1_0.username=?
Hibernate: select p1_0.id,p1_0.user_id,p1_0.content,p1_0.likes,p1_0.timestamp from posts p1_0 where p1_0.id=?
Hibernate: select u1_0.id,u1_0.bio,u1_0.email,u1_0.full_name,u1_0.password,u1_0.username from users u1_0 where u1_0.id=?
Hibernate: select l1_0.id,l1_0.post_id,l1_0.user_id from likes l1_0 where l1_0.user_id=? and l1_0.post_id=?
Hibernate: insert into likes (post_id,user_id,id) values (?,?,default)
Hibernate: select count(l1_0.id) from likes l1_0 where l1_0.post_id=?
Hibernate: update posts set user_id=?,content=?,likes=?,timestamp=? where id=?
Hibernate: select u1_0.id,u1_0.bio,u1_0.email,u1_0.full_name,u1_0.password,u1_0.username from users u1_0 where u1_0.username=?
Hibernate: select p1_0.id,p1_0.user_id,p1_0.content,p1_0.likes,p1_0.timestamp from posts p1_0 where p1_0.id=?
Hibernate: select u1_0.id,u1_0.bio,u1_0.email,u1_0.full_name,u1_0.password,u1_0.username from users u1_0 where u1_0.id=?
Hibernate: select l1_0.id,l1_0.post_id,l1_0.user_id from likes l1_0 where l1_0.user_id=? and l1_0.post_id=?
Hibernate: insert into likes (post_id,user_id,id) values (?,?,default)
Hibernate: select count(l1_0.id) from likes l1_0 where l1_0.post_id=?
Hibernate: update posts set user_id=?,content=?,likes=?,timestamp=? where id=?
Hibernate: select u1_0.id,u1_0.bio,u1_0.email,u1_0.full_name,u1_0.password,u1_0.username from users u1_0 where u1_0.username=?
Hibernate: select l1_0.id,l1_0.post_id,l1_0.user_id from likes l1_0 where l1_0.user_id=?
Hibernate: select p1_0.id,p1_0.user_id,p1_0.content,p1_0.likes,p1_0.timestamp from posts p1_0 where p1_0.id=?
Hibernate: select p1_0.id,p1_0.user_id,p1_0.content,p1_0.likes,p1_0.timestamp from posts p1_0 where p1_0.id=?
2025-07-03T22:27:16.703+02:00  INFO 28097 --- [           main] j.LocalContainerEntityManagerFactoryBean : Closing JPA EntityManagerFactory for persistence unit 'default'
Hibernate: drop table if exists follows cascade 
Hibernate: drop table if exists likes cascade 
Hibernate: drop table if exists posts cascade 
Hibernate: drop table if exists users cascade 
]]></system-out>
  </testcase>
  <testcase name="testGetPosts" classname="com.example.mono_backend.PostControllerTest" time="0.022">
    <system-out><![CDATA[
  .   ____          _            __ _ _
 /\\ / ___'_ __ _ _(_)_ __  __ _ \ \ \ \
( ( )\___ | '_ | '_| | '_ \/ _` | \ \ \ \
 \\/  ___)| |_)| | | | | || (_| |  ) ) ) )
  '  |____| .__|_| |_|_| |_\__, | / / / /
 =========|_|==============|___/=/_/_/_/

 :: Spring Boot ::                (v3.4.5)

2025-07-03T22:27:16.716+02:00  INFO 28097 --- [           main] c.e.mono_backend.PostControllerTest      : Starting PostControllerTest using Java 23.0.2 with PID 28097 (started by efeisildar in /Users/efeisildar/ics-wtp-mono/mono-backend)
2025-07-03T22:27:16.716+02:00  INFO 28097 --- [           main] c.e.mono_backend.PostControllerTest      : The following 1 profile is active: "test"
2025-07-03T22:27:16.755+02:00  INFO 28097 --- [           main] .s.d.r.c.RepositoryConfigurationDelegate : Bootstrapping Spring Data JPA repositories in DEFAULT mode.
2025-07-03T22:27:16.758+02:00  INFO 28097 --- [           main] .s.d.r.c.RepositoryConfigurationDelegate : Finished Spring Data repository scanning in 2 ms. Found 4 JPA repository interfaces.
2025-07-03T22:27:16.789+02:00  INFO 28097 --- [           main] beddedDataSourceBeanFactoryPostProcessor : Replacing 'dataSource' DataSource bean with embedded version
2025-07-03T22:27:16.797+02:00  INFO 28097 --- [           main] o.s.j.d.e.EmbeddedDatabaseFactory        : Starting embedded database: url='jdbc:h2:mem:706140d4-e4e5-4a08-9e16-912d576ad131;DB_CLOSE_DELAY=-1;DB_CLOSE_ON_EXIT=false', username='sa'
2025-07-03T22:27:16.804+02:00  INFO 28097 --- [           main] o.hibernate.jpa.internal.util.LogHelper  : HHH000204: Processing PersistenceUnitInfo [name: default]
2025-07-03T22:27:16.804+02:00  INFO 28097 --- [           main] o.h.c.internal.RegionFactoryInitiator    : HHH000026: Second-level cache disabled
2025-07-03T22:27:16.808+02:00  INFO 28097 --- [           main] o.s.o.j.p.SpringPersistenceUnitInfo      : No LoadTimeWeaver setup: ignoring JPA class transformer
2025-07-03T22:27:16.808+02:00  WARN 28097 --- [           main] org.hibernate.orm.deprecation            : HHH90000025: H2Dialect does not need to be specified explicitly using 'hibernate.dialect' (remove the property setting and it will be selected by default)
2025-07-03T22:27:16.809+02:00  INFO 28097 --- [           main] org.hibernate.orm.connections.pooling    : HHH10001005: Database info:
	Database JDBC URL [Connecting through datasource 'org.springframework.jdbc.datasource.embedded.EmbeddedDatabaseFactory$EmbeddedDataSourceProxy@77d5395a']
	Database driver: undefined/unknown
	Database version: 2.3.232
	Autocommit mode: undefined/unknown
	Isolation level: undefined/unknown
	Minimum pool size: undefined/unknown
	Maximum pool size: undefined/unknown
2025-07-03T22:27:16.823+02:00  INFO 28097 --- [           main] o.h.e.t.j.p.i.JtaPlatformInitiator       : HHH000489: No JTA platform available (set 'hibernate.transaction.jta.platform' to enable JTA platform integration)
Hibernate: drop table if exists follows cascade 
Hibernate: drop table if exists likes cascade 
Hibernate: drop table if exists posts cascade 
Hibernate: drop table if exists users cascade 
Hibernate: create table follows (id bigint generated by default as identity, follower_username varchar(255) not null, following_username varchar(255) not null, primary key (id), unique (follower_username, following_username))
Hibernate: create table likes (id bigint generated by default as identity, post_id bigint not null, user_id bigint not null, primary key (id), unique (user_id, post_id))
Hibernate: create table posts (likes integer not null, id bigint generated by default as identity, timestamp timestamp(6) not null, user_id bigint not null, content varchar(280) not null, primary key (id))
Hibernate: create table users (id bigint generated by default as identity, bio varchar(500), email varchar(255) unique, full_name varchar(255), password varchar(255) not null, username varchar(255) not null unique, primary key (id))
Hibernate: alter table if exists likes add constraint FKry8tnr4x2vwemv2bb0h5hyl0x foreign key (post_id) references posts
Hibernate: alter table if exists likes add constraint FKnvx9seeqqyy71bij291pwiwrg foreign key (user_id) references users
Hibernate: alter table if exists posts add constraint FK5lidm6cqbc7u4xhqpxm898qme foreign key (user_id) references users
2025-07-03T22:27:16.827+02:00  INFO 28097 --- [           main] j.LocalContainerEntityManagerFactoryBean : Initialized JPA EntityManagerFactory for persistence unit 'default'
2025-07-03T22:27:16.865+02:00  WARN 28097 --- [           main] JpaBaseConfiguration$JpaWebConfiguration : spring.jpa.open-in-view is enabled by default. Therefore, database queries may be performed during view rendering. Explicitly configure spring.jpa.open-in-view to disable this warning
2025-07-03T22:27:16.870+02:00  INFO 28097 --- [           main] o.s.v.b.OptionalValidatorFactoryBean     : Failed to set up a Bean Validation provider: jakarta.validation.NoProviderFoundException: Unable to create a Configuration, because no Jakarta Bean Validation provider could be found. Add a provider like Hibernate Validator (RI) to your classpath.
2025-07-03T22:27:16.906+02:00  INFO 28097 --- [           main] o.s.b.t.m.w.SpringBootMockServletContext : Initializing Spring TestDispatcherServlet ''
2025-07-03T22:27:16.906+02:00  INFO 28097 --- [           main] o.s.t.web.servlet.TestDispatcherServlet  : Initializing Servlet ''
2025-07-03T22:27:16.906+02:00  INFO 28097 --- [           main] o.s.t.web.servlet.TestDispatcherServlet  : Completed initialization in 0 ms
2025-07-03T22:27:16.910+02:00  INFO 28097 --- [           main] c.e.mono_backend.PostControllerTest      : Started PostControllerTest in 0.204 seconds (process running for 3.121)
Hibernate: select p1_0.id,p1_0.user_id,p1_0.content,p1_0.likes,p1_0.timestamp from posts p1_0
Hibernate: select u1_0.id,u1_0.bio,u1_0.email,u1_0.full_name,u1_0.password,u1_0.username from users u1_0
Hibernate: insert into users (bio,email,full_name,password,username,id) values (?,?,?,?,?,default)
Hibernate: insert into posts (user_id,content,likes,timestamp,id) values (?,?,?,?,default)
Hibernate: select p1_0.id,p1_0.user_id,p1_0.content,p1_0.likes,p1_0.timestamp from posts p1_0 left join users a1_0 on a1_0.id=p1_0.user_id where a1_0.username=?
Hibernate: select u1_0.id,u1_0.bio,u1_0.email,u1_0.full_name,u1_0.password,u1_0.username from users u1_0 where u1_0.username=?
Hibernate: select l1_0.id,l1_0.post_id,l1_0.user_id from likes l1_0 where l1_0.user_id=? and l1_0.post_id=?
2025-07-03T22:27:16.932+02:00  INFO 28097 --- [           main] j.LocalContainerEntityManagerFactoryBean : Closing JPA EntityManagerFactory for persistence unit 'default'
Hibernate: drop table if exists follows cascade 
Hibernate: drop table if exists likes cascade 
Hibernate: drop table if exists posts cascade 
Hibernate: drop table if exists users cascade 
]]></system-out>
  </testcase>
  <testcase name="testDeletePost_wrongOwner_returns403" classname="com.example.mono_backend.PostControllerTest" time="0.02">
    <system-out><![CDATA[
  .   ____          _            __ _ _
 /\\ / ___'_ __ _ _(_)_ __  __ _ \ \ \ \
( ( )\___ | '_ | '_| | '_ \/ _` | \ \ \ \
 \\/  ___)| |_)| | | | | || (_| |  ) ) ) )
  '  |____| .__|_| |_|_| |_\__, | / / / /
 =========|_|==============|___/=/_/_/_/

 :: Spring Boot ::                (v3.4.5)

2025-07-03T22:27:16.942+02:00  INFO 28097 --- [           main] c.e.mono_backend.PostControllerTest      : Starting PostControllerTest using Java 23.0.2 with PID 28097 (started by efeisildar in /Users/efeisildar/ics-wtp-mono/mono-backend)
2025-07-03T22:27:16.942+02:00  INFO 28097 --- [           main] c.e.mono_backend.PostControllerTest      : The following 1 profile is active: "test"
2025-07-03T22:27:16.983+02:00  INFO 28097 --- [           main] .s.d.r.c.RepositoryConfigurationDelegate : Bootstrapping Spring Data JPA repositories in DEFAULT mode.
2025-07-03T22:27:16.986+02:00  INFO 28097 --- [           main] .s.d.r.c.RepositoryConfigurationDelegate : Finished Spring Data repository scanning in 2 ms. Found 4 JPA repository interfaces.
2025-07-03T22:27:17.012+02:00  INFO 28097 --- [           main] beddedDataSourceBeanFactoryPostProcessor : Replacing 'dataSource' DataSource bean with embedded version
2025-07-03T22:27:17.020+02:00  INFO 28097 --- [           main] o.s.j.d.e.EmbeddedDatabaseFactory        : Starting embedded database: url='jdbc:h2:mem:70028f54-2c37-4a90-9a7f-a2426d712843;DB_CLOSE_DELAY=-1;DB_CLOSE_ON_EXIT=false', username='sa'
2025-07-03T22:27:17.026+02:00  INFO 28097 --- [           main] o.hibernate.jpa.internal.util.LogHelper  : HHH000204: Processing PersistenceUnitInfo [name: default]
2025-07-03T22:27:17.027+02:00  INFO 28097 --- [           main] o.h.c.internal.RegionFactoryInitiator    : HHH000026: Second-level cache disabled
2025-07-03T22:27:17.030+02:00  INFO 28097 --- [           main] o.s.o.j.p.SpringPersistenceUnitInfo      : No LoadTimeWeaver setup: ignoring JPA class transformer
2025-07-03T22:27:17.031+02:00  WARN 28097 --- [           main] org.hibernate.orm.deprecation            : HHH90000025: H2Dialect does not need to be specified explicitly using 'hibernate.dialect' (remove the property setting and it will be selected by default)
2025-07-03T22:27:17.031+02:00  INFO 28097 --- [           main] org.hibernate.orm.connections.pooling    : HHH10001005: Database info:
	Database JDBC URL [Connecting through datasource 'org.springframework.jdbc.datasource.embedded.EmbeddedDatabaseFactory$EmbeddedDataSourceProxy@19b8bcb5']
	Database driver: undefined/unknown
	Database version: 2.3.232
	Autocommit mode: undefined/unknown
	Isolation level: undefined/unknown
	Minimum pool size: undefined/unknown
	Maximum pool size: undefined/unknown
2025-07-03T22:27:17.044+02:00  INFO 28097 --- [           main] o.h.e.t.j.p.i.JtaPlatformInitiator       : HHH000489: No JTA platform available (set 'hibernate.transaction.jta.platform' to enable JTA platform integration)
Hibernate: drop table if exists follows cascade 
Hibernate: drop table if exists likes cascade 
Hibernate: drop table if exists posts cascade 
Hibernate: drop table if exists users cascade 
Hibernate: create table follows (id bigint generated by default as identity, follower_username varchar(255) not null, following_username varchar(255) not null, primary key (id), unique (follower_username, following_username))
Hibernate: create table likes (id bigint generated by default as identity, post_id bigint not null, user_id bigint not null, primary key (id), unique (user_id, post_id))
Hibernate: create table posts (likes integer not null, id bigint generated by default as identity, timestamp timestamp(6) not null, user_id bigint not null, content varchar(280) not null, primary key (id))
Hibernate: create table users (id bigint generated by default as identity, bio varchar(500), email varchar(255) unique, full_name varchar(255), password varchar(255) not null, username varchar(255) not null unique, primary key (id))
Hibernate: alter table if exists likes add constraint FKry8tnr4x2vwemv2bb0h5hyl0x foreign key (post_id) references posts
Hibernate: alter table if exists likes add constraint FKnvx9seeqqyy71bij291pwiwrg foreign key (user_id) references users
Hibernate: alter table if exists posts add constraint FK5lidm6cqbc7u4xhqpxm898qme foreign key (user_id) references users
2025-07-03T22:27:17.048+02:00  INFO 28097 --- [           main] j.LocalContainerEntityManagerFactoryBean : Initialized JPA EntityManagerFactory for persistence unit 'default'
2025-07-03T22:27:17.085+02:00  WARN 28097 --- [           main] JpaBaseConfiguration$JpaWebConfiguration : spring.jpa.open-in-view is enabled by default. Therefore, database queries may be performed during view rendering. Explicitly configure spring.jpa.open-in-view to disable this warning
2025-07-03T22:27:17.089+02:00  INFO 28097 --- [           main] o.s.v.b.OptionalValidatorFactoryBean     : Failed to set up a Bean Validation provider: jakarta.validation.NoProviderFoundException: Unable to create a Configuration, because no Jakarta Bean Validation provider could be found. Add a provider like Hibernate Validator (RI) to your classpath.
2025-07-03T22:27:17.143+02:00  INFO 28097 --- [           main] o.s.b.t.m.w.SpringBootMockServletContext : Initializing Spring TestDispatcherServlet ''
2025-07-03T22:27:17.143+02:00  INFO 28097 --- [           main] o.s.t.web.servlet.TestDispatcherServlet  : Initializing Servlet ''
2025-07-03T22:27:17.143+02:00  INFO 28097 --- [           main] o.s.t.web.servlet.TestDispatcherServlet  : Completed initialization in 0 ms
2025-07-03T22:27:17.148+02:00  INFO 28097 --- [           main] c.e.mono_backend.PostControllerTest      : Started PostControllerTest in 0.214 seconds (process running for 3.359)
Hibernate: select p1_0.id,p1_0.user_id,p1_0.content,p1_0.likes,p1_0.timestamp from posts p1_0
Hibernate: select u1_0.id,u1_0.bio,u1_0.email,u1_0.full_name,u1_0.password,u1_0.username from users u1_0
Hibernate: insert into users (bio,email,full_name,password,username,id) values (?,?,?,?,?,default)
Hibernate: insert into users (bio,email,full_name,password,username,id) values (?,?,?,?,?,default)
Hibernate: insert into posts (user_id,content,likes,timestamp,id) values (?,?,?,?,default)
Hibernate: select p1_0.id,p1_0.user_id,p1_0.content,p1_0.likes,p1_0.timestamp from posts p1_0 where p1_0.id=?
Hibernate: select u1_0.id,u1_0.bio,u1_0.email,u1_0.full_name,u1_0.password,u1_0.username from users u1_0 where u1_0.id=?
2025-07-03T22:27:17.167+02:00  INFO 28097 --- [           main] j.LocalContainerEntityManagerFactoryBean : Closing JPA EntityManagerFactory for persistence unit 'default'
Hibernate: drop table if exists follows cascade 
Hibernate: drop table if exists likes cascade 
Hibernate: drop table if exists posts cascade 
Hibernate: drop table if exists users cascade 
]]></system-out>
  </testcase>
  <testcase name="testLikeAndUnlikePost" classname="com.example.mono_backend.PostControllerTest" time="0.025">
    <system-out><![CDATA[
  .   ____          _            __ _ _
 /\\ / ___'_ __ _ _(_)_ __  __ _ \ \ \ \
( ( )\___ | '_ | '_| | '_ \/ _` | \ \ \ \
 \\/  ___)| |_)| | | | | || (_| |  ) ) ) )
  '  |____| .__|_| |_|_| |_\__, | / / / /
 =========|_|==============|___/=/_/_/_/

 :: Spring Boot ::                (v3.4.5)

2025-07-03T22:27:17.184+02:00  INFO 28097 --- [           main] c.e.mono_backend.PostControllerTest      : Starting PostControllerTest using Java 23.0.2 with PID 28097 (started by efeisildar in /Users/efeisildar/ics-wtp-mono/mono-backend)
2025-07-03T22:27:17.184+02:00  INFO 28097 --- [           main] c.e.mono_backend.PostControllerTest      : The following 1 profile is active: "test"
2025-07-03T22:27:17.231+02:00  INFO 28097 --- [           main] .s.d.r.c.RepositoryConfigurationDelegate : Bootstrapping Spring Data JPA repositories in DEFAULT mode.
2025-07-03T22:27:17.234+02:00  INFO 28097 --- [           main] .s.d.r.c.RepositoryConfigurationDelegate : Finished Spring Data repository scanning in 2 ms. Found 4 JPA repository interfaces.
2025-07-03T22:27:17.261+02:00  INFO 28097 --- [           main] beddedDataSourceBeanFactoryPostProcessor : Replacing 'dataSource' DataSource bean with embedded version
2025-07-03T22:27:17.273+02:00  INFO 28097 --- [           main] o.s.j.d.e.EmbeddedDatabaseFactory        : Starting embedded database: url='jdbc:h2:mem:7f6591db-d2f2-4559-a405-b89df505c7d7;DB_CLOSE_DELAY=-1;DB_CLOSE_ON_EXIT=false', username='sa'
2025-07-03T22:27:17.279+02:00  INFO 28097 --- [           main] o.hibernate.jpa.internal.util.LogHelper  : HHH000204: Processing PersistenceUnitInfo [name: default]
2025-07-03T22:27:17.280+02:00  INFO 28097 --- [           main] o.h.c.internal.RegionFactoryInitiator    : HHH000026: Second-level cache disabled
2025-07-03T22:27:17.283+02:00  INFO 28097 --- [           main] o.s.o.j.p.SpringPersistenceUnitInfo      : No LoadTimeWeaver setup: ignoring JPA class transformer
2025-07-03T22:27:17.283+02:00  WARN 28097 --- [           main] org.hibernate.orm.deprecation            : HHH90000025: H2Dialect does not need to be specified explicitly using 'hibernate.dialect' (remove the property setting and it will be selected by default)
2025-07-03T22:27:17.284+02:00  INFO 28097 --- [           main] org.hibernate.orm.connections.pooling    : HHH10001005: Database info:
	Database JDBC URL [Connecting through datasource 'org.springframework.jdbc.datasource.embedded.EmbeddedDatabaseFactory$EmbeddedDataSourceProxy@780a021b']
	Database driver: undefined/unknown
	Database version: 2.3.232
	Autocommit mode: undefined/unknown
	Isolation level: undefined/unknown
	Minimum pool size: undefined/unknown
	Maximum pool size: undefined/unknown
2025-07-03T22:27:17.297+02:00  INFO 28097 --- [           main] o.h.e.t.j.p.i.JtaPlatformInitiator       : HHH000489: No JTA platform available (set 'hibernate.transaction.jta.platform' to enable JTA platform integration)
Hibernate: drop table if exists follows cascade 
Hibernate: drop table if exists likes cascade 
Hibernate: drop table if exists posts cascade 
Hibernate: drop table if exists users cascade 
Hibernate: create table follows (id bigint generated by default as identity, follower_username varchar(255) not null, following_username varchar(255) not null, primary key (id), unique (follower_username, following_username))
Hibernate: create table likes (id bigint generated by default as identity, post_id bigint not null, user_id bigint not null, primary key (id), unique (user_id, post_id))
Hibernate: create table posts (likes integer not null, id bigint generated by default as identity, timestamp timestamp(6) not null, user_id bigint not null, content varchar(280) not null, primary key (id))
Hibernate: create table users (id bigint generated by default as identity, bio varchar(500), email varchar(255) unique, full_name varchar(255), password varchar(255) not null, username varchar(255) not null unique, primary key (id))
Hibernate: alter table if exists likes add constraint FKry8tnr4x2vwemv2bb0h5hyl0x foreign key (post_id) references posts
Hibernate: alter table if exists likes add constraint FKnvx9seeqqyy71bij291pwiwrg foreign key (user_id) references users
Hibernate: alter table if exists posts add constraint FK5lidm6cqbc7u4xhqpxm898qme foreign key (user_id) references users
2025-07-03T22:27:17.301+02:00  INFO 28097 --- [           main] j.LocalContainerEntityManagerFactoryBean : Initialized JPA EntityManagerFactory for persistence unit 'default'
2025-07-03T22:27:17.338+02:00  WARN 28097 --- [           main] JpaBaseConfiguration$JpaWebConfiguration : spring.jpa.open-in-view is enabled by default. Therefore, database queries may be performed during view rendering. Explicitly configure spring.jpa.open-in-view to disable this warning
2025-07-03T22:27:17.342+02:00  INFO 28097 --- [           main] o.s.v.b.OptionalValidatorFactoryBean     : Failed to set up a Bean Validation provider: jakarta.validation.NoProviderFoundException: Unable to create a Configuration, because no Jakarta Bean Validation provider could be found. Add a provider like Hibernate Validator (RI) to your classpath.
2025-07-03T22:27:17.375+02:00  INFO 28097 --- [           main] o.s.b.t.m.w.SpringBootMockServletContext : Initializing Spring TestDispatcherServlet ''
2025-07-03T22:27:17.376+02:00  INFO 28097 --- [           main] o.s.t.web.servlet.TestDispatcherServlet  : Initializing Servlet ''
2025-07-03T22:27:17.376+02:00  INFO 28097 --- [           main] o.s.t.web.servlet.TestDispatcherServlet  : Completed initialization in 0 ms
2025-07-03T22:27:17.379+02:00  INFO 28097 --- [           main] c.e.mono_backend.PostControllerTest      : Started PostControllerTest in 0.208 seconds (process running for 3.59)
Hibernate: select p1_0.id,p1_0.user_id,p1_0.content,p1_0.likes,p1_0.timestamp from posts p1_0
Hibernate: select u1_0.id,u1_0.bio,u1_0.email,u1_0.full_name,u1_0.password,u1_0.username from users u1_0
Hibernate: insert into users (bio,email,full_name,password,username,id) values (?,?,?,?,?,default)
Hibernate: insert into users (bio,email,full_name,password,username,id) values (?,?,?,?,?,default)
Hibernate: insert into posts (user_id,content,likes,timestamp,id) values (?,?,?,?,default)
Hibernate: select u1_0.id,u1_0.bio,u1_0.email,u1_0.full_name,u1_0.password,u1_0.username from users u1_0 where u1_0.username=?
Hibernate: select p1_0.id,p1_0.user_id,p1_0.content,p1_0.likes,p1_0.timestamp from posts p1_0 where p1_0.id=?
Hibernate: select u1_0.id,u1_0.bio,u1_0.email,u1_0.full_name,u1_0.password,u1_0.username from users u1_0 where u1_0.id=?
Hibernate: select l1_0.id,l1_0.post_id,l1_0.user_id from likes l1_0 where l1_0.user_id=? and l1_0.post_id=?
Hibernate: insert into likes (post_id,user_id,id) values (?,?,default)
Hibernate: select count(l1_0.id) from likes l1_0 where l1_0.post_id=?
Hibernate: update posts set user_id=?,content=?,likes=?,timestamp=? where id=?
Hibernate: select u1_0.id,u1_0.bio,u1_0.email,u1_0.full_name,u1_0.password,u1_0.username from users u1_0 where u1_0.username=?
Hibernate: select p1_0.id,p1_0.user_id,p1_0.content,p1_0.likes,p1_0.timestamp from posts p1_0 where p1_0.id=?
Hibernate: select u1_0.id,u1_0.bio,u1_0.email,u1_0.full_name,u1_0.password,u1_0.username from users u1_0 where u1_0.id=?
Hibernate: select l1_0.id,l1_0.post_id,l1_0.user_id from likes l1_0 where l1_0.user_id=? and l1_0.post_id=?
Hibernate: delete from likes where id=?
Hibernate: select count(l1_0.id) from likes l1_0 where l1_0.post_id=?
Hibernate: update posts set user_id=?,content=?,likes=?,timestamp=? where id=?
2025-07-03T22:27:17.404+02:00  INFO 28097 --- [           main] j.LocalContainerEntityManagerFactoryBean : Closing JPA EntityManagerFactory for persistence unit 'default'
Hibernate: drop table if exists follows cascade 
Hibernate: drop table if exists likes cascade 
Hibernate: drop table if exists posts cascade 
Hibernate: drop table if exists users cascade 
]]></system-out>
  </testcase>
  <testcase name="testFollowAndUnfollowEndpoints" classname="com.example.mono_backend.PostControllerTest" time="0.015">
    <system-out><![CDATA[
  .   ____          _            __ _ _
 /\\ / ___'_ __ _ _(_)_ __  __ _ \ \ \ \
( ( )\___ | '_ | '_| | '_ \/ _` | \ \ \ \
 \\/  ___)| |_)| | | | | || (_| |  ) ) ) )
  '  |____| .__|_| |_|_| |_\__, | / / / /
 =========|_|==============|___/=/_/_/_/

 :: Spring Boot ::                (v3.4.5)

2025-07-03T22:27:17.415+02:00  INFO 28097 --- [           main] c.e.mono_backend.PostControllerTest      : Starting PostControllerTest using Java 23.0.2 with PID 28097 (started by efeisildar in /Users/efeisildar/ics-wtp-mono/mono-backend)
2025-07-03T22:27:17.415+02:00  INFO 28097 --- [           main] c.e.mono_backend.PostControllerTest      : The following 1 profile is active: "test"
2025-07-03T22:27:17.455+02:00  INFO 28097 --- [           main] .s.d.r.c.RepositoryConfigurationDelegate : Bootstrapping Spring Data JPA repositories in DEFAULT mode.
2025-07-03T22:27:17.457+02:00  INFO 28097 --- [           main] .s.d.r.c.RepositoryConfigurationDelegate : Finished Spring Data repository scanning in 1 ms. Found 4 JPA repository interfaces.
2025-07-03T22:27:17.479+02:00  INFO 28097 --- [           main] beddedDataSourceBeanFactoryPostProcessor : Replacing 'dataSource' DataSource bean with embedded version
2025-07-03T22:27:17.486+02:00  INFO 28097 --- [           main] o.s.j.d.e.EmbeddedDatabaseFactory        : Starting embedded database: url='jdbc:h2:mem:acae82c1-f4e9-4bb4-81d3-ce35f763afa3;DB_CLOSE_DELAY=-1;DB_CLOSE_ON_EXIT=false', username='sa'
2025-07-03T22:27:17.491+02:00  INFO 28097 --- [           main] o.hibernate.jpa.internal.util.LogHelper  : HHH000204: Processing PersistenceUnitInfo [name: default]
2025-07-03T22:27:17.492+02:00  INFO 28097 --- [           main] o.h.c.internal.RegionFactoryInitiator    : HHH000026: Second-level cache disabled
2025-07-03T22:27:17.495+02:00  INFO 28097 --- [           main] o.s.o.j.p.SpringPersistenceUnitInfo      : No LoadTimeWeaver setup: ignoring JPA class transformer
2025-07-03T22:27:17.496+02:00  WARN 28097 --- [           main] org.hibernate.orm.deprecation            : HHH90000025: H2Dialect does not need to be specified explicitly using 'hibernate.dialect' (remove the property setting and it will be selected by default)
2025-07-03T22:27:17.496+02:00  INFO 28097 --- [           main] org.hibernate.orm.connections.pooling    : HHH10001005: Database info:
	Database JDBC URL [Connecting through datasource 'org.springframework.jdbc.datasource.embedded.EmbeddedDatabaseFactory$EmbeddedDataSourceProxy@4c68550d']
	Database driver: undefined/unknown
	Database version: 2.3.232
	Autocommit mode: undefined/unknown
	Isolation level: undefined/unknown
	Minimum pool size: undefined/unknown
	Maximum pool size: undefined/unknown
2025-07-03T22:27:17.508+02:00  INFO 28097 --- [           main] o.h.e.t.j.p.i.JtaPlatformInitiator       : HHH000489: No JTA platform available (set 'hibernate.transaction.jta.platform' to enable JTA platform integration)
Hibernate: drop table if exists follows cascade 
Hibernate: drop table if exists likes cascade 
Hibernate: drop table if exists posts cascade 
Hibernate: drop table if exists users cascade 
Hibernate: create table follows (id bigint generated by default as identity, follower_username varchar(255) not null, following_username varchar(255) not null, primary key (id), unique (follower_username, following_username))
Hibernate: create table likes (id bigint generated by default as identity, post_id bigint not null, user_id bigint not null, primary key (id), unique (user_id, post_id))
Hibernate: create table posts (likes integer not null, id bigint generated by default as identity, timestamp timestamp(6) not null, user_id bigint not null, content varchar(280) not null, primary key (id))
Hibernate: create table users (id bigint generated by default as identity, bio varchar(500), email varchar(255) unique, full_name varchar(255), password varchar(255) not null, username varchar(255) not null unique, primary key (id))
Hibernate: alter table if exists likes add constraint FKry8tnr4x2vwemv2bb0h5hyl0x foreign key (post_id) references posts
Hibernate: alter table if exists likes add constraint FKnvx9seeqqyy71bij291pwiwrg foreign key (user_id) references users
Hibernate: alter table if exists posts add constraint FK5lidm6cqbc7u4xhqpxm898qme foreign key (user_id) references users
2025-07-03T22:27:17.511+02:00  INFO 28097 --- [           main] j.LocalContainerEntityManagerFactoryBean : Initialized JPA EntityManagerFactory for persistence unit 'default'
2025-07-03T22:27:17.544+02:00  WARN 28097 --- [           main] JpaBaseConfiguration$JpaWebConfiguration : spring.jpa.open-in-view is enabled by default. Therefore, database queries may be performed during view rendering. Explicitly configure spring.jpa.open-in-view to disable this warning
2025-07-03T22:27:17.548+02:00  INFO 28097 --- [           main] o.s.v.b.OptionalValidatorFactoryBean     : Failed to set up a Bean Validation provider: jakarta.validation.NoProviderFoundException: Unable to create a Configuration, because no Jakarta Bean Validation provider could be found. Add a provider like Hibernate Validator (RI) to your classpath.
2025-07-03T22:27:17.576+02:00  INFO 28097 --- [           main] o.s.b.t.m.w.SpringBootMockServletContext : Initializing Spring TestDispatcherServlet ''
2025-07-03T22:27:17.576+02:00  INFO 28097 --- [           main] o.s.t.web.servlet.TestDispatcherServlet  : Initializing Servlet ''
2025-07-03T22:27:17.576+02:00  INFO 28097 --- [           main] o.s.t.web.servlet.TestDispatcherServlet  : Completed initialization in 0 ms
2025-07-03T22:27:17.580+02:00  INFO 28097 --- [           main] c.e.mono_backend.PostControllerTest      : Started PostControllerTest in 0.174 seconds (process running for 3.791)
Hibernate: select p1_0.id,p1_0.user_id,p1_0.content,p1_0.likes,p1_0.timestamp from posts p1_0
Hibernate: select u1_0.id,u1_0.bio,u1_0.email,u1_0.full_name,u1_0.password,u1_0.username from users u1_0
Hibernate: insert into users (bio,email,full_name,password,username,id) values (?,?,?,?,?,default)
Hibernate: insert into users (bio,email,full_name,password,username,id) values (?,?,?,?,?,default)
Hibernate: select f1_0.id,f1_0.follower_username,f1_0.following_username from follows f1_0 where f1_0.follower_username=? and f1_0.following_username=?
Hibernate: insert into follows (follower_username,following_username,id) values (?,?,default)
Hibernate: select f1_0.id,f1_0.follower_username,f1_0.following_username from follows f1_0 where f1_0.follower_username=? and f1_0.following_username=?
Hibernate: delete from follows where id=?
2025-07-03T22:27:17.595+02:00  INFO 28097 --- [           main] j.LocalContainerEntityManagerFactoryBean : Closing JPA EntityManagerFactory for persistence unit 'default'
Hibernate: drop table if exists follows cascade 
Hibernate: drop table if exists likes cascade 
Hibernate: drop table if exists posts cascade 
Hibernate: drop table if exists users cascade 
]]></system-out>
  </testcase>
  <testcase name="testGetFeed_unknownUser_emptyList" classname="com.example.mono_backend.PostControllerTest" time="0.01">
    <system-out><![CDATA[
  .   ____          _            __ _ _
 /\\ / ___'_ __ _ _(_)_ __  __ _ \ \ \ \
( ( )\___ | '_ | '_| | '_ \/ _` | \ \ \ \
 \\/  ___)| |_)| | | | | || (_| |  ) ) ) )
  '  |____| .__|_| |_|_| |_\__, | / / / /
 =========|_|==============|___/=/_/_/_/

 :: Spring Boot ::                (v3.4.5)

2025-07-03T22:27:17.604+02:00  INFO 28097 --- [           main] c.e.mono_backend.PostControllerTest      : Starting PostControllerTest using Java 23.0.2 with PID 28097 (started by efeisildar in /Users/efeisildar/ics-wtp-mono/mono-backend)
2025-07-03T22:27:17.604+02:00  INFO 28097 --- [           main] c.e.mono_backend.PostControllerTest      : The following 1 profile is active: "test"
2025-07-03T22:27:17.640+02:00  INFO 28097 --- [           main] .s.d.r.c.RepositoryConfigurationDelegate : Bootstrapping Spring Data JPA repositories in DEFAULT mode.
2025-07-03T22:27:17.643+02:00  INFO 28097 --- [           main] .s.d.r.c.RepositoryConfigurationDelegate : Finished Spring Data repository scanning in 1 ms. Found 4 JPA repository interfaces.
2025-07-03T22:27:17.664+02:00  INFO 28097 --- [           main] beddedDataSourceBeanFactoryPostProcessor : Replacing 'dataSource' DataSource bean with embedded version
2025-07-03T22:27:17.670+02:00  INFO 28097 --- [           main] o.s.j.d.e.EmbeddedDatabaseFactory        : Starting embedded database: url='jdbc:h2:mem:5b916c42-ce74-43af-b5b3-08d37385b68b;DB_CLOSE_DELAY=-1;DB_CLOSE_ON_EXIT=false', username='sa'
2025-07-03T22:27:17.675+02:00  INFO 28097 --- [           main] o.hibernate.jpa.internal.util.LogHelper  : HHH000204: Processing PersistenceUnitInfo [name: default]
2025-07-03T22:27:17.676+02:00  INFO 28097 --- [           main] o.h.c.internal.RegionFactoryInitiator    : HHH000026: Second-level cache disabled
2025-07-03T22:27:17.678+02:00  INFO 28097 --- [           main] o.s.o.j.p.SpringPersistenceUnitInfo      : No LoadTimeWeaver setup: ignoring JPA class transformer
2025-07-03T22:27:17.679+02:00  WARN 28097 --- [           main] org.hibernate.orm.deprecation            : HHH90000025: H2Dialect does not need to be specified explicitly using 'hibernate.dialect' (remove the property setting and it will be selected by default)
2025-07-03T22:27:17.679+02:00  INFO 28097 --- [           main] org.hibernate.orm.connections.pooling    : HHH10001005: Database info:
	Database JDBC URL [Connecting through datasource 'org.springframework.jdbc.datasource.embedded.EmbeddedDatabaseFactory$EmbeddedDataSourceProxy@78026a45']
	Database driver: undefined/unknown
	Database version: 2.3.232
	Autocommit mode: undefined/unknown
	Isolation level: undefined/unknown
	Minimum pool size: undefined/unknown
	Maximum pool size: undefined/unknown
2025-07-03T22:27:17.691+02:00  INFO 28097 --- [           main] o.h.e.t.j.p.i.JtaPlatformInitiator       : HHH000489: No JTA platform available (set 'hibernate.transaction.jta.platform' to enable JTA platform integration)
Hibernate: drop table if exists follows cascade 
Hibernate: drop table if exists likes cascade 
Hibernate: drop table if exists posts cascade 
Hibernate: drop table if exists users cascade 
Hibernate: create table follows (id bigint generated by default as identity, follower_username varchar(255) not null, following_username varchar(255) not null, primary key (id), unique (follower_username, following_username))
Hibernate: create table likes (id bigint generated by default as identity, post_id bigint not null, user_id bigint not null, primary key (id), unique (user_id, post_id))
Hibernate: create table posts (likes integer not null, id bigint generated by default as identity, timestamp timestamp(6) not null, user_id bigint not null, content varchar(280) not null, primary key (id))
Hibernate: create table users (id bigint generated by default as identity, bio varchar(500), email varchar(255) unique, full_name varchar(255), password varchar(255) not null, username varchar(255) not null unique, primary key (id))
Hibernate: alter table if exists likes add constraint FKry8tnr4x2vwemv2bb0h5hyl0x foreign key (post_id) references posts
Hibernate: alter table if exists likes add constraint FKnvx9seeqqyy71bij291pwiwrg foreign key (user_id) references users
Hibernate: alter table if exists posts add constraint FK5lidm6cqbc7u4xhqpxm898qme foreign key (user_id) references users
2025-07-03T22:27:17.694+02:00  INFO 28097 --- [           main] j.LocalContainerEntityManagerFactoryBean : Initialized JPA EntityManagerFactory for persistence unit 'default'
2025-07-03T22:27:17.723+02:00  WARN 28097 --- [           main] JpaBaseConfiguration$JpaWebConfiguration : spring.jpa.open-in-view is enabled by default. Therefore, database queries may be performed during view rendering. Explicitly configure spring.jpa.open-in-view to disable this warning
2025-07-03T22:27:17.727+02:00  INFO 28097 --- [           main] o.s.v.b.OptionalValidatorFactoryBean     : Failed to set up a Bean Validation provider: jakarta.validation.NoProviderFoundException: Unable to create a Configuration, because no Jakarta Bean Validation provider could be found. Add a provider like Hibernate Validator (RI) to your classpath.
2025-07-03T22:27:17.761+02:00  INFO 28097 --- [           main] o.s.b.t.m.w.SpringBootMockServletContext : Initializing Spring TestDispatcherServlet ''
2025-07-03T22:27:17.761+02:00  INFO 28097 --- [           main] o.s.t.web.servlet.TestDispatcherServlet  : Initializing Servlet ''
2025-07-03T22:27:17.761+02:00  INFO 28097 --- [           main] o.s.t.web.servlet.TestDispatcherServlet  : Completed initialization in 0 ms
2025-07-03T22:27:17.764+02:00  INFO 28097 --- [           main] c.e.mono_backend.PostControllerTest      : Started PostControllerTest in 0.167 seconds (process running for 3.975)
Hibernate: select p1_0.id,p1_0.user_id,p1_0.content,p1_0.likes,p1_0.timestamp from posts p1_0
Hibernate: select u1_0.id,u1_0.bio,u1_0.email,u1_0.full_name,u1_0.password,u1_0.username from users u1_0
Hibernate: select u1_0.id,u1_0.bio,u1_0.email,u1_0.full_name,u1_0.password,u1_0.username from users u1_0 where u1_0.username=?
2025-07-03T22:27:17.774+02:00  INFO 28097 --- [           main] j.LocalContainerEntityManagerFactoryBean : Closing JPA EntityManagerFactory for persistence unit 'default'
Hibernate: drop table if exists follows cascade 
Hibernate: drop table if exists likes cascade 
Hibernate: drop table if exists posts cascade 
Hibernate: drop table if exists users cascade 
]]></system-out>
  </testcase>
  <testcase name="testCreatePost_nonExistingUser_returns404" classname="com.example.mono_backend.PostControllerTest" time="0.013">
    <system-out><![CDATA[
  .   ____          _            __ _ _
 /\\ / ___'_ __ _ _(_)_ __  __ _ \ \ \ \
( ( )\___ | '_ | '_| | '_ \/ _` | \ \ \ \
 \\/  ___)| |_)| | | | | || (_| |  ) ) ) )
  '  |____| .__|_| |_|_| |_\__, | / / / /
 =========|_|==============|___/=/_/_/_/

 :: Spring Boot ::                (v3.4.5)

2025-07-03T22:27:17.782+02:00  INFO 28097 --- [           main] c.e.mono_backend.PostControllerTest      : Starting PostControllerTest using Java 23.0.2 with PID 28097 (started by efeisildar in /Users/efeisildar/ics-wtp-mono/mono-backend)
2025-07-03T22:27:17.782+02:00  INFO 28097 --- [           main] c.e.mono_backend.PostControllerTest      : The following 1 profile is active: "test"
2025-07-03T22:27:17.815+02:00  INFO 28097 --- [           main] .s.d.r.c.RepositoryConfigurationDelegate : Bootstrapping Spring Data JPA repositories in DEFAULT mode.
2025-07-03T22:27:17.817+02:00  INFO 28097 --- [           main] .s.d.r.c.RepositoryConfigurationDelegate : Finished Spring Data repository scanning in 1 ms. Found 4 JPA repository interfaces.
2025-07-03T22:27:17.838+02:00  INFO 28097 --- [           main] beddedDataSourceBeanFactoryPostProcessor : Replacing 'dataSource' DataSource bean with embedded version
2025-07-03T22:27:17.845+02:00  INFO 28097 --- [           main] o.s.j.d.e.EmbeddedDatabaseFactory        : Starting embedded database: url='jdbc:h2:mem:d8d75f4d-c9a3-45a6-8953-99bc43f813ff;DB_CLOSE_DELAY=-1;DB_CLOSE_ON_EXIT=false', username='sa'
2025-07-03T22:27:17.850+02:00  INFO 28097 --- [           main] o.hibernate.jpa.internal.util.LogHelper  : HHH000204: Processing PersistenceUnitInfo [name: default]
2025-07-03T22:27:17.851+02:00  INFO 28097 --- [           main] o.h.c.internal.RegionFactoryInitiator    : HHH000026: Second-level cache disabled
2025-07-03T22:27:17.853+02:00  INFO 28097 --- [           main] o.s.o.j.p.SpringPersistenceUnitInfo      : No LoadTimeWeaver setup: ignoring JPA class transformer
2025-07-03T22:27:17.854+02:00  WARN 28097 --- [           main] org.hibernate.orm.deprecation            : HHH90000025: H2Dialect does not need to be specified explicitly using 'hibernate.dialect' (remove the property setting and it will be selected by default)
2025-07-03T22:27:17.854+02:00  INFO 28097 --- [           main] org.hibernate.orm.connections.pooling    : HHH10001005: Database info:
	Database JDBC URL [Connecting through datasource 'org.springframework.jdbc.datasource.embedded.EmbeddedDatabaseFactory$EmbeddedDataSourceProxy@5dbbfa05']
	Database driver: undefined/unknown
	Database version: 2.3.232
	Autocommit mode: undefined/unknown
	Isolation level: undefined/unknown
	Minimum pool size: undefined/unknown
	Maximum pool size: undefined/unknown
2025-07-03T22:27:17.868+02:00  INFO 28097 --- [           main] o.h.e.t.j.p.i.JtaPlatformInitiator       : HHH000489: No JTA platform available (set 'hibernate.transaction.jta.platform' to enable JTA platform integration)
Hibernate: drop table if exists follows cascade 
Hibernate: drop table if exists likes cascade 
Hibernate: drop table if exists posts cascade 
Hibernate: drop table if exists users cascade 
Hibernate: create table follows (id bigint generated by default as identity, follower_username varchar(255) not null, following_username varchar(255) not null, primary key (id), unique (follower_username, following_username))
Hibernate: create table likes (id bigint generated by default as identity, post_id bigint not null, user_id bigint not null, primary key (id), unique (user_id, post_id))
Hibernate: create table posts (likes integer not null, id bigint generated by default as identity, timestamp timestamp(6) not null, user_id bigint not null, content varchar(280) not null, primary key (id))
Hibernate: create table users (id bigint generated by default as identity, bio varchar(500), email varchar(255) unique, full_name varchar(255), password varchar(255) not null, username varchar(255) not null unique, primary key (id))
Hibernate: alter table if exists likes add constraint FKry8tnr4x2vwemv2bb0h5hyl0x foreign key (post_id) references posts
Hibernate: alter table if exists likes add constraint FKnvx9seeqqyy71bij291pwiwrg foreign key (user_id) references users
Hibernate: alter table if exists posts add constraint FK5lidm6cqbc7u4xhqpxm898qme foreign key (user_id) references users
2025-07-03T22:27:17.871+02:00  INFO 28097 --- [           main] j.LocalContainerEntityManagerFactoryBean : Initialized JPA EntityManagerFactory for persistence unit 'default'
2025-07-03T22:27:17.914+02:00  WARN 28097 --- [           main] JpaBaseConfiguration$JpaWebConfiguration : spring.jpa.open-in-view is enabled by default. Therefore, database queries may be performed during view rendering. Explicitly configure spring.jpa.open-in-view to disable this warning
2025-07-03T22:27:17.917+02:00  INFO 28097 --- [           main] o.s.v.b.OptionalValidatorFactoryBean     : Failed to set up a Bean Validation provider: jakarta.validation.NoProviderFoundException: Unable to create a Configuration, because no Jakarta Bean Validation provider could be found. Add a provider like Hibernate Validator (RI) to your classpath.
2025-07-03T22:27:17.953+02:00  INFO 28097 --- [           main] o.s.b.t.m.w.SpringBootMockServletContext : Initializing Spring TestDispatcherServlet ''
2025-07-03T22:27:17.953+02:00  INFO 28097 --- [           main] o.s.t.web.servlet.TestDispatcherServlet  : Initializing Servlet ''
2025-07-03T22:27:17.953+02:00  INFO 28097 --- [           main] o.s.t.web.servlet.TestDispatcherServlet  : Completed initialization in 0 ms
2025-07-03T22:27:17.957+02:00  INFO 28097 --- [           main] c.e.mono_backend.PostControllerTest      : Started PostControllerTest in 0.181 seconds (process running for 4.168)
Hibernate: select p1_0.id,p1_0.user_id,p1_0.content,p1_0.likes,p1_0.timestamp from posts p1_0
Hibernate: select u1_0.id,u1_0.bio,u1_0.email,u1_0.full_name,u1_0.password,u1_0.username from users u1_0
Hibernate: select u1_0.id,u1_0.bio,u1_0.email,u1_0.full_name,u1_0.password,u1_0.username from users u1_0 where u1_0.username=?
2025-07-03T22:27:17.969+02:00  INFO 28097 --- [           main] j.LocalContainerEntityManagerFactoryBean : Closing JPA EntityManagerFactory for persistence unit 'default'
Hibernate: drop table if exists follows cascade 
Hibernate: drop table if exists likes cascade 
Hibernate: drop table if exists posts cascade 
Hibernate: drop table if exists users cascade 
]]></system-out>
  </testcase>
  <testcase name="testDeleteNonexistentPost_returns404" classname="com.example.mono_backend.PostControllerTest" time="0.007">
    <system-out><![CDATA[
  .   ____          _            __ _ _
 /\\ / ___'_ __ _ _(_)_ __  __ _ \ \ \ \
( ( )\___ | '_ | '_| | '_ \/ _` | \ \ \ \
 \\/  ___)| |_)| | | | | || (_| |  ) ) ) )
  '  |____| .__|_| |_|_| |_\__, | / / / /
 =========|_|==============|___/=/_/_/_/

 :: Spring Boot ::                (v3.4.5)

2025-07-03T22:27:17.979+02:00  INFO 28097 --- [           main] c.e.mono_backend.PostControllerTest      : Starting PostControllerTest using Java 23.0.2 with PID 28097 (started by efeisildar in /Users/efeisildar/ics-wtp-mono/mono-backend)
2025-07-03T22:27:17.979+02:00  INFO 28097 --- [           main] c.e.mono_backend.PostControllerTest      : The following 1 profile is active: "test"
2025-07-03T22:27:18.027+02:00  INFO 28097 --- [           main] .s.d.r.c.RepositoryConfigurationDelegate : Bootstrapping Spring Data JPA repositories in DEFAULT mode.
2025-07-03T22:27:18.029+02:00  INFO 28097 --- [           main] .s.d.r.c.RepositoryConfigurationDelegate : Finished Spring Data repository scanning in 1 ms. Found 4 JPA repository interfaces.
2025-07-03T22:27:18.053+02:00  INFO 28097 --- [           main] beddedDataSourceBeanFactoryPostProcessor : Replacing 'dataSource' DataSource bean with embedded version
2025-07-03T22:27:18.060+02:00  INFO 28097 --- [           main] o.s.j.d.e.EmbeddedDatabaseFactory        : Starting embedded database: url='jdbc:h2:mem:79908c4b-4944-40cd-8c88-815e94ba0498;DB_CLOSE_DELAY=-1;DB_CLOSE_ON_EXIT=false', username='sa'
2025-07-03T22:27:18.065+02:00  INFO 28097 --- [           main] o.hibernate.jpa.internal.util.LogHelper  : HHH000204: Processing PersistenceUnitInfo [name: default]
2025-07-03T22:27:18.066+02:00  INFO 28097 --- [           main] o.h.c.internal.RegionFactoryInitiator    : HHH000026: Second-level cache disabled
2025-07-03T22:27:18.069+02:00  INFO 28097 --- [           main] o.s.o.j.p.SpringPersistenceUnitInfo      : No LoadTimeWeaver setup: ignoring JPA class transformer
2025-07-03T22:27:18.069+02:00  WARN 28097 --- [           main] org.hibernate.orm.deprecation            : HHH90000025: H2Dialect does not need to be specified explicitly using 'hibernate.dialect' (remove the property setting and it will be selected by default)
2025-07-03T22:27:18.070+02:00  INFO 28097 --- [           main] org.hibernate.orm.connections.pooling    : HHH10001005: Database info:
	Database JDBC URL [Connecting through datasource 'org.springframework.jdbc.datasource.embedded.EmbeddedDatabaseFactory$EmbeddedDataSourceProxy@2622efb0']
	Database driver: undefined/unknown
	Database version: 2.3.232
	Autocommit mode: undefined/unknown
	Isolation level: undefined/unknown
	Minimum pool size: undefined/unknown
	Maximum pool size: undefined/unknown
2025-07-03T22:27:18.082+02:00  INFO 28097 --- [           main] o.h.e.t.j.p.i.JtaPlatformInitiator       : HHH000489: No JTA platform available (set 'hibernate.transaction.jta.platform' to enable JTA platform integration)
Hibernate: drop table if exists follows cascade 
Hibernate: drop table if exists likes cascade 
Hibernate: drop table if exists posts cascade 
Hibernate: drop table if exists users cascade 
Hibernate: create table follows (id bigint generated by default as identity, follower_username varchar(255) not null, following_username varchar(255) not null, primary key (id), unique (follower_username, following_username))
Hibernate: create table likes (id bigint generated by default as identity, post_id bigint not null, user_id bigint not null, primary key (id), unique (user_id, post_id))
Hibernate: create table posts (likes integer not null, id bigint generated by default as identity, timestamp timestamp(6) not null, user_id bigint not null, content varchar(280) not null, primary key (id))
Hibernate: create table users (id bigint generated by default as identity, bio varchar(500), email varchar(255) unique, full_name varchar(255), password varchar(255) not null, username varchar(255) not null unique, primary key (id))
Hibernate: alter table if exists likes add constraint FKry8tnr4x2vwemv2bb0h5hyl0x foreign key (post_id) references posts
Hibernate: alter table if exists likes add constraint FKnvx9seeqqyy71bij291pwiwrg foreign key (user_id) references users
Hibernate: alter table if exists posts add constraint FK5lidm6cqbc7u4xhqpxm898qme foreign key (user_id) references users
2025-07-03T22:27:18.085+02:00  INFO 28097 --- [           main] j.LocalContainerEntityManagerFactoryBean : Initialized JPA EntityManagerFactory for persistence unit 'default'
2025-07-03T22:27:18.116+02:00  WARN 28097 --- [           main] JpaBaseConfiguration$JpaWebConfiguration : spring.jpa.open-in-view is enabled by default. Therefore, database queries may be performed during view rendering. Explicitly configure spring.jpa.open-in-view to disable this warning
2025-07-03T22:27:18.119+02:00  INFO 28097 --- [           main] o.s.v.b.OptionalValidatorFactoryBean     : Failed to set up a Bean Validation provider: jakarta.validation.NoProviderFoundException: Unable to create a Configuration, because no Jakarta Bean Validation provider could be found. Add a provider like Hibernate Validator (RI) to your classpath.
2025-07-03T22:27:18.143+02:00  INFO 28097 --- [           main] o.s.b.t.m.w.SpringBootMockServletContext : Initializing Spring TestDispatcherServlet ''
2025-07-03T22:27:18.143+02:00  INFO 28097 --- [           main] o.s.t.web.servlet.TestDispatcherServlet  : Initializing Servlet ''
2025-07-03T22:27:18.143+02:00  INFO 28097 --- [           main] o.s.t.web.servlet.TestDispatcherServlet  : Completed initialization in 0 ms
2025-07-03T22:27:18.146+02:00  INFO 28097 --- [           main] c.e.mono_backend.PostControllerTest      : Started PostControllerTest in 0.175 seconds (process running for 4.357)
Hibernate: select p1_0.id,p1_0.user_id,p1_0.content,p1_0.likes,p1_0.timestamp from posts p1_0
Hibernate: select u1_0.id,u1_0.bio,u1_0.email,u1_0.full_name,u1_0.password,u1_0.username from users u1_0
Hibernate: select p1_0.id,p1_0.user_id,p1_0.content,p1_0.likes,p1_0.timestamp from posts p1_0 where p1_0.id=?
2025-07-03T22:27:18.153+02:00  INFO 28097 --- [           main] j.LocalContainerEntityManagerFactoryBean : Closing JPA EntityManagerFactory for persistence unit 'default'
Hibernate: drop table if exists follows cascade 
Hibernate: drop table if exists likes cascade 
Hibernate: drop table if exists posts cascade 
Hibernate: drop table if exists users cascade 
]]></system-out>
  </testcase>
  <testcase name="testGetPosts_unknownAuthor_emptyArray" classname="com.example.mono_backend.PostControllerTest" time="0.01">
    <system-out><![CDATA[
  .   ____          _            __ _ _
 /\\ / ___'_ __ _ _(_)_ __  __ _ \ \ \ \
( ( )\___ | '_ | '_| | '_ \/ _` | \ \ \ \
 \\/  ___)| |_)| | | | | || (_| |  ) ) ) )
  '  |____| .__|_| |_|_| |_\__, | / / / /
 =========|_|==============|___/=/_/_/_/

 :: Spring Boot ::                (v3.4.5)

2025-07-03T22:27:18.162+02:00  INFO 28097 --- [           main] c.e.mono_backend.PostControllerTest      : Starting PostControllerTest using Java 23.0.2 with PID 28097 (started by efeisildar in /Users/efeisildar/ics-wtp-mono/mono-backend)
2025-07-03T22:27:18.162+02:00  INFO 28097 --- [           main] c.e.mono_backend.PostControllerTest      : The following 1 profile is active: "test"
2025-07-03T22:27:18.193+02:00  INFO 28097 --- [           main] .s.d.r.c.RepositoryConfigurationDelegate : Bootstrapping Spring Data JPA repositories in DEFAULT mode.
2025-07-03T22:27:18.195+02:00  INFO 28097 --- [           main] .s.d.r.c.RepositoryConfigurationDelegate : Finished Spring Data repository scanning in 1 ms. Found 4 JPA repository interfaces.
2025-07-03T22:27:18.212+02:00  INFO 28097 --- [           main] beddedDataSourceBeanFactoryPostProcessor : Replacing 'dataSource' DataSource bean with embedded version
2025-07-03T22:27:18.218+02:00  INFO 28097 --- [           main] o.s.j.d.e.EmbeddedDatabaseFactory        : Starting embedded database: url='jdbc:h2:mem:6f6ad942-addb-4757-804d-dcecf5a51de8;DB_CLOSE_DELAY=-1;DB_CLOSE_ON_EXIT=false', username='sa'
2025-07-03T22:27:18.223+02:00  INFO 28097 --- [           main] o.hibernate.jpa.internal.util.LogHelper  : HHH000204: Processing PersistenceUnitInfo [name: default]
2025-07-03T22:27:18.223+02:00  INFO 28097 --- [           main] o.h.c.internal.RegionFactoryInitiator    : HHH000026: Second-level cache disabled
2025-07-03T22:27:18.226+02:00  INFO 28097 --- [           main] o.s.o.j.p.SpringPersistenceUnitInfo      : No LoadTimeWeaver setup: ignoring JPA class transformer
2025-07-03T22:27:18.226+02:00  WARN 28097 --- [           main] org.hibernate.orm.deprecation            : HHH90000025: H2Dialect does not need to be specified explicitly using 'hibernate.dialect' (remove the property setting and it will be selected by default)
2025-07-03T22:27:18.226+02:00  INFO 28097 --- [           main] org.hibernate.orm.connections.pooling    : HHH10001005: Database info:
	Database JDBC URL [Connecting through datasource 'org.springframework.jdbc.datasource.embedded.EmbeddedDatabaseFactory$EmbeddedDataSourceProxy@24473f80']
	Database driver: undefined/unknown
	Database version: 2.3.232
	Autocommit mode: undefined/unknown
	Isolation level: undefined/unknown
	Minimum pool size: undefined/unknown
	Maximum pool size: undefined/unknown
2025-07-03T22:27:18.240+02:00  INFO 28097 --- [           main] o.h.e.t.j.p.i.JtaPlatformInitiator       : HHH000489: No JTA platform available (set 'hibernate.transaction.jta.platform' to enable JTA platform integration)
Hibernate: drop table if exists follows cascade 
Hibernate: drop table if exists likes cascade 
Hibernate: drop table if exists posts cascade 
Hibernate: drop table if exists users cascade 
Hibernate: create table follows (id bigint generated by default as identity, follower_username varchar(255) not null, following_username varchar(255) not null, primary key (id), unique (follower_username, following_username))
Hibernate: create table likes (id bigint generated by default as identity, post_id bigint not null, user_id bigint not null, primary key (id), unique (user_id, post_id))
Hibernate: create table posts (likes integer not null, id bigint generated by default as identity, timestamp timestamp(6) not null, user_id bigint not null, content varchar(280) not null, primary key (id))
Hibernate: create table users (id bigint generated by default as identity, bio varchar(500), email varchar(255) unique, full_name varchar(255), password varchar(255) not null, username varchar(255) not null unique, primary key (id))
Hibernate: alter table if exists likes add constraint FKry8tnr4x2vwemv2bb0h5hyl0x foreign key (post_id) references posts
Hibernate: alter table if exists likes add constraint FKnvx9seeqqyy71bij291pwiwrg foreign key (user_id) references users
Hibernate: alter table if exists posts add constraint FK5lidm6cqbc7u4xhqpxm898qme foreign key (user_id) references users
2025-07-03T22:27:18.243+02:00  INFO 28097 --- [           main] j.LocalContainerEntityManagerFactoryBean : Initialized JPA EntityManagerFactory for persistence unit 'default'
2025-07-03T22:27:18.270+02:00  WARN 28097 --- [           main] JpaBaseConfiguration$JpaWebConfiguration : spring.jpa.open-in-view is enabled by default. Therefore, database queries may be performed during view rendering. Explicitly configure spring.jpa.open-in-view to disable this warning
2025-07-03T22:27:18.274+02:00  INFO 28097 --- [           main] o.s.v.b.OptionalValidatorFactoryBean     : Failed to set up a Bean Validation provider: jakarta.validation.NoProviderFoundException: Unable to create a Configuration, because no Jakarta Bean Validation provider could be found. Add a provider like Hibernate Validator (RI) to your classpath.
2025-07-03T22:27:18.299+02:00  INFO 28097 --- [           main] o.s.b.t.m.w.SpringBootMockServletContext : Initializing Spring TestDispatcherServlet ''
2025-07-03T22:27:18.299+02:00  INFO 28097 --- [           main] o.s.t.web.servlet.TestDispatcherServlet  : Initializing Servlet ''
2025-07-03T22:27:18.299+02:00  INFO 28097 --- [           main] o.s.t.web.servlet.TestDispatcherServlet  : Completed initialization in 0 ms
2025-07-03T22:27:18.302+02:00  INFO 28097 --- [           main] c.e.mono_backend.PostControllerTest      : Started PostControllerTest in 0.147 seconds (process running for 4.513)
Hibernate: select p1_0.id,p1_0.user_id,p1_0.content,p1_0.likes,p1_0.timestamp from posts p1_0
Hibernate: select u1_0.id,u1_0.bio,u1_0.email,u1_0.full_name,u1_0.password,u1_0.username from users u1_0
Hibernate: select p1_0.id,p1_0.user_id,p1_0.content,p1_0.likes,p1_0.timestamp from posts p1_0 left join users a1_0 on a1_0.id=p1_0.user_id where a1_0.username=?
2025-07-03T22:27:18.312+02:00  INFO 28097 --- [           main] j.LocalContainerEntityManagerFactoryBean : Closing JPA EntityManagerFactory for persistence unit 'default'
Hibernate: drop table if exists follows cascade 
Hibernate: drop table if exists likes cascade 
Hibernate: drop table if exists posts cascade 
Hibernate: drop table if exists users cascade 
]]></system-out>
  </testcase>
  <testcase name="testGetFeed_onlyFollowedAndSelf" classname="com.example.mono_backend.PostControllerTest" time="0.025">
    <system-out><![CDATA[
  .   ____          _            __ _ _
 /\\ / ___'_ __ _ _(_)_ __  __ _ \ \ \ \
( ( )\___ | '_ | '_| | '_ \/ _` | \ \ \ \
 \\/  ___)| |_)| | | | | || (_| |  ) ) ) )
  '  |____| .__|_| |_|_| |_\__, | / / / /
 =========|_|==============|___/=/_/_/_/

 :: Spring Boot ::                (v3.4.5)

2025-07-03T22:27:18.320+02:00  INFO 28097 --- [           main] c.e.mono_backend.PostControllerTest      : Starting PostControllerTest using Java 23.0.2 with PID 28097 (started by efeisildar in /Users/efeisildar/ics-wtp-mono/mono-backend)
2025-07-03T22:27:18.320+02:00  INFO 28097 --- [           main] c.e.mono_backend.PostControllerTest      : The following 1 profile is active: "test"
2025-07-03T22:27:18.352+02:00  INFO 28097 --- [           main] .s.d.r.c.RepositoryConfigurationDelegate : Bootstrapping Spring Data JPA repositories in DEFAULT mode.
2025-07-03T22:27:18.354+02:00  INFO 28097 --- [           main] .s.d.r.c.RepositoryConfigurationDelegate : Finished Spring Data repository scanning in 1 ms. Found 4 JPA repository interfaces.
2025-07-03T22:27:18.372+02:00  INFO 28097 --- [           main] beddedDataSourceBeanFactoryPostProcessor : Replacing 'dataSource' DataSource bean with embedded version
2025-07-03T22:27:18.378+02:00  INFO 28097 --- [           main] o.s.j.d.e.EmbeddedDatabaseFactory        : Starting embedded database: url='jdbc:h2:mem:2c05d367-a830-49ec-848d-341cfa1a47d3;DB_CLOSE_DELAY=-1;DB_CLOSE_ON_EXIT=false', username='sa'
2025-07-03T22:27:18.382+02:00  INFO 28097 --- [           main] o.hibernate.jpa.internal.util.LogHelper  : HHH000204: Processing PersistenceUnitInfo [name: default]
2025-07-03T22:27:18.383+02:00  INFO 28097 --- [           main] o.h.c.internal.RegionFactoryInitiator    : HHH000026: Second-level cache disabled
2025-07-03T22:27:18.385+02:00  INFO 28097 --- [           main] o.s.o.j.p.SpringPersistenceUnitInfo      : No LoadTimeWeaver setup: ignoring JPA class transformer
2025-07-03T22:27:18.386+02:00  WARN 28097 --- [           main] org.hibernate.orm.deprecation            : HHH90000025: H2Dialect does not need to be specified explicitly using 'hibernate.dialect' (remove the property setting and it will be selected by default)
2025-07-03T22:27:18.386+02:00  INFO 28097 --- [           main] org.hibernate.orm.connections.pooling    : HHH10001005: Database info:
	Database JDBC URL [Connecting through datasource 'org.springframework.jdbc.datasource.embedded.EmbeddedDatabaseFactory$EmbeddedDataSourceProxy@63f22d37']
	Database driver: undefined/unknown
	Database version: 2.3.232
	Autocommit mode: undefined/unknown
	Isolation level: undefined/unknown
	Minimum pool size: undefined/unknown
	Maximum pool size: undefined/unknown
2025-07-03T22:27:18.397+02:00  INFO 28097 --- [           main] o.h.e.t.j.p.i.JtaPlatformInitiator       : HHH000489: No JTA platform available (set 'hibernate.transaction.jta.platform' to enable JTA platform integration)
Hibernate: drop table if exists follows cascade 
Hibernate: drop table if exists likes cascade 
Hibernate: drop table if exists posts cascade 
Hibernate: drop table if exists users cascade 
Hibernate: create table follows (id bigint generated by default as identity, follower_username varchar(255) not null, following_username varchar(255) not null, primary key (id), unique (follower_username, following_username))
Hibernate: create table likes (id bigint generated by default as identity, post_id bigint not null, user_id bigint not null, primary key (id), unique (user_id, post_id))
Hibernate: create table posts (likes integer not null, id bigint generated by default as identity, timestamp timestamp(6) not null, user_id bigint not null, content varchar(280) not null, primary key (id))
Hibernate: create table users (id bigint generated by default as identity, bio varchar(500), email varchar(255) unique, full_name varchar(255), password varchar(255) not null, username varchar(255) not null unique, primary key (id))
Hibernate: alter table if exists likes add constraint FKry8tnr4x2vwemv2bb0h5hyl0x foreign key (post_id) references posts
Hibernate: alter table if exists likes add constraint FKnvx9seeqqyy71bij291pwiwrg foreign key (user_id) references users
Hibernate: alter table if exists posts add constraint FK5lidm6cqbc7u4xhqpxm898qme foreign key (user_id) references users
2025-07-03T22:27:18.400+02:00  INFO 28097 --- [           main] j.LocalContainerEntityManagerFactoryBean : Initialized JPA EntityManagerFactory for persistence unit 'default'
2025-07-03T22:27:18.429+02:00  WARN 28097 --- [           main] JpaBaseConfiguration$JpaWebConfiguration : spring.jpa.open-in-view is enabled by default. Therefore, database queries may be performed during view rendering. Explicitly configure spring.jpa.open-in-view to disable this warning
2025-07-03T22:27:18.432+02:00  INFO 28097 --- [           main] o.s.v.b.OptionalValidatorFactoryBean     : Failed to set up a Bean Validation provider: jakarta.validation.NoProviderFoundException: Unable to create a Configuration, because no Jakarta Bean Validation provider could be found. Add a provider like Hibernate Validator (RI) to your classpath.
2025-07-03T22:27:18.454+02:00  INFO 28097 --- [           main] o.s.b.t.m.w.SpringBootMockServletContext : Initializing Spring TestDispatcherServlet ''
2025-07-03T22:27:18.455+02:00  INFO 28097 --- [           main] o.s.t.web.servlet.TestDispatcherServlet  : Initializing Servlet ''
2025-07-03T22:27:18.455+02:00  INFO 28097 --- [           main] o.s.t.web.servlet.TestDispatcherServlet  : Completed initialization in 0 ms
2025-07-03T22:27:18.460+02:00  INFO 28097 --- [           main] c.e.mono_backend.PostControllerTest      : Started PostControllerTest in 0.146 seconds (process running for 4.671)
Hibernate: select p1_0.id,p1_0.user_id,p1_0.content,p1_0.likes,p1_0.timestamp from posts p1_0
Hibernate: select u1_0.id,u1_0.bio,u1_0.email,u1_0.full_name,u1_0.password,u1_0.username from users u1_0
Hibernate: insert into users (bio,email,full_name,password,username,id) values (?,?,?,?,?,default)
Hibernate: insert into users (bio,email,full_name,password,username,id) values (?,?,?,?,?,default)
Hibernate: insert into users (bio,email,full_name,password,username,id) values (?,?,?,?,?,default)
Hibernate: insert into posts (user_id,content,likes,timestamp,id) values (?,?,?,?,default)
Hibernate: insert into posts (user_id,content,likes,timestamp,id) values (?,?,?,?,default)
Hibernate: insert into posts (user_id,content,likes,timestamp,id) values (?,?,?,?,default)
Hibernate: select f1_0.id,f1_0.follower_username,f1_0.following_username from follows f1_0 where f1_0.follower_username=? and f1_0.following_username=?
Hibernate: insert into follows (follower_username,following_username,id) values (?,?,default)
[...]
Hibernate: create table likes (id bigint generated by default as identity, post_id bigint not null, user_id bigint not null, primary key (id), unique (user_id, post_id))
Hibernate: create table posts (likes integer not null, id bigint generated by default as identity, timestamp timestamp(6) not null, user_id bigint not null, content varchar(280) not null, primary key (id))
Hibernate: create table users (id bigint generated by default as identity, bio varchar(500), email varchar(255) unique, full_name varchar(255), password varchar(255) not null, username varchar(255) not null unique, primary key (id))
Hibernate: alter table if exists likes add constraint FKry8tnr4x2vwemv2bb0h5hyl0x foreign key (post_id) references posts
Hibernate: alter table if exists likes add constraint FKnvx9seeqqyy71bij291pwiwrg foreign key (user_id) references users
Hibernate: alter table if exists posts add constraint FK5lidm6cqbc7u4xhqpxm898qme foreign key (user_id) references users
2025-07-03T22:27:18.724+02:00  INFO 28097 --- [           main] j.LocalContainerEntityManagerFactoryBean : Initialized JPA EntityManagerFactory for persistence unit 'default'
2025-07-03T22:27:18.749+02:00  WARN 28097 --- [           main] JpaBaseConfiguration$JpaWebConfiguration : spring.jpa.open-in-view is enabled by default. Therefore, database queries may be performed during view rendering. Explicitly configure spring.jpa.open-in-view to disable this warning
2025-07-03T22:27:18.752+02:00  INFO 28097 --- [           main] o.s.v.b.OptionalValidatorFactoryBean     : Failed to set up a Bean Validation provider: jakarta.validation.NoProviderFoundException: Unable to create a Configuration, because no Jakarta Bean Validation provider could be found. Add a provider like Hibernate Validator (RI) to your classpath.
2025-07-03T22:27:18.776+02:00  INFO 28097 --- [           main] o.s.b.t.m.w.SpringBootMockServletContext : Initializing Spring TestDispatcherServlet ''
2025-07-03T22:27:18.776+02:00  INFO 28097 --- [           main] o.s.t.web.servlet.TestDispatcherServlet  : Initializing Servlet ''
2025-07-03T22:27:18.776+02:00  INFO 28097 --- [           main] o.s.t.web.servlet.TestDispatcherServlet  : Completed initialization in 0 ms
2025-07-03T22:27:18.779+02:00  INFO 28097 --- [           main] c.e.mono_backend.PostControllerTest      : Started PostControllerTest in 0.135 seconds (process running for 4.99)
Hibernate: select p1_0.id,p1_0.user_id,p1_0.content,p1_0.likes,p1_0.timestamp from posts p1_0
Hibernate: select u1_0.id,u1_0.bio,u1_0.email,u1_0.full_name,u1_0.password,u1_0.username from users u1_0
Hibernate: insert into users (bio,email,full_name,password,username,id) values (?,?,?,?,?,default)
Hibernate: insert into posts (user_id,content,likes,timestamp,id) values (?,?,?,?,default)
Hibernate: select p1_0.id,p1_0.user_id,p1_0.content,p1_0.likes,p1_0.timestamp from posts p1_0
Hibernate: select u1_0.id,u1_0.bio,u1_0.email,u1_0.full_name,u1_0.password,u1_0.username from users u1_0 where u1_0.username=?
Hibernate: select l1_0.id,l1_0.post_id,l1_0.user_id from likes l1_0 where l1_0.user_id=? and l1_0.post_id=?
2025-07-03T22:27:18.790+02:00  INFO 28097 --- [           main] j.LocalContainerEntityManagerFactoryBean : Closing JPA EntityManagerFactory for persistence unit 'default'
Hibernate: drop table if exists follows cascade 
Hibernate: drop table if exists likes cascade 
Hibernate: drop table if exists posts cascade 
Hibernate: drop table if exists users cascade 
]]></system-out>
  </testcase>
  <testcase name="testDeletePost" classname="com.example.mono_backend.PostControllerTest" time="0.014">
    <system-out><![CDATA[
  .   ____          _            __ _ _
 /\\ / ___'_ __ _ _(_)_ __  __ _ \ \ \ \
( ( )\___ | '_ | '_| | '_ \/ _` | \ \ \ \
 \\/  ___)| |_)| | | | | || (_| |  ) ) ) )
  '  |____| .__|_| |_|_| |_\__, | / / / /
 =========|_|==============|___/=/_/_/_/

 :: Spring Boot ::                (v3.4.5)

2025-07-03T22:27:18.798+02:00  INFO 28097 --- [           main] c.e.mono_backend.PostControllerTest      : Starting PostControllerTest using Java 23.0.2 with PID 28097 (started by efeisildar in /Users/efeisildar/ics-wtp-mono/mono-backend)
2025-07-03T22:27:18.798+02:00  INFO 28097 --- [           main] c.e.mono_backend.PostControllerTest      : The following 1 profile is active: "test"
2025-07-03T22:27:18.828+02:00  INFO 28097 --- [           main] .s.d.r.c.RepositoryConfigurationDelegate : Bootstrapping Spring Data JPA repositories in DEFAULT mode.
2025-07-03T22:27:18.830+02:00  INFO 28097 --- [           main] .s.d.r.c.RepositoryConfigurationDelegate : Finished Spring Data repository scanning in 1 ms. Found 4 JPA repository interfaces.
2025-07-03T22:27:18.845+02:00  INFO 28097 --- [           main] beddedDataSourceBeanFactoryPostProcessor : Replacing 'dataSource' DataSource bean with embedded version
2025-07-03T22:27:18.850+02:00  INFO 28097 --- [           main] o.s.j.d.e.EmbeddedDatabaseFactory        : Starting embedded database: url='jdbc:h2:mem:c5c23667-530e-4f05-b961-1fc447d5d37b;DB_CLOSE_DELAY=-1;DB_CLOSE_ON_EXIT=false', username='sa'
2025-07-03T22:27:18.854+02:00  INFO 28097 --- [           main] o.hibernate.jpa.internal.util.LogHelper  : HHH000204: Processing PersistenceUnitInfo [name: default]
2025-07-03T22:27:18.854+02:00  INFO 28097 --- [           main] o.h.c.internal.RegionFactoryInitiator    : HHH000026: Second-level cache disabled
2025-07-03T22:27:18.857+02:00  INFO 28097 --- [           main] o.s.o.j.p.SpringPersistenceUnitInfo      : No LoadTimeWeaver setup: ignoring JPA class transformer
2025-07-03T22:27:18.857+02:00  WARN 28097 --- [           main] org.hibernate.orm.deprecation            : HHH90000025: H2Dialect does not need to be specified explicitly using 'hibernate.dialect' (remove the property setting and it will be selected by default)
2025-07-03T22:27:18.857+02:00  INFO 28097 --- [           main] org.hibernate.orm.connections.pooling    : HHH10001005: Database info:
	Database JDBC URL [Connecting through datasource 'org.springframework.jdbc.datasource.embedded.EmbeddedDatabaseFactory$EmbeddedDataSourceProxy@1c8d42d6']
	Database driver: undefined/unknown
	Database version: 2.3.232
	Autocommit mode: undefined/unknown
	Isolation level: undefined/unknown
	Minimum pool size: undefined/unknown
	Maximum pool size: undefined/unknown
2025-07-03T22:27:18.867+02:00  INFO 28097 --- [           main] o.h.e.t.j.p.i.JtaPlatformInitiator       : HHH000489: No JTA platform available (set 'hibernate.transaction.jta.platform' to enable JTA platform integration)
Hibernate: drop table if exists follows cascade 
Hibernate: drop table if exists likes cascade 
Hibernate: drop table if exists posts cascade 
Hibernate: drop table if exists users cascade 
Hibernate: create table follows (id bigint generated by default as identity, follower_username varchar(255) not null, following_username varchar(255) not null, primary key (id), unique (follower_username, following_username))
Hibernate: create table likes (id bigint generated by default as identity, post_id bigint not null, user_id bigint not null, primary key (id), unique (user_id, post_id))
Hibernate: create table posts (likes integer not null, id bigint generated by default as identity, timestamp timestamp(6) not null, user_id bigint not null, content varchar(280) not null, primary key (id))
Hibernate: create table users (id bigint generated by default as identity, bio varchar(500), email varchar(255) unique, full_name varchar(255), password varchar(255) not null, username varchar(255) not null unique, primary key (id))
Hibernate: alter table if exists likes add constraint FKry8tnr4x2vwemv2bb0h5hyl0x foreign key (post_id) references posts
Hibernate: alter table if exists likes add constraint FKnvx9seeqqyy71bij291pwiwrg foreign key (user_id) references users
Hibernate: alter table if exists posts add constraint FK5lidm6cqbc7u4xhqpxm898qme foreign key (user_id) references users
2025-07-03T22:27:18.870+02:00  INFO 28097 --- [           main] j.LocalContainerEntityManagerFactoryBean : Initialized JPA EntityManagerFactory for persistence unit 'default'
2025-07-03T22:27:18.896+02:00  WARN 28097 --- [           main] JpaBaseConfiguration$JpaWebConfiguration : spring.jpa.open-in-view is enabled by default. Therefore, database queries may be performed during view rendering. Explicitly configure spring.jpa.open-in-view to disable this warning
2025-07-03T22:27:18.900+02:00  INFO 28097 --- [           main] o.s.v.b.OptionalValidatorFactoryBean     : Failed to set up a Bean Validation provider: jakarta.validation.NoProviderFoundException: Unable to create a Configuration, because no Jakarta Bean Validation provider could be found. Add a provider like Hibernate Validator (RI) to your classpath.
2025-07-03T22:27:18.923+02:00  INFO 28097 --- [           main] o.s.b.t.m.w.SpringBootMockServletContext : Initializing Spring TestDispatcherServlet ''
2025-07-03T22:27:18.923+02:00  INFO 28097 --- [           main] o.s.t.web.servlet.TestDispatcherServlet  : Initializing Servlet ''
2025-07-03T22:27:18.923+02:00  INFO 28097 --- [           main] o.s.t.web.servlet.TestDispatcherServlet  : Completed initialization in 0 ms
2025-07-03T22:27:18.926+02:00  INFO 28097 --- [           main] c.e.mono_backend.PostControllerTest      : Started PostControllerTest in 0.134 seconds (process running for 5.137)
Hibernate: select p1_0.id,p1_0.user_id,p1_0.content,p1_0.likes,p1_0.timestamp from posts p1_0
Hibernate: select u1_0.id,u1_0.bio,u1_0.email,u1_0.full_name,u1_0.password,u1_0.username from users u1_0
Hibernate: insert into users (bio,email,full_name,password,username,id) values (?,?,?,?,?,default)
Hibernate: insert into posts (user_id,content,likes,timestamp,id) values (?,?,?,?,default)
Hibernate: select p1_0.id,p1_0.user_id,p1_0.content,p1_0.likes,p1_0.timestamp from posts p1_0 where p1_0.id=?
Hibernate: select u1_0.id,u1_0.bio,u1_0.email,u1_0.full_name,u1_0.password,u1_0.username from users u1_0 where u1_0.id=?
Hibernate: select l1_0.id,l1_0.post_id,l1_0.user_id from likes l1_0 where l1_0.post_id=?
Hibernate: delete from posts where id=?
2025-07-03T22:27:18.940+02:00  INFO 28097 --- [           main] j.LocalContainerEntityManagerFactoryBean : Closing JPA EntityManagerFactory for persistence unit 'default'
Hibernate: drop table if exists follows cascade 
Hibernate: drop table if exists likes cascade 
Hibernate: drop table if exists posts cascade 
Hibernate: drop table if exists users cascade 
]]></system-out>
  </testcase>
  <testcase name="testGetAllPosts_noParams_returnsAllPosts" classname="com.example.mono_backend.PostControllerTest" time="0.016">
    <failure message="JSON path &quot;$[0].content&quot; expected:&lt;B&gt; but was:&lt;A&gt;" type="java.lang.AssertionError"><![CDATA[java.lang.AssertionError: JSON path "$[0].content" expected:<B> but was:<A>
	at org.springframework.test.util.AssertionErrors.fail(AssertionErrors.java:61)
	at org.springframework.test.util.AssertionErrors.assertEquals(AssertionErrors.java:128)
	at org.springframework.test.util.JsonPathExpectationsHelper.assertValue(JsonPathExpectationsHelper.java:172)
	at org.springframework.test.web.servlet.result.JsonPathResultMatchers.lambda$value$2(JsonPathResultMatchers.java:112)
	at org.springframework.test.web.servlet.MockMvc$1.andExpect(MockMvc.java:214)
	at com.example.mono_backend.PostControllerTest.testGetAllPosts_noParams_returnsAllPosts(PostControllerTest.java:208)
	at java.base/java.lang.reflect.Method.invoke(Method.java:580)
	at java.base/java.util.ArrayList.forEach(ArrayList.java:1597)
	at java.base/java.util.ArrayList.forEach(ArrayList.java:1597)
]]></failure>
    <system-out><![CDATA[
  .   ____          _            __ _ _
 /\\ / ___'_ __ _ _(_)_ __  __ _ \ \ \ \
( ( )\___ | '_ | '_| | '_ \/ _` | \ \ \ \
 \\/  ___)| |_)| | | | | || (_| |  ) ) ) )
  '  |____| .__|_| |_|_| |_\__, | / / / /
 =========|_|==============|___/=/_/_/_/

 :: Spring Boot ::                (v3.4.5)

2025-07-03T22:27:18.948+02:00  INFO 28097 --- [           main] c.e.mono_backend.PostControllerTest      : Starting PostControllerTest using Java 23.0.2 with PID 28097 (started by efeisildar in /Users/efeisildar/ics-wtp-mono/mono-backend)
2025-07-03T22:27:18.948+02:00  INFO 28097 --- [           main] c.e.mono_backend.PostControllerTest      : The following 1 profile is active: "test"
2025-07-03T22:27:18.979+02:00  INFO 28097 --- [           main] .s.d.r.c.RepositoryConfigurationDelegate : Bootstrapping Spring Data JPA repositories in DEFAULT mode.
2025-07-03T22:27:18.981+02:00  INFO 28097 --- [           main] .s.d.r.c.RepositoryConfigurationDelegate : Finished Spring Data repository scanning in 1 ms. Found 4 JPA repository interfaces.
2025-07-03T22:27:18.998+02:00  INFO 28097 --- [           main] beddedDataSourceBeanFactoryPostProcessor : Replacing 'dataSource' DataSource bean with embedded version
2025-07-03T22:27:19.003+02:00  INFO 28097 --- [           main] o.s.j.d.e.EmbeddedDatabaseFactory        : Starting embedded database: url='jdbc:h2:mem:b606d7ef-c1b5-44f7-9636-02397b1077f0;DB_CLOSE_DELAY=-1;DB_CLOSE_ON_EXIT=false', username='sa'
2025-07-03T22:27:19.011+02:00  INFO 28097 --- [           main] o.hibernate.jpa.internal.util.LogHelper  : HHH000204: Processing PersistenceUnitInfo [name: default]
2025-07-03T22:27:19.011+02:00  INFO 28097 --- [           main] o.h.c.internal.RegionFactoryInitiator    : HHH000026: Second-level cache disabled
2025-07-03T22:27:19.014+02:00  INFO 28097 --- [           main] o.s.o.j.p.SpringPersistenceUnitInfo      : No LoadTimeWeaver setup: ignoring JPA class transformer
2025-07-03T22:27:19.014+02:00  WARN 28097 --- [           main] org.hibernate.orm.deprecation            : HHH90000025: H2Dialect does not need to be specified explicitly using 'hibernate.dialect' (remove the property setting and it will be selected by default)
2025-07-03T22:27:19.014+02:00  INFO 28097 --- [           main] org.hibernate.orm.connections.pooling    : HHH10001005: Database info:
	Database JDBC URL [Connecting through datasource 'org.springframework.jdbc.datasource.embedded.EmbeddedDatabaseFactory$EmbeddedDataSourceProxy@46d9fd65']
	Database driver: undefined/unknown
	Database version: 2.3.232
	Autocommit mode: undefined/unknown
	Isolation level: undefined/unknown
	Minimum pool size: undefined/unknown
	Maximum pool size: undefined/unknown
2025-07-03T22:27:19.026+02:00  INFO 28097 --- [           main] o.h.e.t.j.p.i.JtaPlatformInitiator       : HHH000489: No JTA platform available (set 'hibernate.transaction.jta.platform' to enable JTA platform integration)
Hibernate: drop table if exists follows cascade 
Hibernate: drop table if exists likes cascade 
Hibernate: drop table if exists posts cascade 
Hibernate: drop table if exists users cascade 
Hibernate: create table follows (id bigint generated by default as identity, follower_username varchar(255) not null, following_username varchar(255) not null, primary key (id), unique (follower_username, following_username))
Hibernate: create table likes (id bigint generated by default as identity, post_id bigint not null, user_id bigint not null, primary key (id), unique (user_id, post_id))
Hibernate: create table posts (likes integer not null, id bigint generated by default as identity, timestamp timestamp(6) not null, user_id bigint not null, content varchar(280) not null, primary key (id))
Hibernate: create table users (id bigint generated by default as identity, bio varchar(500), email varchar(255) unique, full_name varchar(255), password varchar(255) not null, username varchar(255) not null unique, primary key (id))
Hibernate: alter table if exists likes add constraint FKry8tnr4x2vwemv2bb0h5hyl0x foreign key (post_id) references posts
Hibernate: alter table if exists likes add constraint FKnvx9seeqqyy71bij291pwiwrg foreign key (user_id) references users
Hibernate: alter table if exists posts add constraint FK5lidm6cqbc7u4xhqpxm898qme foreign key (user_id) references users
2025-07-03T22:27:19.028+02:00  INFO 28097 --- [           main] j.LocalContainerEntityManagerFactoryBean : Initialized JPA EntityManagerFactory for persistence unit 'default'
2025-07-03T22:27:19.054+02:00  WARN 28097 --- [           main] JpaBaseConfiguration$JpaWebConfiguration : spring.jpa.open-in-view is enabled by default. Therefore, database queries may be performed during view rendering. Explicitly configure spring.jpa.open-in-view to disable this warning
2025-07-03T22:27:19.057+02:00  INFO 28097 --- [           main] o.s.v.b.OptionalValidatorFactoryBean     : Failed to set up a Bean Validation provider: jakarta.validation.NoProviderFoundException: Unable to create a Configuration, because no Jakarta Bean Validation provider could be found. Add a provider like Hibernate Validator (RI) to your classpath.
2025-07-03T22:27:19.078+02:00  INFO 28097 --- [           main] o.s.b.t.m.w.SpringBootMockServletContext : Initializing Spring TestDispatcherServlet ''
2025-07-03T22:27:19.079+02:00  INFO 28097 --- [           main] o.s.t.web.servlet.TestDispatcherServlet  : Initializing Servlet ''
2025-07-03T22:27:19.079+02:00  INFO 28097 --- [           main] o.s.t.web.servlet.TestDispatcherServlet  : Completed initialization in 0 ms
2025-07-03T22:27:19.081+02:00  INFO 28097 --- [           main] c.e.mono_backend.PostControllerTest      : Started PostControllerTest in 0.14 seconds (process running for 5.292)
Hibernate: select p1_0.id,p1_0.user_id,p1_0.content,p1_0.likes,p1_0.timestamp from posts p1_0
Hibernate: select u1_0.id,u1_0.bio,u1_0.email,u1_0.full_name,u1_0.password,u1_0.username from users u1_0
Hibernate: insert into users (bio,email,full_name,password,username,id) values (?,?,?,?,?,default)
Hibernate: insert into users (bio,email,full_name,password,username,id) values (?,?,?,?,?,default)
Hibernate: insert into posts (user_id,content,likes,timestamp,id) values (?,?,?,?,default)
Hibernate: insert into posts (user_id,content,likes,timestamp,id) values (?,?,?,?,default)
Hibernate: select p1_0.id,p1_0.user_id,p1_0.content,p1_0.likes,p1_0.timestamp from posts p1_0
Hibernate: select u1_0.id,u1_0.bio,u1_0.email,u1_0.full_name,u1_0.password,u1_0.username from users u1_0 where u1_0.id=?
Hibernate: select u1_0.id,u1_0.bio,u1_0.email,u1_0.full_name,u1_0.password,u1_0.username from users u1_0 where u1_0.id=?

MockHttpServletRequest:
      HTTP Method = GET
      Request URI = /api/posts
       Parameters = {}
          Headers = []
             Body = null
    Session Attrs = {}

Handler:
             Type = com.example.mono_backend.controllers.PostController
           Method = com.example.mono_backend.controllers.PostController#getPosts(String, String)

Async:
    Async started = false
     Async result = null

Resolved Exception:
             Type = null

ModelAndView:
        View name = null
             View = null
            Model = null

FlashMap:
       Attributes = null

MockHttpServletResponse:
           Status = 200
    Error message = null
          Headers = [Vary:"Origin", "Access-Control-Request-Method", "Access-Control-Request-Headers", Content-Type:"application/json"]
     Content type = application/json
             Body = [{"id":1,"username":"travis","content":"A","likes":0,"timestamp":"2025-07-03T22:25:19.088034","likedByUser":false},{"id":2,"username":"holly","content":"B","likes":0,"timestamp":"2025-07-03T22:26:19.088746","likedByUser":false}]
    Forwarded URL = null
   Redirected URL = null
          Cookies = []
2025-07-03T22:27:19.095+02:00  INFO 28097 --- [           main] j.LocalContainerEntityManagerFactoryBean : Closing JPA EntityManagerFactory for persistence unit 'default'
Hibernate: drop table if exists follows cascade 
Hibernate: drop table if exists likes cascade 
Hibernate: drop table if exists posts cascade 
Hibernate: drop table if exists users cascade 
]]></system-out>
  </testcase>
</testsuite>