<?xml version="1.0" encoding="UTF-8"?>
<testsuite xmlns:xsi="http://www.w3.org/2001/XMLSchema-instance" xsi:noNamespaceSchemaLocation="https://maven.apache.org/surefire/maven-surefire-plugin/xsd/surefire-test-report.xsd" version="3.0.2" name="com.example.mono_backend.ControllerTest" time="5.922" tests="23" errors="0" skipped="0" failures="0">
  <properties>
[...]
</properties>
  <testcase name="testLoginUser_success" classname="com.example.mono_backend.ControllerTest" time="0.403">
    <system-out><![CDATA[14:15:58.239 [main] INFO org.springframework.test.context.support.AnnotationConfigContextLoaderUtils -- Could not detect default configuration classes for test class [com.example.mono_backend.ControllerTest]: ControllerTest does not declare any static, non-private, non-final, nested classes annotated with @Configuration.
14:15:58.298 [main] INFO org.springframework.boot.test.context.SpringBootTestContextBootstrapper -- Found @SpringBootConfiguration com.example.mono_backend.MonoBackendApplication for test class com.example.mono_backend.ControllerTest

  .   ____          _            __ _ _
 /\\ / ___'_ __ _ _(_)_ __  __ _ \ \ \ \
( ( )\___ | '_ | '_| | '_ \/ _` | \ \ \ \
 \\/  ___)| |_)| | | | | || (_| |  ) ) ) )
  '  |____| .__|_| |_|_| |_\__, | / / / /
 =========|_|==============|___/=/_/_/_/

 :: Spring Boot ::                (v3.4.5)

2025-07-04T14:15:58.477+02:00  INFO 78813 --- [           main] c.example.mono_backend.ControllerTest    : Starting ControllerTest using Java 23.0.2 with PID 78813 (started by efeisildar in /Users/efeisildar/ics-wtp-mono/mono-backend)
2025-07-04T14:15:58.478+02:00  INFO 78813 --- [           main] c.example.mono_backend.ControllerTest    : The following 1 profile is active: "test"
2025-07-04T14:15:58.741+02:00  INFO 78813 --- [           main] .s.d.r.c.RepositoryConfigurationDelegate : Bootstrapping Spring Data JPA repositories in DEFAULT mode.
2025-07-04T14:15:58.759+02:00  INFO 78813 --- [           main] .s.d.r.c.RepositoryConfigurationDelegate : Finished Spring Data repository scanning in 14 ms. Found 4 JPA repository interfaces.
2025-07-04T14:15:58.890+02:00  INFO 78813 --- [           main] beddedDataSourceBeanFactoryPostProcessor : Replacing 'dataSource' DataSource bean with embedded version
2025-07-04T14:15:58.975+02:00  INFO 78813 --- [           main] o.s.j.d.e.EmbeddedDatabaseFactory        : Starting embedded database: url='jdbc:h2:mem:4fa1b70c-bd83-4c2d-aefd-64bf2d537716;DB_CLOSE_DELAY=-1;DB_CLOSE_ON_EXIT=false', username='sa'
2025-07-04T14:15:59.108+02:00  INFO 78813 --- [           main] o.hibernate.jpa.internal.util.LogHelper  : HHH000204: Processing PersistenceUnitInfo [name: default]
2025-07-04T14:15:59.138+02:00  INFO 78813 --- [           main] org.hibernate.Version                    : HHH000412: Hibernate ORM core version 6.6.13.Final
2025-07-04T14:15:59.157+02:00  INFO 78813 --- [           main] o.h.c.internal.RegionFactoryInitiator    : HHH000026: Second-level cache disabled
2025-07-04T14:15:59.269+02:00  INFO 78813 --- [           main] o.s.o.j.p.SpringPersistenceUnitInfo      : No LoadTimeWeaver setup: ignoring JPA class transformer
2025-07-04T14:15:59.291+02:00  WARN 78813 --- [           main] org.hibernate.orm.deprecation            : HHH90000025: H2Dialect does not need to be specified explicitly using 'hibernate.dialect' (remove the property setting and it will be selected by default)
2025-07-04T14:15:59.299+02:00  INFO 78813 --- [           main] org.hibernate.orm.connections.pooling    : HHH10001005: Database info:
	Database JDBC URL [Connecting through datasource 'org.springframework.jdbc.datasource.embedded.EmbeddedDatabaseFactory$EmbeddedDataSourceProxy@1ad1be5d']
	Database driver: undefined/unknown
	Database version: 2.3.232
	Autocommit mode: undefined/unknown
	Isolation level: undefined/unknown
	Minimum pool size: undefined/unknown
	Maximum pool size: undefined/unknown
2025-07-04T14:15:59.647+02:00  INFO 78813 --- [           main] o.h.e.t.j.p.i.JtaPlatformInitiator       : HHH000489: No JTA platform available (set 'hibernate.transaction.jta.platform' to enable JTA platform integration)
Hibernate: drop table if exists follows cascade 
Hibernate: drop table if exists likes cascade 
Hibernate: drop table if exists posts cascade 
Hibernate: drop table if exists users cascade 
Hibernate: create table follows (id bigint generated by default as identity, follower_username varchar(255) not null, following_username varchar(255) not null, primary key (id), unique (follower_username, following_username))
Hibernate: create table likes (id bigint generated by default as identity, post_id bigint not null, user_id bigint not null, primary key (id), unique (user_id, post_id))
Hibernate: create table posts (likes integer not null, id bigint generated by default as identity, timestamp timestamp(6) not null, user_id bigint not null, content varchar(300) not null, primary key (id))
Hibernate: create table users (id bigint generated by default as identity, bio varchar(500), email varchar(255) unique, full_name varchar(255), password varchar(255) not null, username varchar(255) not null unique, primary key (id))
Hibernate: alter table if exists likes add constraint FKry8tnr4x2vwemv2bb0h5hyl0x foreign key (post_id) references posts
Hibernate: alter table if exists likes add constraint FKnvx9seeqqyy71bij291pwiwrg foreign key (user_id) references users
Hibernate: alter table if exists posts add constraint FK5lidm6cqbc7u4xhqpxm898qme foreign key (user_id) references users
2025-07-04T14:15:59.669+02:00  INFO 78813 --- [           main] j.LocalContainerEntityManagerFactoryBean : Initialized JPA EntityManagerFactory for persistence unit 'default'
2025-07-04T14:15:59.926+02:00  WARN 78813 --- [           main] JpaBaseConfiguration$JpaWebConfiguration : spring.jpa.open-in-view is enabled by default. Therefore, database queries may be performed during view rendering. Explicitly configure spring.jpa.open-in-view to disable this warning
2025-07-04T14:15:59.946+02:00  INFO 78813 --- [           main] o.s.v.b.OptionalValidatorFactoryBean     : Failed to set up a Bean Validation provider: jakarta.validation.NoProviderFoundException: Unable to create a Configuration, because no Jakarta Bean Validation provider could be found. Add a provider like Hibernate Validator (RI) to your classpath.
2025-07-04T14:16:00.118+02:00  INFO 78813 --- [           main] o.s.b.t.m.w.SpringBootMockServletContext : Initializing Spring TestDispatcherServlet ''
2025-07-04T14:16:00.118+02:00  INFO 78813 --- [           main] o.s.t.web.servlet.TestDispatcherServlet  : Initializing Servlet ''
2025-07-04T14:16:00.119+02:00  INFO 78813 --- [           main] o.s.t.web.servlet.TestDispatcherServlet  : Completed initialization in 1 ms
2025-07-04T14:16:00.133+02:00  INFO 78813 --- [           main] c.example.mono_backend.ControllerTest    : Started ControllerTest in 1.775 seconds (process running for 2.211)
Hibernate: select p1_0.id,p1_0.user_id,p1_0.content,p1_0.likes,p1_0.timestamp from posts p1_0
Hibernate: select u1_0.id,u1_0.bio,u1_0.email,u1_0.full_name,u1_0.password,u1_0.username from users u1_0
Hibernate: insert into users (bio,email,full_name,password,username,id) values (?,?,?,?,?,default)
Hibernate: select u1_0.id,u1_0.bio,u1_0.email,u1_0.full_name,u1_0.password,u1_0.username from users u1_0 where u1_0.username=?
2025-07-04T14:16:00.536+02:00  INFO 78813 --- [           main] j.LocalContainerEntityManagerFactoryBean : Closing JPA EntityManagerFactory for persistence unit 'default'
Hibernate: drop table if exists follows cascade 
Hibernate: drop table if exists likes cascade 
Hibernate: drop table if exists posts cascade 
Hibernate: drop table if exists users cascade 
]]></system-out>
    <system-err><![CDATA[Mockito is currently self-attaching to enable the inline-mock-maker. This will no longer work in future releases of the JDK. Please add Mockito as an agent to your build what is described in Mockito's documentation: https://javadoc.io/doc/org.mockito/mockito-core/latest/org/mockito/Mockito.html#0.3
WARNING: A Java agent has been loaded dynamically (/Users/efeisildar/.m2/repository/net/bytebuddy/byte-buddy-agent/1.15.11/byte-buddy-agent-1.15.11.jar)
WARNING: If a serviceability tool is in use, please run with -XX:+EnableDynamicAgentLoading to hide this warning
WARNING: If a serviceability tool is not in use, please run with -Djdk.instrument.traceUsage for more information
WARNING: Dynamic loading of agents will be disallowed by default in a future release
]]></system-err>
  </testcase>
  <testcase name="testCannotLikeOwnPost_returns400" classname="com.example.mono_backend.ControllerTest" time="0.02">
    <system-out><![CDATA[
  .   ____          _            __ _ _
 /\\ / ___'_ __ _ _(_)_ __  __ _ \ \ \ \
( ( )\___ | '_ | '_| | '_ \/ _` | \ \ \ \
 \\/  ___)| |_)| | | | | || (_| |  ) ) ) )
  '  |____| .__|_| |_|_| |_\__, | / / / /
 =========|_|==============|___/=/_/_/_/

 :: Spring Boot ::                (v3.4.5)

2025-07-04T14:16:00.554+02:00  INFO 78813 --- [           main] c.example.mono_backend.ControllerTest    : Starting ControllerTest using Java 23.0.2 with PID 78813 (started by efeisildar in /Users/efeisildar/ics-wtp-mono/mono-backend)
2025-07-04T14:16:00.554+02:00  INFO 78813 --- [           main] c.example.mono_backend.ControllerTest    : The following 1 profile is active: "test"
2025-07-04T14:16:00.599+02:00  INFO 78813 --- [           main] .s.d.r.c.RepositoryConfigurationDelegate : Bootstrapping Spring Data JPA repositories in DEFAULT mode.
2025-07-04T14:16:00.602+02:00  INFO 78813 --- [           main] .s.d.r.c.RepositoryConfigurationDelegate : Finished Spring Data repository scanning in 2 ms. Found 4 JPA repository interfaces.
2025-07-04T14:16:00.633+02:00  INFO 78813 --- [           main] beddedDataSourceBeanFactoryPostProcessor : Replacing 'dataSource' DataSource bean with embedded version
2025-07-04T14:16:00.641+02:00  INFO 78813 --- [           main] o.s.j.d.e.EmbeddedDatabaseFactory        : Starting embedded database: url='jdbc:h2:mem:ddde298b-95ed-41d7-bed2-298b53237489;DB_CLOSE_DELAY=-1;DB_CLOSE_ON_EXIT=false', username='sa'
2025-07-04T14:16:00.648+02:00  INFO 78813 --- [           main] o.hibernate.jpa.internal.util.LogHelper  : HHH000204: Processing PersistenceUnitInfo [name: default]
2025-07-04T14:16:00.650+02:00  INFO 78813 --- [           main] o.h.c.internal.RegionFactoryInitiator    : HHH000026: Second-level cache disabled
2025-07-04T14:16:00.654+02:00  INFO 78813 --- [           main] o.s.o.j.p.SpringPersistenceUnitInfo      : No LoadTimeWeaver setup: ignoring JPA class transformer
2025-07-04T14:16:00.655+02:00  WARN 78813 --- [           main] org.hibernate.orm.deprecation            : HHH90000025: H2Dialect does not need to be specified explicitly using 'hibernate.dialect' (remove the property setting and it will be selected by default)
2025-07-04T14:16:00.655+02:00  INFO 78813 --- [           main] org.hibernate.orm.connections.pooling    : HHH10001005: Database info:
	Database JDBC URL [Connecting through datasource 'org.springframework.jdbc.datasource.embedded.EmbeddedDatabaseFactory$EmbeddedDataSourceProxy@3aede2ff']
	Database driver: undefined/unknown
	Database version: 2.3.232
	Autocommit mode: undefined/unknown
	Isolation level: undefined/unknown
	Minimum pool size: undefined/unknown
	Maximum pool size: undefined/unknown
2025-07-04T14:16:00.670+02:00  INFO 78813 --- [           main] o.h.e.t.j.p.i.JtaPlatformInitiator       : HHH000489: No JTA platform available (set 'hibernate.transaction.jta.platform' to enable JTA platform integration)
Hibernate: drop table if exists follows cascade 
Hibernate: drop table if exists likes cascade 
Hibernate: drop table if exists posts cascade 
Hibernate: drop table if exists users cascade 
Hibernate: create table follows (id bigint generated by default as identity, follower_username varchar(255) not null, following_username varchar(255) not null, primary key (id), unique (follower_username, following_username))
Hibernate: create table likes (id bigint generated by default as identity, post_id bigint not null, user_id bigint not null, primary key (id), unique (user_id, post_id))
Hibernate: create table posts (likes integer not null, id bigint generated by default as identity, timestamp timestamp(6) not null, user_id bigint not null, content varchar(300) not null, primary key (id))
Hibernate: create table users (id bigint generated by default as identity, bio varchar(500), email varchar(255) unique, full_name varchar(255), password varchar(255) not null, username varchar(255) not null unique, primary key (id))
Hibernate: alter table if exists likes add constraint FKry8tnr4x2vwemv2bb0h5hyl0x foreign key (post_id) references posts
Hibernate: alter table if exists likes add constraint FKnvx9seeqqyy71bij291pwiwrg foreign key (user_id) references users
Hibernate: alter table if exists posts add constraint FK5lidm6cqbc7u4xhqpxm898qme foreign key (user_id) references users
2025-07-04T14:16:00.675+02:00  INFO 78813 --- [           main] j.LocalContainerEntityManagerFactoryBean : Initialized JPA EntityManagerFactory for persistence unit 'default'
2025-07-04T14:16:00.719+02:00  WARN 78813 --- [           main] JpaBaseConfiguration$JpaWebConfiguration : spring.jpa.open-in-view is enabled by default. Therefore, database queries may be performed during view rendering. Explicitly configure spring.jpa.open-in-view to disable this warning
2025-07-04T14:16:00.724+02:00  INFO 78813 --- [           main] o.s.v.b.OptionalValidatorFactoryBean     : Failed to set up a Bean Validation provider: jakarta.validation.NoProviderFoundException: Unable to create a Configuration, because no Jakarta Bean Validation provider could be found. Add a provider like Hibernate Validator (RI) to your classpath.
2025-07-04T14:16:00.761+02:00  INFO 78813 --- [           main] o.s.b.t.m.w.SpringBootMockServletContext : Initializing Spring TestDispatcherServlet ''
2025-07-04T14:16:00.761+02:00  INFO 78813 --- [           main] o.s.t.web.servlet.TestDispatcherServlet  : Initializing Servlet ''
2025-07-04T14:16:00.762+02:00  INFO 78813 --- [           main] o.s.t.web.servlet.TestDispatcherServlet  : Completed initialization in 1 ms
2025-07-04T14:16:00.765+02:00  INFO 78813 --- [           main] c.example.mono_backend.ControllerTest    : Started ControllerTest in 0.223 seconds (process running for 2.843)
Hibernate: select p1_0.id,p1_0.user_id,p1_0.content,p1_0.likes,p1_0.timestamp from posts p1_0
Hibernate: select u1_0.id,u1_0.bio,u1_0.email,u1_0.full_name,u1_0.password,u1_0.username from users u1_0
Hibernate: insert into users (bio,email,full_name,password,username,id) values (?,?,?,?,?,default)
Hibernate: insert into posts (user_id,content,likes,timestamp,id) values (?,?,?,?,default)
Hibernate: select u1_0.id,u1_0.bio,u1_0.email,u1_0.full_name,u1_0.password,u1_0.username from users u1_0 where u1_0.username=?
Hibernate: select p1_0.id,p1_0.user_id,p1_0.content,p1_0.likes,p1_0.timestamp from posts p1_0 where p1_0.id=?
2025-07-04T14:16:00.784+02:00  INFO 78813 --- [           main] j.LocalContainerEntityManagerFactoryBean : Closing JPA EntityManagerFactory for persistence unit 'default'
Hibernate: drop table if exists follows cascade 
Hibernate: drop table if exists likes cascade 
Hibernate: drop table if exists posts cascade 
Hibernate: drop table if exists users cascade 
]]></system-out>
  </testcase>
  <testcase name="testGetLikedIds" classname="com.example.mono_backend.ControllerTest" time="0.067">
    <system-out><![CDATA[
  .   ____          _            __ _ _
 /\\ / ___'_ __ _ _(_)_ __  __ _ \ \ \ \
( ( )\___ | '_ | '_| | '_ \/ _` | \ \ \ \
 \\/  ___)| |_)| | | | | || (_| |  ) ) ) )
  '  |____| .__|_| |_|_| |_\__, | / / / /
 =========|_|==============|___/=/_/_/_/

 :: Spring Boot ::                (v3.4.5)

2025-07-04T14:16:00.795+02:00  INFO 78813 --- [           main] c.example.mono_backend.ControllerTest    : Starting ControllerTest using Java 23.0.2 with PID 78813 (started by efeisildar in /Users/efeisildar/ics-wtp-mono/mono-backend)
2025-07-04T14:16:00.795+02:00  INFO 78813 --- [           main] c.example.mono_backend.ControllerTest    : The following 1 profile is active: "test"
2025-07-04T14:16:00.840+02:00  INFO 78813 --- [           main] .s.d.r.c.RepositoryConfigurationDelegate : Bootstrapping Spring Data JPA repositories in DEFAULT mode.
2025-07-04T14:16:00.842+02:00  INFO 78813 --- [           main] .s.d.r.c.RepositoryConfigurationDelegate : Finished Spring Data repository scanning in 2 ms. Found 4 JPA repository interfaces.
2025-07-04T14:16:00.866+02:00  INFO 78813 --- [           main] beddedDataSourceBeanFactoryPostProcessor : Replacing 'dataSource' DataSource bean with embedded version
2025-07-04T14:16:00.873+02:00  INFO 78813 --- [           main] o.s.j.d.e.EmbeddedDatabaseFactory        : Starting embedded database: url='jdbc:h2:mem:f6858fef-6394-4d9c-8ec2-bfad9b1062a0;DB_CLOSE_DELAY=-1;DB_CLOSE_ON_EXIT=false', username='sa'
2025-07-04T14:16:00.879+02:00  INFO 78813 --- [           main] o.hibernate.jpa.internal.util.LogHelper  : HHH000204: Processing PersistenceUnitInfo [name: default]
2025-07-04T14:16:00.880+02:00  INFO 78813 --- [           main] o.h.c.internal.RegionFactoryInitiator    : HHH000026: Second-level cache disabled
2025-07-04T14:16:00.883+02:00  INFO 78813 --- [           main] o.s.o.j.p.SpringPersistenceUnitInfo      : No LoadTimeWeaver setup: ignoring JPA class transformer
2025-07-04T14:16:00.884+02:00  WARN 78813 --- [           main] org.hibernate.orm.deprecation            : HHH90000025: H2Dialect does not need to be specified explicitly using 'hibernate.dialect' (remove the property setting and it will be selected by default)
2025-07-04T14:16:00.884+02:00  INFO 78813 --- [           main] org.hibernate.orm.connections.pooling    : HHH10001005: Database info:
	Database JDBC URL [Connecting through datasource 'org.springframework.jdbc.datasource.embedded.EmbeddedDatabaseFactory$EmbeddedDataSourceProxy@639f5460']
	Database driver: undefined/unknown
	Database version: 2.3.232
	Autocommit mode: undefined/unknown
	Isolation level: undefined/unknown
	Minimum pool size: undefined/unknown
	Maximum pool size: undefined/unknown
2025-07-04T14:16:00.897+02:00  INFO 78813 --- [           main] o.h.e.t.j.p.i.JtaPlatformInitiator       : HHH000489: No JTA platform available (set 'hibernate.transaction.jta.platform' to enable JTA platform integration)
Hibernate: drop table if exists follows cascade 
Hibernate: drop table if exists likes cascade 
Hibernate: drop table if exists posts cascade 
Hibernate: drop table if exists users cascade 
Hibernate: create table follows (id bigint generated by default as identity, follower_username varchar(255) not null, following_username varchar(255) not null, primary key (id), unique (follower_username, following_username))
Hibernate: create table likes (id bigint generated by default as identity, post_id bigint not null, user_id bigint not null, primary key (id), unique (user_id, post_id))
Hibernate: create table posts (likes integer not null, id bigint generated by default as identity, timestamp timestamp(6) not null, user_id bigint not null, content varchar(300) not null, primary key (id))
Hibernate: create table users (id bigint generated by default as identity, bio varchar(500), email varchar(255) unique, full_name varchar(255), password varchar(255) not null, username varchar(255) not null unique, primary key (id))
Hibernate: alter table if exists likes add constraint FKry8tnr4x2vwemv2bb0h5hyl0x foreign key (post_id) references posts
Hibernate: alter table if exists likes add constraint FKnvx9seeqqyy71bij291pwiwrg foreign key (user_id) references users
Hibernate: alter table if exists posts add constraint FK5lidm6cqbc7u4xhqpxm898qme foreign key (user_id) references users
2025-07-04T14:16:00.901+02:00  INFO 78813 --- [           main] j.LocalContainerEntityManagerFactoryBean : Initialized JPA EntityManagerFactory for persistence unit 'default'
2025-07-04T14:16:00.936+02:00  WARN 78813 --- [           main] JpaBaseConfiguration$JpaWebConfiguration : spring.jpa.open-in-view is enabled by default. Therefore, database queries may be performed during view rendering. Explicitly configure spring.jpa.open-in-view to disable this warning
2025-07-04T14:16:00.946+02:00  INFO 78813 --- [           main] o.s.v.b.OptionalValidatorFactoryBean     : Failed to set up a Bean Validation provider: jakarta.validation.NoProviderFoundException: Unable to create a Configuration, because no Jakarta Bean Validation provider could be found. Add a provider like Hibernate Validator (RI) to your classpath.
2025-07-04T14:16:00.991+02:00  INFO 78813 --- [           main] o.s.b.t.m.w.SpringBootMockServletContext : Initializing Spring TestDispatcherServlet ''
2025-07-04T14:16:00.991+02:00  INFO 78813 --- [           main] o.s.t.web.servlet.TestDispatcherServlet  : Initializing Servlet ''
2025-07-04T14:16:00.992+02:00  INFO 78813 --- [           main] o.s.t.web.servlet.TestDispatcherServlet  : Completed initialization in 0 ms
2025-07-04T14:16:00.995+02:00  INFO 78813 --- [           main] c.example.mono_backend.ControllerTest    : Started ControllerTest in 0.208 seconds (process running for 3.073)
Hibernate: select p1_0.id,p1_0.user_id,p1_0.content,p1_0.likes,p1_0.timestamp from posts p1_0
Hibernate: select u1_0.id,u1_0.bio,u1_0.email,u1_0.full_name,u1_0.password,u1_0.username from users u1_0
Hibernate: insert into users (bio,email,full_name,password,username,id) values (?,?,?,?,?,default)
Hibernate: insert into users (bio,email,full_name,password,username,id) values (?,?,?,?,?,default)
Hibernate: insert into posts (user_id,content,likes,timestamp,id) values (?,?,?,?,default)
Hibernate: insert into posts (user_id,content,likes,timestamp,id) values (?,?,?,?,default)
Hibernate: select u1_0.id,u1_0.bio,u1_0.email,u1_0.full_name,u1_0.password,u1_0.username from users u1_0 where u1_0.username=?
Hibernate: select p1_0.id,p1_0.user_id,p1_0.content,p1_0.likes,p1_0.timestamp from posts p1_0 where p1_0.id=?
Hibernate: select u1_0.id,u1_0.bio,u1_0.email,u1_0.full_name,u1_0.password,u1_0.username from users u1_0 where u1_0.id=?
Hibernate: select l1_0.id,l1_0.post_id,l1_0.user_id from likes l1_0 where l1_0.user_id=? and l1_0.post_id=?
Hibernate: insert into likes (post_id,user_id,id) values (?,?,default)
Hibernate: select count(l1_0.id) from likes l1_0 where l1_0.post_id=?
Hibernate: update posts set user_id=?,content=?,likes=?,timestamp=? where id=?
Hibernate: select u1_0.id,u1_0.bio,u1_0.email,u1_0.full_name,u1_0.password,u1_0.username from users u1_0 where u1_0.username=?
Hibernate: select p1_0.id,p1_0.user_id,p1_0.content,p1_0.likes,p1_0.timestamp from posts p1_0 where p1_0.id=?
Hibernate: select u1_0.id,u1_0.bio,u1_0.email,u1_0.full_name,u1_0.password,u1_0.username from users u1_0 where u1_0.id=?
Hibernate: select l1_0.id,l1_0.post_id,l1_0.user_id from likes l1_0 where l1_0.user_id=? and l1_0.post_id=?
Hibernate: insert into likes (post_id,user_id,id) values (?,?,default)
Hibernate: select count(l1_0.id) from likes l1_0 where l1_0.post_id=?
Hibernate: update posts set user_id=?,content=?,likes=?,timestamp=? where id=?
Hibernate: select u1_0.id,u1_0.bio,u1_0.email,u1_0.full_name,u1_0.password,u1_0.username from users u1_0 where u1_0.username=?
Hibernate: select l1_0.id,l1_0.post_id,l1_0.user_id from likes l1_0 where l1_0.user_id=?
Hibernate: select p1_0.id,p1_0.user_id,p1_0.content,p1_0.likes,p1_0.timestamp from posts p1_0 where p1_0.id=?
Hibernate: select p1_0.id,p1_0.user_id,p1_0.content,p1_0.likes,p1_0.timestamp from posts p1_0 where p1_0.id=?
2025-07-04T14:16:01.062+02:00  INFO 78813 --- [           main] j.LocalContainerEntityManagerFactoryBean : Closing JPA EntityManagerFactory for persistence unit 'default'
Hibernate: drop table if exists follows cascade 
Hibernate: drop table if exists likes cascade 
Hibernate: drop table if exists posts cascade 
Hibernate: drop table if exists users cascade 
]]></system-out>
  </testcase>
  <testcase name="testGetPosts" classname="com.example.mono_backend.ControllerTest" time="0.02">
    <system-out><![CDATA[
  .   ____          _            __ _ _
 /\\ / ___'_ __ _ _(_)_ __  __ _ \ \ \ \
( ( )\___ | '_ | '_| | '_ \/ _` | \ \ \ \
 \\/  ___)| |_)| | | | | || (_| |  ) ) ) )
  '  |____| .__|_| |_|_| |_\__, | / / / /
 =========|_|==============|___/=/_/_/_/

 :: Spring Boot ::                (v3.4.5)

2025-07-04T14:16:01.074+02:00  INFO 78813 --- [           main] c.example.mono_backend.ControllerTest    : Starting ControllerTest using Java 23.0.2 with PID 78813 (started by efeisildar in /Users/efeisildar/ics-wtp-mono/mono-backend)
2025-07-04T14:16:01.074+02:00  INFO 78813 --- [           main] c.example.mono_backend.ControllerTest    : The following 1 profile is active: "test"
2025-07-04T14:16:01.110+02:00  INFO 78813 --- [           main] .s.d.r.c.RepositoryConfigurationDelegate : Bootstrapping Spring Data JPA repositories in DEFAULT mode.
2025-07-04T14:16:01.116+02:00  INFO 78813 --- [           main] .s.d.r.c.RepositoryConfigurationDelegate : Finished Spring Data repository scanning in 5 ms. Found 4 JPA repository interfaces.
2025-07-04T14:16:01.138+02:00  INFO 78813 --- [           main] beddedDataSourceBeanFactoryPostProcessor : Replacing 'dataSource' DataSource bean with embedded version
2025-07-04T14:16:01.144+02:00  INFO 78813 --- [           main] o.s.j.d.e.EmbeddedDatabaseFactory        : Starting embedded database: url='jdbc:h2:mem:2cf794b4-27f0-42fe-93d3-386823193337;DB_CLOSE_DELAY=-1;DB_CLOSE_ON_EXIT=false', username='sa'
2025-07-04T14:16:01.150+02:00  INFO 78813 --- [           main] o.hibernate.jpa.internal.util.LogHelper  : HHH000204: Processing PersistenceUnitInfo [name: default]
2025-07-04T14:16:01.150+02:00  INFO 78813 --- [           main] o.h.c.internal.RegionFactoryInitiator    : HHH000026: Second-level cache disabled
2025-07-04T14:16:01.154+02:00  INFO 78813 --- [           main] o.s.o.j.p.SpringPersistenceUnitInfo      : No LoadTimeWeaver setup: ignoring JPA class transformer
2025-07-04T14:16:01.154+02:00  WARN 78813 --- [           main] org.hibernate.orm.deprecation            : HHH90000025: H2Dialect does not need to be specified explicitly using 'hibernate.dialect' (remove the property setting and it will be selected by default)
2025-07-04T14:16:01.154+02:00  INFO 78813 --- [           main] org.hibernate.orm.connections.pooling    : HHH10001005: Database info:
	Database JDBC URL [Connecting through datasource 'org.springframework.jdbc.datasource.embedded.EmbeddedDatabaseFactory$EmbeddedDataSourceProxy@77a38cec']
	Database driver: undefined/unknown
	Database version: 2.3.232
	Autocommit mode: undefined/unknown
	Isolation level: undefined/unknown
	Minimum pool size: undefined/unknown
	Maximum pool size: undefined/unknown
2025-07-04T14:16:01.167+02:00  INFO 78813 --- [           main] o.h.e.t.j.p.i.JtaPlatformInitiator       : HHH000489: No JTA platform available (set 'hibernate.transaction.jta.platform' to enable JTA platform integration)
Hibernate: drop table if exists follows cascade 
Hibernate: drop table if exists likes cascade 
Hibernate: drop table if exists posts cascade 
Hibernate: drop table if exists users cascade 
Hibernate: create table follows (id bigint generated by default as identity, follower_username varchar(255) not null, following_username varchar(255) not null, primary key (id), unique (follower_username, following_username))
Hibernate: create table likes (id bigint generated by default as identity, post_id bigint not null, user_id bigint not null, primary key (id), unique (user_id, post_id))
Hibernate: create table posts (likes integer not null, id bigint generated by default as identity, timestamp timestamp(6) not null, user_id bigint not null, content varchar(300) not null, primary key (id))
Hibernate: create table users (id bigint generated by default as identity, bio varchar(500), email varchar(255) unique, full_name varchar(255), password varchar(255) not null, username varchar(255) not null unique, primary key (id))
Hibernate: alter table if exists likes add constraint FKry8tnr4x2vwemv2bb0h5hyl0x foreign key (post_id) references posts
Hibernate: alter table if exists likes add constraint FKnvx9seeqqyy71bij291pwiwrg foreign key (user_id) references users
Hibernate: alter table if exists posts add constraint FK5lidm6cqbc7u4xhqpxm898qme foreign key (user_id) references users
2025-07-04T14:16:01.170+02:00  INFO 78813 --- [           main] j.LocalContainerEntityManagerFactoryBean : Initialized JPA EntityManagerFactory for persistence unit 'default'
2025-07-04T14:16:01.202+02:00  WARN 78813 --- [           main] JpaBaseConfiguration$JpaWebConfiguration : spring.jpa.open-in-view is enabled by default. Therefore, database queries may be performed during view rendering. Explicitly configure spring.jpa.open-in-view to disable this warning
2025-07-04T14:16:01.206+02:00  INFO 78813 --- [           main] o.s.v.b.OptionalValidatorFactoryBean     : Failed to set up a Bean Validation provider: jakarta.validation.NoProviderFoundException: Unable to create a Configuration, because no Jakarta Bean Validation provider could be found. Add a provider like Hibernate Validator (RI) to your classpath.
2025-07-04T14:16:01.233+02:00  INFO 78813 --- [           main] o.s.b.t.m.w.SpringBootMockServletContext : Initializing Spring TestDispatcherServlet ''
2025-07-04T14:16:01.233+02:00  INFO 78813 --- [           main] o.s.t.web.servlet.TestDispatcherServlet  : Initializing Servlet ''
2025-07-04T14:16:01.233+02:00  INFO 78813 --- [           main] o.s.t.web.servlet.TestDispatcherServlet  : Completed initialization in 0 ms
2025-07-04T14:16:01.237+02:00  INFO 78813 --- [           main] c.example.mono_backend.ControllerTest    : Started ControllerTest in 0.173 seconds (process running for 3.315)
Hibernate: select p1_0.id,p1_0.user_id,p1_0.content,p1_0.likes,p1_0.timestamp from posts p1_0
Hibernate: select u1_0.id,u1_0.bio,u1_0.email,u1_0.full_name,u1_0.password,u1_0.username from users u1_0
Hibernate: insert into users (bio,email,full_name,password,username,id) values (?,?,?,?,?,default)
Hibernate: insert into posts (user_id,content,likes,timestamp,id) values (?,?,?,?,default)
Hibernate: select p1_0.id,p1_0.user_id,p1_0.content,p1_0.likes,p1_0.timestamp from posts p1_0 left join users a1_0 on a1_0.id=p1_0.user_id where a1_0.username=?
Hibernate: select u1_0.id,u1_0.bio,u1_0.email,u1_0.full_name,u1_0.password,u1_0.username from users u1_0 where u1_0.username=?
Hibernate: select l1_0.id,l1_0.post_id,l1_0.user_id from likes l1_0 where l1_0.user_id=? and l1_0.post_id=?
2025-07-04T14:16:01.255+02:00  INFO 78813 --- [           main] j.LocalContainerEntityManagerFactoryBean : Closing JPA EntityManagerFactory for persistence unit 'default'
Hibernate: drop table if exists follows cascade 
Hibernate: drop table if exists likes cascade 
Hibernate: drop table if exists posts cascade 
Hibernate: drop table if exists users cascade 
]]></system-out>
  </testcase>
  <testcase name="testLoginUser_notFound" classname="com.example.mono_backend.ControllerTest" time="0.01">
    <system-out><![CDATA[
  .   ____          _            __ _ _
 /\\ / ___'_ __ _ _(_)_ __  __ _ \ \ \ \
( ( )\___ | '_ | '_| | '_ \/ _` | \ \ \ \
 \\/  ___)| |_)| | | | | || (_| |  ) ) ) )
  '  |____| .__|_| |_|_| |_\__, | / / / /
 =========|_|==============|___/=/_/_/_/

 :: Spring Boot ::                (v3.4.5)

2025-07-04T14:16:01.269+02:00  INFO 78813 --- [           main] c.example.mono_backend.ControllerTest    : Starting ControllerTest using Java 23.0.2 with PID 78813 (started by efeisildar in /Users/efeisildar/ics-wtp-mono/mono-backend)
2025-07-04T14:16:01.269+02:00  INFO 78813 --- [           main] c.example.mono_backend.ControllerTest    : The following 1 profile is active: "test"
2025-07-04T14:16:01.303+02:00  INFO 78813 --- [           main] .s.d.r.c.RepositoryConfigurationDelegate : Bootstrapping Spring Data JPA repositories in DEFAULT mode.
2025-07-04T14:16:01.306+02:00  INFO 78813 --- [           main] .s.d.r.c.RepositoryConfigurationDelegate : Finished Spring Data repository scanning in 1 ms. Found 4 JPA repository interfaces.
2025-07-04T14:16:01.326+02:00  INFO 78813 --- [           main] beddedDataSourceBeanFactoryPostProcessor : Replacing 'dataSource' DataSource bean with embedded version
2025-07-04T14:16:01.332+02:00  INFO 78813 --- [           main] o.s.j.d.e.EmbeddedDatabaseFactory        : Starting embedded database: url='jdbc:h2:mem:1470ca75-be3b-4527-b506-b1c709be065b;DB_CLOSE_DELAY=-1;DB_CLOSE_ON_EXIT=false', username='sa'
2025-07-04T14:16:01.336+02:00  INFO 78813 --- [           main] o.hibernate.jpa.internal.util.LogHelper  : HHH000204: Processing PersistenceUnitInfo [name: default]
2025-07-04T14:16:01.337+02:00  INFO 78813 --- [           main] o.h.c.internal.RegionFactoryInitiator    : HHH000026: Second-level cache disabled
2025-07-04T14:16:01.340+02:00  INFO 78813 --- [           main] o.s.o.j.p.SpringPersistenceUnitInfo      : No LoadTimeWeaver setup: ignoring JPA class transformer
2025-07-04T14:16:01.341+02:00  WARN 78813 --- [           main] org.hibernate.orm.deprecation            : HHH90000025: H2Dialect does not need to be specified explicitly using 'hibernate.dialect' (remove the property setting and it will be selected by default)
2025-07-04T14:16:01.341+02:00  INFO 78813 --- [           main] org.hibernate.orm.connections.pooling    : HHH10001005: Database info:
	Database JDBC URL [Connecting through datasource 'org.springframework.jdbc.datasource.embedded.EmbeddedDatabaseFactory$EmbeddedDataSourceProxy@31201bf6']
	Database driver: undefined/unknown
	Database version: 2.3.232
	Autocommit mode: undefined/unknown
	Isolation level: undefined/unknown
	Minimum pool size: undefined/unknown
	Maximum pool size: undefined/unknown
2025-07-04T14:16:01.353+02:00  INFO 78813 --- [           main] o.h.e.t.j.p.i.JtaPlatformInitiator       : HHH000489: No JTA platform available (set 'hibernate.transaction.jta.platform' to enable JTA platform integration)
Hibernate: drop table if exists follows cascade 
Hibernate: drop table if exists likes cascade 
Hibernate: drop table if exists posts cascade 
Hibernate: drop table if exists users cascade 
Hibernate: create table follows (id bigint generated by default as identity, follower_username varchar(255) not null, following_username varchar(255) not null, primary key (id), unique (follower_username, following_username))
Hibernate: create table likes (id bigint generated by default as identity, post_id bigint not null, user_id bigint not null, primary key (id), unique (user_id, post_id))
Hibernate: create table posts (likes integer not null, id bigint generated by default as identity, timestamp timestamp(6) not null, user_id bigint not null, content varchar(300) not null, primary key (id))
Hibernate: create table users (id bigint generated by default as identity, bio varchar(500), email varchar(255) unique, full_name varchar(255), password varchar(255) not null, username varchar(255) not null unique, primary key (id))
Hibernate: alter table if exists likes add constraint FKry8tnr4x2vwemv2bb0h5hyl0x foreign key (post_id) references posts
Hibernate: alter table if exists likes add constraint FKnvx9seeqqyy71bij291pwiwrg foreign key (user_id) references users
Hibernate: alter table if exists posts add constraint FK5lidm6cqbc7u4xhqpxm898qme foreign key (user_id) references users
2025-07-04T14:16:01.356+02:00  INFO 78813 --- [           main] j.LocalContainerEntityManagerFactoryBean : Initialized JPA EntityManagerFactory for persistence unit 'default'
2025-07-04T14:16:01.393+02:00  WARN 78813 --- [           main] JpaBaseConfiguration$JpaWebConfiguration : spring.jpa.open-in-view is enabled by default. Therefore, database queries may be performed during view rendering. Explicitly configure spring.jpa.open-in-view to disable this warning
2025-07-04T14:16:01.397+02:00  INFO 78813 --- [           main] o.s.v.b.OptionalValidatorFactoryBean     : Failed to set up a Bean Validation provider: jakarta.validation.NoProviderFoundException: Unable to create a Configuration, because no Jakarta Bean Validation provider could be found. Add a provider like Hibernate Validator (RI) to your classpath.
2025-07-04T14:16:01.434+02:00  INFO 78813 --- [           main] o.s.b.t.m.w.SpringBootMockServletContext : Initializing Spring TestDispatcherServlet ''
2025-07-04T14:16:01.434+02:00  INFO 78813 --- [           main] o.s.t.web.servlet.TestDispatcherServlet  : Initializing Servlet ''
2025-07-04T14:16:01.435+02:00  INFO 78813 --- [           main] o.s.t.web.servlet.TestDispatcherServlet  : Completed initialization in 1 ms
2025-07-04T14:16:01.437+02:00  INFO 78813 --- [           main] c.example.mono_backend.ControllerTest    : Started ControllerTest in 0.179 seconds (process running for 3.515)
Hibernate: select p1_0.id,p1_0.user_id,p1_0.content,p1_0.likes,p1_0.timestamp from posts p1_0
Hibernate: select u1_0.id,u1_0.bio,u1_0.email,u1_0.full_name,u1_0.password,u1_0.username from users u1_0
Hibernate: select u1_0.id,u1_0.bio,u1_0.email,u1_0.full_name,u1_0.password,u1_0.username from users u1_0 where u1_0.username=?
2025-07-04T14:16:01.447+02:00  INFO 78813 --- [           main] j.LocalContainerEntityManagerFactoryBean : Closing JPA EntityManagerFactory for persistence unit 'default'
Hibernate: drop table if exists follows cascade 
Hibernate: drop table if exists likes cascade 
Hibernate: drop table if exists posts cascade 
Hibernate: drop table if exists users cascade 
]]></system-out>
  </testcase>
  <testcase name="testDeletePost_wrongOwner_returns403" classname="com.example.mono_backend.ControllerTest" time="0.011">
    <system-out><![CDATA[
  .   ____          _            __ _ _
 /\\ / ___'_ __ _ _(_)_ __  __ _ \ \ \ \
( ( )\___ | '_ | '_| | '_ \/ _` | \ \ \ \
 \\/  ___)| |_)| | | | | || (_| |  ) ) ) )
  '  |____| .__|_| |_|_| |_\__, | / / / /
 =========|_|==============|___/=/_/_/_/

 :: Spring Boot ::                (v3.4.5)

2025-07-04T14:16:01.456+02:00  INFO 78813 --- [           main] c.example.mono_backend.ControllerTest    : Starting ControllerTest using Java 23.0.2 with PID 78813 (started by efeisildar in /Users/efeisildar/ics-wtp-mono/mono-backend)
2025-07-04T14:16:01.456+02:00  INFO 78813 --- [           main] c.example.mono_backend.ControllerTest    : The following 1 profile is active: "test"
2025-07-04T14:16:01.490+02:00  INFO 78813 --- [           main] .s.d.r.c.RepositoryConfigurationDelegate : Bootstrapping Spring Data JPA repositories in DEFAULT mode.
2025-07-04T14:16:01.492+02:00  INFO 78813 --- [           main] .s.d.r.c.RepositoryConfigurationDelegate : Finished Spring Data repository scanning in 2 ms. Found 4 JPA repository interfaces.
2025-07-04T14:16:01.512+02:00  INFO 78813 --- [           main] beddedDataSourceBeanFactoryPostProcessor : Replacing 'dataSource' DataSource bean with embedded version
2025-07-04T14:16:01.518+02:00  INFO 78813 --- [           main] o.s.j.d.e.EmbeddedDatabaseFactory        : Starting embedded database: url='jdbc:h2:mem:279e20b7-9d6b-4bc2-b5a7-fd813f1b907c;DB_CLOSE_DELAY=-1;DB_CLOSE_ON_EXIT=false', username='sa'
2025-07-04T14:16:01.523+02:00  INFO 78813 --- [           main] o.hibernate.jpa.internal.util.LogHelper  : HHH000204: Processing PersistenceUnitInfo [name: default]
2025-07-04T14:16:01.523+02:00  INFO 78813 --- [           main] o.h.c.internal.RegionFactoryInitiator    : HHH000026: Second-level cache disabled
2025-07-04T14:16:01.526+02:00  INFO 78813 --- [           main] o.s.o.j.p.SpringPersistenceUnitInfo      : No LoadTimeWeaver setup: ignoring JPA class transformer
2025-07-04T14:16:01.527+02:00  WARN 78813 --- [           main] org.hibernate.orm.deprecation            : HHH90000025: H2Dialect does not need to be specified explicitly using 'hibernate.dialect' (remove the property setting and it will be selected by default)
2025-07-04T14:16:01.527+02:00  INFO 78813 --- [           main] org.hibernate.orm.connections.pooling    : HHH10001005: Database info:
	Database JDBC URL [Connecting through datasource 'org.springframework.jdbc.datasource.embedded.EmbeddedDatabaseFactory$EmbeddedDataSourceProxy@13fd5aaa']
	Database driver: undefined/unknown
	Database version: 2.3.232
	Autocommit mode: undefined/unknown
	Isolation level: undefined/unknown
	Minimum pool size: undefined/unknown
	Maximum pool size: undefined/unknown
2025-07-04T14:16:01.538+02:00  INFO 78813 --- [           main] o.h.e.t.j.p.i.JtaPlatformInitiator       : HHH000489: No JTA platform available (set 'hibernate.transaction.jta.platform' to enable JTA platform integration)
Hibernate: drop table if exists follows cascade 
Hibernate: drop table if exists likes cascade 
Hibernate: drop table if exists posts cascade 
Hibernate: drop table if exists users cascade 
Hibernate: create table follows (id bigint generated by default as identity, follower_username varchar(255) not null, following_username varchar(255) not null, primary key (id), unique (follower_username, following_username))
Hibernate: create table likes (id bigint generated by default as identity, post_id bigint not null, user_id bigint not null, primary key (id), unique (user_id, post_id))
Hibernate: create table posts (likes integer not null, id bigint generated by default as identity, timestamp timestamp(6) not null, user_id bigint not null, content varchar(300) not null, primary key (id))
Hibernate: create table users (id bigint generated by default as identity, bio varchar(500), email varchar(255) unique, full_name varchar(255), password varchar(255) not null, username varchar(255) not null unique, primary key (id))
Hibernate: alter table if exists likes add constraint FKry8tnr4x2vwemv2bb0h5hyl0x foreign key (post_id) references posts
Hibernate: alter table if exists likes add constraint FKnvx9seeqqyy71bij291pwiwrg foreign key (user_id) references users
Hibernate: alter table if exists posts add constraint FK5lidm6cqbc7u4xhqpxm898qme foreign key (user_id) references users
2025-07-04T14:16:01.542+02:00  INFO 78813 --- [           main] j.LocalContainerEntityManagerFactoryBean : Initialized JPA EntityManagerFactory for persistence unit 'default'
2025-07-04T14:16:01.574+02:00  WARN 78813 --- [           main] JpaBaseConfiguration$JpaWebConfiguration : spring.jpa.open-in-view is enabled by default. Therefore, database queries may be performed during view rendering. Explicitly configure spring.jpa.open-in-view to disable this warning
2025-07-04T14:16:01.577+02:00  INFO 78813 --- [           main] o.s.v.b.OptionalValidatorFactoryBean     : Failed to set up a Bean Validation provider: jakarta.validation.NoProviderFoundException: Unable to create a Configuration, because no Jakarta Bean Validation provider could be found. Add a provider like Hibernate Validator (RI) to your classpath.
2025-07-04T14:16:01.603+02:00  INFO 78813 --- [           main] o.s.b.t.m.w.SpringBootMockServletContext : Initializing Spring TestDispatcherServlet ''
2025-07-04T14:16:01.603+02:00  INFO 78813 --- [           main] o.s.t.web.servlet.TestDispatcherServlet  : Initializing Servlet ''
2025-07-04T14:16:01.603+02:00  INFO 78813 --- [           main] o.s.t.web.servlet.TestDispatcherServlet  : Completed initialization in 0 ms
2025-07-04T14:16:01.606+02:00  INFO 78813 --- [           main] c.example.mono_backend.ControllerTest    : Started ControllerTest in 0.158 seconds (process running for 3.684)
Hibernate: select p1_0.id,p1_0.user_id,p1_0.content,p1_0.likes,p1_0.timestamp from posts p1_0
Hibernate: select u1_0.id,u1_0.bio,u1_0.email,u1_0.full_name,u1_0.password,u1_0.username from users u1_0
Hibernate: insert into users (bio,email,full_name,password,username,id) values (?,?,?,?,?,default)
Hibernate: insert into users (bio,email,full_name,password,username,id) values (?,?,?,?,?,default)
Hibernate: insert into posts (user_id,content,likes,timestamp,id) values (?,?,?,?,default)
Hibernate: select p1_0.id,p1_0.user_id,p1_0.content,p1_0.likes,p1_0.timestamp from posts p1_0 where p1_0.id=?
Hibernate: select u1_0.id,u1_0.bio,u1_0.email,u1_0.full_name,u1_0.password,u1_0.username from users u1_0 where u1_0.id=?
2025-07-04T14:16:01.617+02:00  INFO 78813 --- [           main] j.LocalContainerEntityManagerFactoryBean : Closing JPA EntityManagerFactory for persistence unit 'default'
Hibernate: drop table if exists follows cascade 
Hibernate: drop table if exists likes cascade 
Hibernate: drop table if exists posts cascade 
Hibernate: drop table if exists users cascade 
]]></system-out>
  </testcase>
  <testcase name="testLikeAndUnlikePost" classname="com.example.mono_backend.ControllerTest" time="0.021">
    <system-out><![CDATA[
  .   ____          _            __ _ _
 /\\ / ___'_ __ _ _(_)_ __  __ _ \ \ \ \
( ( )\___ | '_ | '_| | '_ \/ _` | \ \ \ \
 \\/  ___)| |_)| | | | | || (_| |  ) ) ) )
  '  |____| .__|_| |_|_| |_\__, | / / / /
 =========|_|==============|___/=/_/_/_/

 :: Spring Boot ::                (v3.4.5)

2025-07-04T14:16:01.625+02:00  INFO 78813 --- [           main] c.example.mono_backend.ControllerTest    : Starting ControllerTest using Java 23.0.2 with PID 78813 (started by efeisildar in /Users/efeisildar/ics-wtp-mono/mono-backend)
2025-07-04T14:16:01.625+02:00  INFO 78813 --- [           main] c.example.mono_backend.ControllerTest    : The following 1 profile is active: "test"
2025-07-04T14:16:01.659+02:00  INFO 78813 --- [           main] .s.d.r.c.RepositoryConfigurationDelegate : Bootstrapping Spring Data JPA repositories in DEFAULT mode.
2025-07-04T14:16:01.661+02:00  INFO 78813 --- [           main] .s.d.r.c.RepositoryConfigurationDelegate : Finished Spring Data repository scanning in 1 ms. Found 4 JPA repository interfaces.
2025-07-04T14:16:01.681+02:00  INFO 78813 --- [           main] beddedDataSourceBeanFactoryPostProcessor : Replacing 'dataSource' DataSource bean with embedded version
2025-07-04T14:16:01.686+02:00  INFO 78813 --- [           main] o.s.j.d.e.EmbeddedDatabaseFactory        : Starting embedded database: url='jdbc:h2:mem:aa4e3e8d-fc16-465e-b9cf-33d5ab4986ae;DB_CLOSE_DELAY=-1;DB_CLOSE_ON_EXIT=false', username='sa'
2025-07-04T14:16:01.691+02:00  INFO 78813 --- [           main] o.hibernate.jpa.internal.util.LogHelper  : HHH000204: Processing PersistenceUnitInfo [name: default]
2025-07-04T14:16:01.691+02:00  INFO 78813 --- [           main] o.h.c.internal.RegionFactoryInitiator    : HHH000026: Second-level cache disabled
2025-07-04T14:16:01.694+02:00  INFO 78813 --- [           main] o.s.o.j.p.SpringPersistenceUnitInfo      : No LoadTimeWeaver setup: ignoring JPA class transformer
2025-07-04T14:16:01.695+02:00  WARN 78813 --- [           main] org.hibernate.orm.deprecation            : HHH90000025: H2Dialect does not need to be specified explicitly using 'hibernate.dialect' (remove the property setting and it will be selected by default)
2025-07-04T14:16:01.695+02:00  INFO 78813 --- [           main] org.hibernate.orm.connections.pooling    : HHH10001005: Database info:
	Database JDBC URL [Connecting through datasource 'org.springframework.jdbc.datasource.embedded.EmbeddedDatabaseFactory$EmbeddedDataSourceProxy@73372652']
	Database driver: undefined/unknown
	Database version: 2.3.232
	Autocommit mode: undefined/unknown
	Isolation level: undefined/unknown
	Minimum pool size: undefined/unknown
	Maximum pool size: undefined/unknown
2025-07-04T14:16:01.713+02:00  INFO 78813 --- [           main] o.h.e.t.j.p.i.JtaPlatformInitiator       : HHH000489: No JTA platform available (set 'hibernate.transaction.jta.platform' to enable JTA platform integration)
Hibernate: drop table if exists follows cascade 
Hibernate: drop table if exists likes cascade 
Hibernate: drop table if exists posts cascade 
Hibernate: drop table if exists users cascade 
Hibernate: create table follows (id bigint generated by default as identity, follower_username varchar(255) not null, following_username varchar(255) not null, primary key (id), unique (follower_username, following_username))
Hibernate: create table likes (id bigint generated by default as identity, post_id bigint not null, user_id bigint not null, primary key (id), unique (user_id, post_id))
Hibernate: create table posts (likes integer not null, id bigint generated by default as identity, timestamp timestamp(6) not null, user_id bigint not null, content varchar(300) not null, primary key (id))
Hibernate: create table users (id bigint generated by default as identity, bio varchar(500), email varchar(255) unique, full_name varchar(255), password varchar(255) not null, username varchar(255) not null unique, primary key (id))
Hibernate: alter table if exists likes add constraint FKry8tnr4x2vwemv2bb0h5hyl0x foreign key (post_id) references posts
Hibernate: alter table if exists likes add constraint FKnvx9seeqqyy71bij291pwiwrg foreign key (user_id) references users
Hibernate: alter table if exists posts add constraint FK5lidm6cqbc7u4xhqpxm898qme foreign key (user_id) references users
2025-07-04T14:16:01.717+02:00  INFO 78813 --- [           main] j.LocalContainerEntityManagerFactoryBean : Initialized JPA EntityManagerFactory for persistence unit 'default'
2025-07-04T14:16:01.749+02:00  WARN 78813 --- [           main] JpaBaseConfiguration$JpaWebConfiguration : spring.jpa.open-in-view is enabled by default. Therefore, database queries may be performed during view rendering. Explicitly configure spring.jpa.open-in-view to disable this warning
2025-07-04T14:16:01.752+02:00  INFO 78813 --- [           main] o.s.v.b.OptionalValidatorFactoryBean     : Failed to set up a Bean Validation provider: jakarta.validation.NoProviderFoundException: Unable to create a Configuration, because no Jakarta Bean Validation provider could be found. Add a provider like Hibernate Validator (RI) to your classpath.
2025-07-04T14:16:01.777+02:00  INFO 78813 --- [           main] o.s.b.t.m.w.SpringBootMockServletContext : Initializing Spring TestDispatcherServlet ''
2025-07-04T14:16:01.777+02:00  INFO 78813 --- [           main] o.s.t.web.servlet.TestDispatcherServlet  : Initializing Servlet ''
2025-07-04T14:16:01.777+02:00  INFO 78813 --- [           main] o.s.t.web.servlet.TestDispatcherServlet  : Completed initialization in 0 ms
2025-07-04T14:16:01.780+02:00  INFO 78813 --- [           main] c.example.mono_backend.ControllerTest    : Started ControllerTest in 0.161 seconds (process running for 3.858)
Hibernate: select p1_0.id,p1_0.user_id,p1_0.content,p1_0.likes,p1_0.timestamp from posts p1_0
Hibernate: select u1_0.id,u1_0.bio,u1_0.email,u1_0.full_name,u1_0.password,u1_0.username from users u1_0
Hibernate: insert into users (bio,email,full_name,password,username,id) values (?,?,?,?,?,default)
Hibernate: insert into users (bio,email,full_name,password,username,id) values (?,?,?,?,?,default)
Hibernate: insert into posts (user_id,content,likes,timestamp,id) values (?,?,?,?,default)
Hibernate: select u1_0.id,u1_0.bio,u1_0.email,u1_0.full_name,u1_0.password,u1_0.username from users u1_0 where u1_0.username=?
Hibernate: select p1_0.id,p1_0.user_id,p1_0.content,p1_0.likes,p1_0.timestamp from posts p1_0 where p1_0.id=?
Hibernate: select u1_0.id,u1_0.bio,u1_0.email,u1_0.full_name,u1_0.password,u1_0.username from users u1_0 where u1_0.id=?
Hibernate: select l1_0.id,l1_0.post_id,l1_0.user_id from likes l1_0 where l1_0.user_id=? and l1_0.post_id=?
Hibernate: insert into likes (post_id,user_id,id) values (?,?,default)
Hibernate: select count(l1_0.id) from likes l1_0 where l1_0.post_id=?
Hibernate: update posts set user_id=?,content=?,likes=?,timestamp=? where id=?
Hibernate: select u1_0.id,u1_0.bio,u1_0.email,u1_0.full_name,u1_0.password,u1_0.username from users u1_0 where u1_0.username=?
Hibernate: select p1_0.id,p1_0.user_id,p1_0.content,p1_0.likes,p1_0.timestamp from posts p1_0 where p1_0.id=?
Hibernate: select u1_0.id,u1_0.bio,u1_0.email,u1_0.full_name,u1_0.password,u1_0.username from users u1_0 where u1_0.id=?
Hibernate: select l1_0.id,l1_0.post_id,l1_0.user_id from likes l1_0 where l1_0.user_id=? and l1_0.post_id=?
Hibernate: delete from likes where id=?
Hibernate: select count(l1_0.id) from likes l1_0 where l1_0.post_id=?
Hibernate: update posts set user_id=?,content=?,likes=?,timestamp=? where id=?
2025-07-04T14:16:01.801+02:00  INFO 78813 --- [           main] j.LocalContainerEntityManagerFactoryBean : Closing JPA EntityManagerFactory for persistence unit 'default'
Hibernate: drop table if exists follows cascade 
Hibernate: drop table if exists likes cascade 
Hibernate: drop table if exists posts cascade 
Hibernate: drop table if exists users cascade 
]]></system-out>
  </testcase>
  <testcase name="testGetUserProfile_success" classname="com.example.mono_backend.ControllerTest" time="0.01">
    <system-out><![CDATA[
  .   ____          _            __ _ _
 /\\ / ___'_ __ _ _(_)_ __  __ _ \ \ \ \
( ( )\___ | '_ | '_| | '_ \/ _` | \ \ \ \
 \\/  ___)| |_)| | | | | || (_| |  ) ) ) )
  '  |____| .__|_| |_|_| |_\__, | / / / /
 =========|_|==============|___/=/_/_/_/

 :: Spring Boot ::                (v3.4.5)

2025-07-04T14:16:01.810+02:00  INFO 78813 --- [           main] c.example.mono_backend.ControllerTest    : Starting ControllerTest using Java 23.0.2 with PID 78813 (started by efeisildar in /Users/efeisildar/ics-wtp-mono/mono-backend)
2025-07-04T14:16:01.810+02:00  INFO 78813 --- [           main] c.example.mono_backend.ControllerTest    : The following 1 profile is active: "test"
2025-07-04T14:16:01.841+02:00  INFO 78813 --- [           main] .s.d.r.c.RepositoryConfigurationDelegate : Bootstrapping Spring Data JPA repositories in DEFAULT mode.
2025-07-04T14:16:01.843+02:00  INFO 78813 --- [           main] .s.d.r.c.RepositoryConfigurationDelegate : Finished Spring Data repository scanning in 1 ms. Found 4 JPA repository interfaces.
2025-07-04T14:16:01.863+02:00  INFO 78813 --- [           main] beddedDataSourceBeanFactoryPostProcessor : Replacing 'dataSource' DataSource bean with embedded version
2025-07-04T14:16:01.868+02:00  INFO 78813 --- [           main] o.s.j.d.e.EmbeddedDatabaseFactory        : Starting embedded database: url='jdbc:h2:mem:74b88992-9d70-4f40-b9de-8226baa798d4;DB_CLOSE_DELAY=-1;DB_CLOSE_ON_EXIT=false', username='sa'
2025-07-04T14:16:01.873+02:00  INFO 78813 --- [           main] o.hibernate.jpa.internal.util.LogHelper  : HHH000204: Processing PersistenceUnitInfo [name: default]
2025-07-04T14:16:01.873+02:00  INFO 78813 --- [           main] o.h.c.internal.RegionFactoryInitiator    : HHH000026: Second-level cache disabled
2025-07-04T14:16:01.876+02:00  INFO 78813 --- [           main] o.s.o.j.p.SpringPersistenceUnitInfo      : No LoadTimeWeaver setup: ignoring JPA class transformer
2025-07-04T14:16:01.877+02:00  WARN 78813 --- [           main] org.hibernate.orm.deprecation            : HHH90000025: H2Dialect does not need to be specified explicitly using 'hibernate.dialect' (remove the property setting and it will be selected by default)
2025-07-04T14:16:01.877+02:00  INFO 78813 --- [           main] org.hibernate.orm.connections.pooling    : HHH10001005: Database info:
	Database JDBC URL [Connecting through datasource 'org.springframework.jdbc.datasource.embedded.EmbeddedDatabaseFactory$EmbeddedDataSourceProxy@685d9816']
	Database driver: undefined/unknown
	Database version: 2.3.232
	Autocommit mode: undefined/unknown
	Isolation level: undefined/unknown
	Minimum pool size: undefined/unknown
	Maximum pool size: undefined/unknown
2025-07-04T14:16:01.888+02:00  INFO 78813 --- [           main] o.h.e.t.j.p.i.JtaPlatformInitiator       : HHH000489: No JTA platform available (set 'hibernate.transaction.jta.platform' to enable JTA platform integration)
Hibernate: drop table if exists follows cascade 
Hibernate: drop table if exists likes cascade 
Hibernate: drop table if exists posts cascade 
Hibernate: drop table if exists users cascade 
Hibernate: create table follows (id bigint generated by default as identity, follower_username varchar(255) not null, following_username varchar(255) not null, primary key (id), unique (follower_username, following_username))
Hibernate: create table likes (id bigint generated by default as identity, post_id bigint not null, user_id bigint not null, primary key (id), unique (user_id, post_id))
Hibernate: create table posts (likes integer not null, id bigint generated by default as identity, timestamp timestamp(6) not null, user_id bigint not null, content varchar(300) not null, primary key (id))
Hibernate: create table users (id bigint generated by default as identity, bio varchar(500), email varchar(255) unique, full_name varchar(255), password varchar(255) not null, username varchar(255) not null unique, primary key (id))
Hibernate: alter table if exists likes add constraint FKry8tnr4x2vwemv2bb0h5hyl0x foreign key (post_id) references posts
Hibernate: alter table if exists likes add constraint FKnvx9seeqqyy71bij291pwiwrg foreign key (user_id) references users
Hibernate: alter table if exists posts add constraint FK5lidm6cqbc7u4xhqpxm898qme foreign key (user_id) references users
2025-07-04T14:16:01.891+02:00  INFO 78813 --- [           main] j.LocalContainerEntityManagerFactoryBean : Initialized JPA EntityManagerFactory for persistence unit 'default'
2025-07-04T14:16:01.919+02:00  WARN 78813 --- [           main] JpaBaseConfiguration$JpaWebConfiguration : spring.jpa.open-in-view is enabled by default. Therefore, database queries may be performed during view rendering. Explicitly configure spring.jpa.open-in-view to disable this warning
2025-07-04T14:16:01.922+02:00  INFO 78813 --- [           main] o.s.v.b.OptionalValidatorFactoryBean     : Failed to set up a Bean Validation provider: jakarta.validation.NoProviderFoundException: Unable to create a Configuration, because no Jakarta Bean Validation provider could be found. Add a provider like Hibernate Validator (RI) to your classpath.
2025-07-04T14:16:01.946+02:00  INFO 78813 --- [           main] o.s.b.t.m.w.SpringBootMockServletContext : Initializing Spring TestDispatcherServlet ''
2025-07-04T14:16:01.946+02:00  INFO 78813 --- [           main] o.s.t.web.servlet.TestDispatcherServlet  : Initializing Servlet ''
2025-07-04T14:16:01.946+02:00  INFO 78813 --- [           main] o.s.t.web.servlet.TestDispatcherServlet  : Completed initialization in 0 ms
2025-07-04T14:16:01.949+02:00  INFO 78813 --- [           main] c.example.mono_backend.ControllerTest    : Started ControllerTest in 0.146 seconds (process running for 4.027)
Hibernate: select p1_0.id,p1_0.user_id,p1_0.content,p1_0.likes,p1_0.timestamp from posts p1_0
Hibernate: select u1_0.id,u1_0.bio,u1_0.email,u1_0.full_name,u1_0.password,u1_0.username from users u1_0
Hibernate: insert into users (bio,email,full_name,password,username,id) values (?,?,?,?,?,default)
Hibernate: select u1_0.id,u1_0.bio,u1_0.email,u1_0.full_name,u1_0.password,u1_0.username from users u1_0 where u1_0.username=?
2025-07-04T14:16:01.959+02:00  INFO 78813 --- [           main] j.LocalContainerEntityManagerFactoryBean : Closing JPA EntityManagerFactory for persistence unit 'default'
Hibernate: drop table if exists follows cascade 
Hibernate: drop table if exists likes cascade 
Hibernate: drop table if exists posts cascade 
Hibernate: drop table if exists users cascade 
]]></system-out>
  </testcase>
  <testcase name="testFollowAndUnfollowEndpoints" classname="com.example.mono_backend.ControllerTest" time="0.012">
    <system-out><![CDATA[
  .   ____          _            __ _ _
 /\\ / ___'_ __ _ _(_)_ __  __ _ \ \ \ \
( ( )\___ | '_ | '_| | '_ \/ _` | \ \ \ \
 \\/  ___)| |_)| | | | | || (_| |  ) ) ) )
  '  |____| .__|_| |_|_| |_\__, | / / / /
 =========|_|==============|___/=/_/_/_/

 :: Spring Boot ::                (v3.4.5)

2025-07-04T14:16:01.968+02:00  INFO 78813 --- [           main] c.example.mono_backend.ControllerTest    : Starting ControllerTest using Java 23.0.2 with PID 78813 (started by efeisildar in /Users/efeisildar/ics-wtp-mono/mono-backend)
2025-07-04T14:16:01.968+02:00  INFO 78813 --- [           main] c.example.mono_backend.ControllerTest    : The following 1 profile is active: "test"
2025-07-04T14:16:02.000+02:00  INFO 78813 --- [           main] .s.d.r.c.RepositoryConfigurationDelegate : Bootstrapping Spring Data JPA repositories in DEFAULT mode.
2025-07-04T14:16:02.002+02:00  INFO 78813 --- [           main] .s.d.r.c.RepositoryConfigurationDelegate : Finished Spring Data repository scanning in 1 ms. Found 4 JPA repository interfaces.
2025-07-04T14:16:02.017+02:00  INFO 78813 --- [           main] beddedDataSourceBeanFactoryPostProcessor : Replacing 'dataSource' DataSource bean with embedded version
2025-07-04T14:16:02.022+02:00  INFO 78813 --- [           main] o.s.j.d.e.EmbeddedDatabaseFactory        : Starting embedded database: url='jdbc:h2:mem:374379a5-79f3-49d1-8c7d-50714cc6dc8e;DB_CLOSE_DELAY=-1;DB_CLOSE_ON_EXIT=false', username='sa'
2025-07-04T14:16:02.026+02:00  INFO 78813 --- [           main] o.hibernate.jpa.internal.util.LogHelper  : HHH000204: Processing PersistenceUnitInfo [name: default]
2025-07-04T14:16:02.026+02:00  INFO 78813 --- [           main] o.h.c.internal.RegionFactoryInitiator    : HHH000026: Second-level cache disabled
2025-07-04T14:16:02.029+02:00  INFO 78813 --- [           main] o.s.o.j.p.SpringPersistenceUnitInfo      : No LoadTimeWeaver setup: ignoring JPA class transformer
2025-07-04T14:16:02.029+02:00  WARN 78813 --- [           main] org.hibernate.orm.deprecation            : HHH90000025: H2Dialect does not need to be specified explicitly using 'hibernate.dialect' (remove the property setting and it will be selected by default)
2025-07-04T14:16:02.029+02:00  INFO 78813 --- [           main] org.hibernate.orm.connections.pooling    : HHH10001005: Database info:
	Database JDBC URL [Connecting through datasource 'org.springframework.jdbc.datasource.embedded.EmbeddedDatabaseFactory$EmbeddedDataSourceProxy@2b4f99e5']
	Database driver: undefined/unknown
	Database version: 2.3.232
	Autocommit mode: undefined/unknown
	Isolation level: undefined/unknown
	Minimum pool size: undefined/unknown
	Maximum pool size: undefined/unknown
2025-07-04T14:16:02.040+02:00  INFO 78813 --- [           main] o.h.e.t.j.p.i.JtaPlatformInitiator       : HHH000489: No JTA platform available (set 'hibernate.transaction.jta.platform' to enable JTA platform integration)
Hibernate: drop table if exists follows cascade 
Hibernate: drop table if exists likes cascade 
Hibernate: drop table if exists posts cascade 
Hibernate: drop table if exists users cascade 
Hibernate: create table follows (id bigint generated by default as identity, follower_username varchar(255) not null, following_username varchar(255) not null, primary key (id), unique (follower_username, following_username))
Hibernate: create table likes (id bigint generated by default as identity, post_id bigint not null, user_id bigint not null, primary key (id), unique (user_id, post_id))
Hibernate: create table posts (likes integer not null, id bigint generated by default as identity, timestamp timestamp(6) not null, user_id bigint not null, content varchar(300) not null, primary key (id))
Hibernate: create table users (id bigint generated by default as identity, bio varchar(500), email varchar(255) unique, full_name varchar(255), password varchar(255) not null, username varchar(255) not null unique, primary key (id))
Hibernate: alter table if exists likes add constraint FKry8tnr4x2vwemv2bb0h5hyl0x foreign key (post_id) references posts
Hibernate: alter table if exists likes add constraint FKnvx9seeqqyy71bij291pwiwrg foreign key (user_id) references users
Hibernate: alter table if exists posts add constraint FK5lidm6cqbc7u4xhqpxm898qme foreign key (user_id) references users
2025-07-04T14:16:02.043+02:00  INFO 78813 --- [           main] j.LocalContainerEntityManagerFactoryBean : Initialized JPA EntityManagerFactory for persistence unit 'default'
2025-07-04T14:16:02.067+02:00  WARN 78813 --- [           main] JpaBaseConfiguration$JpaWebConfiguration : spring.jpa.open-in-view is enabled by default. Therefore, database queries may be performed during view rendering. Explicitly configure spring.jpa.open-in-view to disable this warning
2025-07-04T14:16:02.070+02:00  INFO 78813 --- [           main] o.s.v.b.OptionalValidatorFactoryBean     : Failed to set up a Bean Validation provider: jakarta.validation.NoProviderFoundException: Unable to create a Configuration, because no Jakarta Bean Validation provider could be found. Add a provider like Hibernate Validator (RI) to your classpath.
2025-07-04T14:16:02.092+02:00  INFO 78813 --- [           main] o.s.b.t.m.w.SpringBootMockServletContext : Initializing Spring TestDispatcherServlet ''
2025-07-04T14:16:02.092+02:00  INFO 78813 --- [           main] o.s.t.web.servlet.TestDispatcherServlet  : Initializing Servlet ''
2025-07-04T14:16:02.093+02:00  INFO 78813 --- [           main] o.s.t.web.servlet.TestDispatcherServlet  : Completed initialization in 1 ms
2025-07-04T14:16:02.096+02:00  INFO 78813 --- [           main] c.example.mono_backend.ControllerTest    : Started ControllerTest in 0.135 seconds (process running for 4.174)
Hibernate: select p1_0.id,p1_0.user_id,p1_0.content,p1_0.likes,p1_0.timestamp from posts p1_0
Hibernate: select u1_0.id,u1_0.bio,u1_0.email,u1_0.full_name,u1_0.password,u1_0.username from users u1_0
Hibernate: insert into users (bio,email,full_name,password,username,id) values (?,?,?,?,?,default)
Hibernate: insert into users (bio,email,full_name,password,username,id) values (?,?,?,?,?,default)
Hibernate: select f1_0.id,f1_0.follower_username,f1_0.following_username from follows f1_0 where f1_0.follower_username=? and f1_0.following_username=?
Hibernate: insert into follows (follower_username,following_username,id) values (?,?,default)
Hibernate: select f1_0.id,f1_0.follower_username,f1_0.following_username from follows f1_0 where f1_0.follower_username=? and f1_0.following_username=?
Hibernate: delete from follows where id=?
2025-07-04T14:16:02.108+02:00  INFO 78813 --- [           main] j.LocalContainerEntityManagerFactoryBean : Closing JPA EntityManagerFactory for persistence unit 'default'
Hibernate: drop table if exists follows cascade 
Hibernate: drop table if exists likes cascade 
Hibernate: drop table if exists posts cascade 
Hibernate: drop table if exists users cascade 
]]></system-out>
  </testcase>
  <testcase name="testGetFeed_unknownUser_emptyList" classname="com.example.mono_backend.ControllerTest" time="0.008">
    <system-out><![CDATA[
  .   ____          _            __ _ _
 /\\ / ___'_ __ _ _(_)_ __  __ _ \ \ \ \
( ( )\___ | '_ | '_| | '_ \/ _` | \ \ \ \
 \\/  ___)| |_)| | | | | || (_| |  ) ) ) )
  '  |____| .__|_| |_|_| |_\__, | / / / /
 =========|_|==============|___/=/_/_/_/

 :: Spring Boot ::                (v3.4.5)

2025-07-04T14:16:02.117+02:00  INFO 78813 --- [           main] c.example.mono_backend.ControllerTest    : Starting ControllerTest using Java 23.0.2 with PID 78813 (started by efeisildar in /Users/efeisildar/ics-wtp-mono/mono-backend)
2025-07-04T14:16:02.117+02:00  INFO 78813 --- [           main] c.example.mono_backend.ControllerTest    : The following 1 profile is active: "test"
2025-07-04T14:16:02.150+02:00  INFO 78813 --- [           main] .s.d.r.c.RepositoryConfigurationDelegate : Bootstrapping Spring Data JPA repositories in DEFAULT mode.
2025-07-04T14:16:02.152+02:00  INFO 78813 --- [           main] .s.d.r.c.RepositoryConfigurationDelegate : Finished Spring Data repository scanning in 1 ms. Found 4 JPA repository interfaces.
2025-07-04T14:16:02.166+02:00  INFO 78813 --- [           main] beddedDataSourceBeanFactoryPostProcessor : Replacing 'dataSource' DataSource bean with embedded version
2025-07-04T14:16:02.172+02:00  INFO 78813 --- [           main] o.s.j.d.e.EmbeddedDatabaseFactory        : Starting embedded database: url='jdbc:h2:mem:69ff7e6e-0881-43c8-9f90-3bc89946d389;DB_CLOSE_DELAY=-1;DB_CLOSE_ON_EXIT=false', username='sa'
2025-07-04T14:16:02.176+02:00  INFO 78813 --- [           main] o.hibernate.jpa.internal.util.LogHelper  : HHH000204: Processing PersistenceUnitInfo [name: default]
2025-07-04T14:16:02.176+02:00  INFO 78813 --- [           main] o.h.c.internal.RegionFactoryInitiator    : HHH000026: Second-level cache disabled
2025-07-04T14:16:02.179+02:00  INFO 78813 --- [           main] o.s.o.j.p.SpringPersistenceUnitInfo      : No LoadTimeWeaver setup: ignoring JPA class transformer
2025-07-04T14:16:02.180+02:00  WARN 78813 --- [           main] org.hibernate.orm.deprecation            : HHH90000025: H2Dialect does not need to be specified explicitly using 'hibernate.dialect' (remove the property setting and it will be selected by default)
2025-07-04T14:16:02.180+02:00  INFO 78813 --- [           main] org.hibernate.orm.connections.pooling    : HHH10001005: Database info:
	Database JDBC URL [Connecting through datasource 'org.springframework.jdbc.datasource.embedded.EmbeddedDatabaseFactory$EmbeddedDataSourceProxy@2560add9']
	Database driver: undefined/unknown
	Database version: 2.3.232
	Autocommit mode: undefined/unknown
	Isolation level: undefined/unknown
	Minimum pool size: undefined/unknown
	Maximum pool size: undefined/unknown
2025-07-04T14:16:02.191+02:00  INFO 78813 --- [           main] o.h.e.t.j.p.i.JtaPlatformInitiator       : HHH000489: No JTA platform available (set 'hibernate.transaction.jta.platform' to enable JTA platform integration)
Hibernate: drop table if exists follows cascade 
Hibernate: drop table if exists likes cascade 
Hibernate: drop table if exists posts cascade 
Hibernate: drop table if exists users cascade 
Hibernate: create table follows (id bigint generated by default as identity, follower_username varchar(255) not null, following_username varchar(255) not null, primary key (id), unique (follower_username, following_username))
Hibernate: create table likes (id bigint generated by default as identity, post_id bigint not null, user_id bigint not null, primary key (id), unique (user_id, post_id))
Hibernate: create table posts (likes integer not null, id bigint generated by default as identity, timestamp timestamp(6) not null, user_id bigint not null, content varchar(300) not null, primary key (id))
Hibernate: create table users (id bigint generated by default as identity, bio varchar(500), email varchar(255) unique, full_name varchar(255), password varchar(255) not null, username varchar(255) not null unique, primary key (id))
Hibernate: alter table if exists likes add constraint FKry8tnr4x2vwemv2bb0h5hyl0x foreign key (post_id) references posts
Hibernate: alter table if exists likes add constraint FKnvx9seeqqyy71bij291pwiwrg foreign key (user_id) references users
Hibernate: alter table if exists posts add constraint FK5lidm6cqbc7u4xhqpxm898qme foreign key (user_id) references users
2025-07-04T14:16:02.194+02:00  INFO 78813 --- [           main] j.LocalContainerEntityManagerFactoryBean : Initialized JPA EntityManagerFactory for persistence unit 'default'
2025-07-04T14:16:02.221+02:00  WARN 78813 --- [           main] JpaBaseConfiguration$JpaWebConfiguration : spring.jpa.open-in-view is enabled by default. Therefore, database queries may be performed during view rendering. Explicitly configure spring.jpa.open-in-view to disable this warning
2025-07-04T14:16:02.224+02:00  INFO 78813 --- [           main] o.s.v.b.OptionalValidatorFactoryBean     : Failed to set up a Bean Validation provider: jakarta.validation.NoProviderFoundException: Unable to create a Configuration, because no Jakarta Bean Validation provider could be found. Add a provider like Hibernate Validator (RI) to your classpath.
2025-07-04T14:16:02.245+02:00  INFO 78813 --- [           main] o.s.b.t.m.w.SpringBootMockServletContext : Initializing Spring TestDispatcherServlet ''
2025-07-04T14:16:02.245+02:00  INFO 78813 --- [           main] o.s.t.web.servlet.TestDispatcherServlet  : Initializing Servlet ''
2025-07-04T14:16:02.245+02:00  INFO 78813 --- [           main] o.s.t.web.servlet.TestDispatcherServlet  : Completed initialization in 0 ms
2025-07-04T14:16:02.251+02:00  INFO 78813 --- [           main] c.example.mono_backend.ControllerTest    : Started ControllerTest in 0.141 seconds (process running for 4.329)
Hibernate: select p1_0.id,p1_0.user_id,p1_0.content,p1_0.likes,p1_0.timestamp from posts p1_0
Hibernate: select u1_0.id,u1_0.bio,u1_0.email,u1_0.full_name,u1_0.password,u1_0.username from users u1_0
Hibernate: select u1_0.id,u1_0.bio,u1_0.email,u1_0.full_name,u1_0.password,u1_0.username from users u1_0 where u1_0.username=?
2025-07-04T14:16:02.259+02:00  INFO 78813 --- [           main] j.LocalContainerEntityManagerFactoryBean : Closing JPA EntityManagerFactory for persistence unit 'default'
Hibernate: drop table if exists follows cascade 
Hibernate: drop table if exists likes cascade 
Hibernate: drop table if exists posts cascade 
Hibernate: drop table if exists users cascade 
]]></system-out>
  </testcase>
  <testcase name="testCreatePost_nonExistingUser_returns404" classname="com.example.mono_backend.ControllerTest" time="0.009">
    <system-out><![CDATA[
  .   ____          _            __ _ _
 /\\ / ___'_ __ _ _(_)_ __  __ _ \ \ \ \
( ( )\___ | '_ | '_| | '_ \/ _` | \ \ \ \
 \\/  ___)| |_)| | | | | || (_| |  ) ) ) )
  '  |____| .__|_| |_|_| |_\__, | / / / /
 =========|_|==============|___/=/_/_/_/

 :: Spring Boot ::                (v3.4.5)

2025-07-04T14:16:02.267+02:00  INFO 78813 --- [           main] c.example.mono_backend.ControllerTest    : Starting ControllerTest using Java 23.0.2 with PID 78813 (started by efeisildar in /Users/efeisildar/ics-wtp-mono/mono-backend)
2025-07-04T14:16:02.267+02:00  INFO 78813 --- [           main] c.example.mono_backend.ControllerTest    : The following 1 profile is active: "test"
2025-07-04T14:16:02.296+02:00  INFO 78813 --- [           main] .s.d.r.c.RepositoryConfigurationDelegate : Bootstrapping Spring Data JPA repositories in DEFAULT mode.
2025-07-04T14:16:02.298+02:00  INFO 78813 --- [           main] .s.d.r.c.RepositoryConfigurationDelegate : Finished Spring Data repository scanning in 1 ms. Found 4 JPA repository interfaces.
2025-07-04T14:16:02.312+02:00  INFO 78813 --- [           main] beddedDataSourceBeanFactoryPostProcessor : Replacing 'dataSource' DataSource bean with embedded version
2025-07-04T14:16:02.319+02:00  INFO 78813 --- [           main] o.s.j.d.e.EmbeddedDatabaseFactory        : Starting embedded database: url='jdbc:h2:mem:f0d66a1c-48ce-4801-85a0-f23e50fe184f;DB_CLOSE_DELAY=-1;DB_CLOSE_ON_EXIT=false', username='sa'
2025-07-04T14:16:02.323+02:00  INFO 78813 --- [           main] o.hibernate.jpa.internal.util.LogHelper  : HHH000204: Processing PersistenceUnitInfo [name: default]
2025-07-04T14:16:02.324+02:00  INFO 78813 --- [           main] o.h.c.internal.RegionFactoryInitiator    : HHH000026: Second-level cache disabled
2025-07-04T14:16:02.327+02:00  INFO 78813 --- [           main] o.s.o.j.p.SpringPersistenceUnitInfo      : No LoadTimeWeaver setup: ignoring JPA class transformer
2025-07-04T14:16:02.327+02:00  WARN 78813 --- [           main] org.hibernate.orm.deprecation            : HHH90000025: H2Dialect does not need to be specified explicitly using 'hibernate.dialect' (remove the property setting and it will be selected by default)
2025-07-04T14:16:02.327+02:00  INFO 78813 --- [           main] org.hibernate.orm.connections.pooling    : HHH10001005: Database info:
	Database JDBC URL [Connecting through datasource 'org.springframework.jdbc.datasource.embedded.EmbeddedDatabaseFactory$EmbeddedDataSourceProxy@5397c8da']
	Database driver: undefined/unknown
	Database version: 2.3.232
	Autocommit mode: undefined/unknown
	Isolation level: undefined/unknown
	Minimum pool size: undefined/unknown
	Maximum pool size: undefined/unknown
2025-07-04T14:16:02.338+02:00  INFO 78813 --- [           main] o.h.e.t.j.p.i.JtaPlatformInitiator       : HHH000489: No JTA platform available (set 'hibernate.transaction.jta.platform' to enable JTA platform integration)
Hibernate: drop table if exists follows cascade 
Hibernate: drop table if exists likes cascade 
Hibernate: drop table if exists posts cascade 
Hibernate: drop table if exists users cascade 
Hibernate: create table follows (id bigint generated by default as identity, follower_username varchar(255) not null, following_username varchar(255) not null, primary key (id), unique (follower_username, following_username))
Hibernate: create table likes (id bigint generated by default as identity, post_id bigint not null, user_id bigint not null, primary key (id), unique (user_id, post_id))
Hibernate: create table posts (likes integer not null, id bigint generated by default as identity, timestamp timestamp(6) not null, user_id bigint not null, content varchar(300) not null, primary key (id))
Hibernate: create table users (id bigint generated by default as identity, bio varchar(500), email varchar(255) unique, full_name varchar(255), password varchar(255) not null, username varchar(255) not null unique, primary key (id))
Hibernate: alter table if exists likes add constraint FKry8tnr4x2vwemv2bb0h5hyl0x foreign key (post_id) references posts
Hibernate: alter table if exists likes add constraint FKnvx9seeqqyy71bij291pwiwrg foreign key (user_id) references users
Hibernate: alter table if exists posts add constraint FK5lidm6cqbc7u4xhqpxm898qme foreign key (user_id) references users
2025-07-04T14:16:02.341+02:00  INFO 78813 --- [           main] j.LocalContainerEntityManagerFactoryBean : Initialized JPA EntityManagerFactory for persistence unit 'default'
2025-07-04T14:16:02.366+02:00  WARN 78813 --- [           main] JpaBaseConfiguration$JpaWebConfiguration : spring.jpa.open-in-view is enabled by default. Therefore, database queries may be performed during view rendering. Explicitly configure spring.jpa.open-in-view to disable this warning
2025-07-04T14:16:02.369+02:00  INFO 78813 --- [           main] o.s.v.b.OptionalValidatorFactoryBean     : Failed to set up a Bean Validation provider: jakarta.validation.NoProviderFoundException: Unable to create a Configuration, because no Jakarta Bean Validation provider could be found. Add a provider like Hibernate Validator (RI) to your classpath.
2025-07-04T14:16:02.391+02:00  INFO 78813 --- [           main] o.s.b.t.m.w.SpringBootMockServletContext : Initializing Spring TestDispatcherServlet ''
2025-07-04T14:16:02.391+02:00  INFO 78813 --- [           main] o.s.t.web.servlet.TestDispatcherServlet  : Initializing Servlet ''
2025-07-04T14:16:02.391+02:00  INFO 78813 --- [           main] o.s.t.web.servlet.TestDispatcherServlet  : Completed initialization in 0 ms
2025-07-04T14:16:02.394+02:00  INFO 78813 --- [           main] c.example.mono_backend.ControllerTest    : Started ControllerTest in 0.132 seconds (process running for 4.472)
Hibernate: select p1_0.id,p1_0.user_id,p1_0.content,p1_0.likes,p1_0.timestamp from posts p1_0
Hibernate: select u1_0.id,u1_0.bio,u1_0.email,u1_0.full_name,u1_0.password,u1_0.username from users u1_0
Hibernate: select u1_0.id,u1_0.bio,u1_0.email,u1_0.full_name,u1_0.password,u1_0.username from users u1_0 where u1_0.username=?
2025-07-04T14:16:02.402+02:00  INFO 78813 --- [           main] j.LocalContainerEntityManagerFactoryBean : Closing JPA EntityManagerFactory for persistence unit 'default'
Hibernate: drop table if exists follows cascade 
Hibernate: drop table if exists likes cascade 
Hibernate: drop table if exists posts cascade 
Hibernate: drop table if exists users cascade 
]]></system-out>
  </testcase>
  <testcase name="testDeleteNonexistentPost_returns404" classname="com.example.mono_backend.ControllerTest" time="0.017">
    <system-out><![CDATA[
  .   ____          _            __ _ _
 /\\ / ___'_ __ _ _(_)_ __  __ _ \ \ \ \
( ( )\___ | '_ | '_| | '_ \/ _` | \ \ \ \
 \\/  ___)| |_)| | | | | || (_| |  ) ) ) )
  '  |____| .__|_| |_|_| |_\__, | / / / /
[...]
2025-07-04T14:16:03.724+02:00  INFO 78813 --- [           main] c.example.mono_backend.ControllerTest    : The following 1 profile is active: "test"
2025-07-04T14:16:03.749+02:00  INFO 78813 --- [           main] .s.d.r.c.RepositoryConfigurationDelegate : Bootstrapping Spring Data JPA repositories in DEFAULT mode.
2025-07-04T14:16:03.751+02:00  INFO 78813 --- [           main] .s.d.r.c.RepositoryConfigurationDelegate : Finished Spring Data repository scanning in 1 ms. Found 4 JPA repository interfaces.
2025-07-04T14:16:03.763+02:00  INFO 78813 --- [           main] beddedDataSourceBeanFactoryPostProcessor : Replacing 'dataSource' DataSource bean with embedded version
2025-07-04T14:16:03.768+02:00  INFO 78813 --- [           main] o.s.j.d.e.EmbeddedDatabaseFactory        : Starting embedded database: url='jdbc:h2:mem:9423472d-26d7-4566-ac86-dc773fa90afe;DB_CLOSE_DELAY=-1;DB_CLOSE_ON_EXIT=false', username='sa'
2025-07-04T14:16:03.771+02:00  INFO 78813 --- [           main] o.hibernate.jpa.internal.util.LogHelper  : HHH000204: Processing PersistenceUnitInfo [name: default]
2025-07-04T14:16:03.771+02:00  INFO 78813 --- [           main] o.h.c.internal.RegionFactoryInitiator    : HHH000026: Second-level cache disabled
2025-07-04T14:16:03.774+02:00  INFO 78813 --- [           main] o.s.o.j.p.SpringPersistenceUnitInfo      : No LoadTimeWeaver setup: ignoring JPA class transformer
2025-07-04T14:16:03.774+02:00  WARN 78813 --- [           main] org.hibernate.orm.deprecation            : HHH90000025: H2Dialect does not need to be specified explicitly using 'hibernate.dialect' (remove the property setting and it will be selected by default)
2025-07-04T14:16:03.774+02:00  INFO 78813 --- [           main] org.hibernate.orm.connections.pooling    : HHH10001005: Database info:
	Database JDBC URL [Connecting through datasource 'org.springframework.jdbc.datasource.embedded.EmbeddedDatabaseFactory$EmbeddedDataSourceProxy@64280fbe']
	Database driver: undefined/unknown
	Database version: 2.3.232
	Autocommit mode: undefined/unknown
	Isolation level: undefined/unknown
	Minimum pool size: undefined/unknown
	Maximum pool size: undefined/unknown
2025-07-04T14:16:03.784+02:00  INFO 78813 --- [           main] o.h.e.t.j.p.i.JtaPlatformInitiator       : HHH000489: No JTA platform available (set 'hibernate.transaction.jta.platform' to enable JTA platform integration)
Hibernate: drop table if exists follows cascade 
Hibernate: drop table if exists likes cascade 
Hibernate: drop table if exists posts cascade 
Hibernate: drop table if exists users cascade 
Hibernate: create table follows (id bigint generated by default as identity, follower_username varchar(255) not null, following_username varchar(255) not null, primary key (id), unique (follower_username, following_username))
Hibernate: create table likes (id bigint generated by default as identity, post_id bigint not null, user_id bigint not null, primary key (id), unique (user_id, post_id))
Hibernate: create table posts (likes integer not null, id bigint generated by default as identity, timestamp timestamp(6) not null, user_id bigint not null, content varchar(300) not null, primary key (id))
Hibernate: create table users (id bigint generated by default as identity, bio varchar(500), email varchar(255) unique, full_name varchar(255), password varchar(255) not null, username varchar(255) not null unique, primary key (id))
Hibernate: alter table if exists likes add constraint FKry8tnr4x2vwemv2bb0h5hyl0x foreign key (post_id) references posts
Hibernate: alter table if exists likes add constraint FKnvx9seeqqyy71bij291pwiwrg foreign key (user_id) references users
Hibernate: alter table if exists posts add constraint FK5lidm6cqbc7u4xhqpxm898qme foreign key (user_id) references users
2025-07-04T14:16:03.786+02:00  INFO 78813 --- [           main] j.LocalContainerEntityManagerFactoryBean : Initialized JPA EntityManagerFactory for persistence unit 'default'
2025-07-04T14:16:03.806+02:00  WARN 78813 --- [           main] JpaBaseConfiguration$JpaWebConfiguration : spring.jpa.open-in-view is enabled by default. Therefore, database queries may be performed during view rendering. Explicitly configure spring.jpa.open-in-view to disable this warning
2025-07-04T14:16:03.809+02:00  INFO 78813 --- [           main] o.s.v.b.OptionalValidatorFactoryBean     : Failed to set up a Bean Validation provider: jakarta.validation.NoProviderFoundException: Unable to create a Configuration, because no Jakarta Bean Validation provider could be found. Add a provider like Hibernate Validator (RI) to your classpath.
2025-07-04T14:16:03.826+02:00  INFO 78813 --- [           main] o.s.b.t.m.w.SpringBootMockServletContext : Initializing Spring TestDispatcherServlet ''
2025-07-04T14:16:03.827+02:00  INFO 78813 --- [           main] o.s.t.web.servlet.TestDispatcherServlet  : Initializing Servlet ''
2025-07-04T14:16:03.827+02:00  INFO 78813 --- [           main] o.s.t.web.servlet.TestDispatcherServlet  : Completed initialization in 0 ms
2025-07-04T14:16:03.829+02:00  INFO 78813 --- [           main] c.example.mono_backend.ControllerTest    : Started ControllerTest in 0.11 seconds (process running for 5.907)
Hibernate: select p1_0.id,p1_0.user_id,p1_0.content,p1_0.likes,p1_0.timestamp from posts p1_0
Hibernate: select u1_0.id,u1_0.bio,u1_0.email,u1_0.full_name,u1_0.password,u1_0.username from users u1_0
Hibernate: insert into users (bio,email,full_name,password,username,id) values (?,?,?,?,?,default)
Hibernate: insert into users (bio,email,full_name,password,username,id) values (?,?,?,?,?,default)
Hibernate: insert into posts (user_id,content,likes,timestamp,id) values (?,?,?,?,default)
Hibernate: insert into posts (user_id,content,likes,timestamp,id) values (?,?,?,?,default)
Hibernate: select p1_0.id,p1_0.user_id,p1_0.content,p1_0.likes,p1_0.timestamp from posts p1_0
Hibernate: select u1_0.id,u1_0.bio,u1_0.email,u1_0.full_name,u1_0.password,u1_0.username from users u1_0 where u1_0.id=?
Hibernate: select u1_0.id,u1_0.bio,u1_0.email,u1_0.full_name,u1_0.password,u1_0.username from users u1_0 where u1_0.id=?
2025-07-04T14:16:03.840+02:00  INFO 78813 --- [           main] j.LocalContainerEntityManagerFactoryBean : Closing JPA EntityManagerFactory for persistence unit 'default'
Hibernate: drop table if exists follows cascade 
Hibernate: drop table if exists likes cascade 
Hibernate: drop table if exists posts cascade 
Hibernate: drop table if exists users cascade 
]]></system-out>
  </testcase>
  <testcase name="testRegisterUser_success" classname="com.example.mono_backend.ControllerTest" time="0.008">
    <system-out><![CDATA[
  .   ____          _            __ _ _
 /\\ / ___'_ __ _ _(_)_ __  __ _ \ \ \ \
( ( )\___ | '_ | '_| | '_ \/ _` | \ \ \ \
 \\/  ___)| |_)| | | | | || (_| |  ) ) ) )
  '  |____| .__|_| |_|_| |_\__, | / / / /
 =========|_|==============|___/=/_/_/_/

 :: Spring Boot ::                (v3.4.5)

2025-07-04T14:16:03.846+02:00  INFO 78813 --- [           main] c.example.mono_backend.ControllerTest    : Starting ControllerTest using Java 23.0.2 with PID 78813 (started by efeisildar in /Users/efeisildar/ics-wtp-mono/mono-backend)
2025-07-04T14:16:03.846+02:00  INFO 78813 --- [           main] c.example.mono_backend.ControllerTest    : The following 1 profile is active: "test"
2025-07-04T14:16:03.874+02:00  INFO 78813 --- [           main] .s.d.r.c.RepositoryConfigurationDelegate : Bootstrapping Spring Data JPA repositories in DEFAULT mode.
2025-07-04T14:16:03.876+02:00  INFO 78813 --- [           main] .s.d.r.c.RepositoryConfigurationDelegate : Finished Spring Data repository scanning in 1 ms. Found 4 JPA repository interfaces.
2025-07-04T14:16:03.889+02:00  INFO 78813 --- [           main] beddedDataSourceBeanFactoryPostProcessor : Replacing 'dataSource' DataSource bean with embedded version
2025-07-04T14:16:03.894+02:00  INFO 78813 --- [           main] o.s.j.d.e.EmbeddedDatabaseFactory        : Starting embedded database: url='jdbc:h2:mem:d3b72a59-ccfa-4042-a6ca-bb4b1549ffb0;DB_CLOSE_DELAY=-1;DB_CLOSE_ON_EXIT=false', username='sa'
2025-07-04T14:16:03.897+02:00  INFO 78813 --- [           main] o.hibernate.jpa.internal.util.LogHelper  : HHH000204: Processing PersistenceUnitInfo [name: default]
2025-07-04T14:16:03.898+02:00  INFO 78813 --- [           main] o.h.c.internal.RegionFactoryInitiator    : HHH000026: Second-level cache disabled
2025-07-04T14:16:03.901+02:00  INFO 78813 --- [           main] o.s.o.j.p.SpringPersistenceUnitInfo      : No LoadTimeWeaver setup: ignoring JPA class transformer
2025-07-04T14:16:03.901+02:00  WARN 78813 --- [           main] org.hibernate.orm.deprecation            : HHH90000025: H2Dialect does not need to be specified explicitly using 'hibernate.dialect' (remove the property setting and it will be selected by default)
2025-07-04T14:16:03.901+02:00  INFO 78813 --- [           main] org.hibernate.orm.connections.pooling    : HHH10001005: Database info:
	Database JDBC URL [Connecting through datasource 'org.springframework.jdbc.datasource.embedded.EmbeddedDatabaseFactory$EmbeddedDataSourceProxy@46f72643']
	Database driver: undefined/unknown
	Database version: 2.3.232
	Autocommit mode: undefined/unknown
	Isolation level: undefined/unknown
	Minimum pool size: undefined/unknown
	Maximum pool size: undefined/unknown
2025-07-04T14:16:03.911+02:00  INFO 78813 --- [           main] o.h.e.t.j.p.i.JtaPlatformInitiator       : HHH000489: No JTA platform available (set 'hibernate.transaction.jta.platform' to enable JTA platform integration)
Hibernate: drop table if exists follows cascade 
Hibernate: drop table if exists likes cascade 
Hibernate: drop table if exists posts cascade 
Hibernate: drop table if exists users cascade 
Hibernate: create table follows (id bigint generated by default as identity, follower_username varchar(255) not null, following_username varchar(255) not null, primary key (id), unique (follower_username, following_username))
Hibernate: create table likes (id bigint generated by default as identity, post_id bigint not null, user_id bigint not null, primary key (id), unique (user_id, post_id))
Hibernate: create table posts (likes integer not null, id bigint generated by default as identity, timestamp timestamp(6) not null, user_id bigint not null, content varchar(300) not null, primary key (id))
Hibernate: create table users (id bigint generated by default as identity, bio varchar(500), email varchar(255) unique, full_name varchar(255), password varchar(255) not null, username varchar(255) not null unique, primary key (id))
Hibernate: alter table if exists likes add constraint FKry8tnr4x2vwemv2bb0h5hyl0x foreign key (post_id) references posts
Hibernate: alter table if exists likes add constraint FKnvx9seeqqyy71bij291pwiwrg foreign key (user_id) references users
Hibernate: alter table if exists posts add constraint FK5lidm6cqbc7u4xhqpxm898qme foreign key (user_id) references users
2025-07-04T14:16:03.914+02:00  INFO 78813 --- [           main] j.LocalContainerEntityManagerFactoryBean : Initialized JPA EntityManagerFactory for persistence unit 'default'
2025-07-04T14:16:03.935+02:00  WARN 78813 --- [           main] JpaBaseConfiguration$JpaWebConfiguration : spring.jpa.open-in-view is enabled by default. Therefore, database queries may be performed during view rendering. Explicitly configure spring.jpa.open-in-view to disable this warning
2025-07-04T14:16:03.938+02:00  INFO 78813 --- [           main] o.s.v.b.OptionalValidatorFactoryBean     : Failed to set up a Bean Validation provider: jakarta.validation.NoProviderFoundException: Unable to create a Configuration, because no Jakarta Bean Validation provider could be found. Add a provider like Hibernate Validator (RI) to your classpath.
2025-07-04T14:16:03.957+02:00  INFO 78813 --- [           main] o.s.b.t.m.w.SpringBootMockServletContext : Initializing Spring TestDispatcherServlet ''
2025-07-04T14:16:03.957+02:00  INFO 78813 --- [           main] o.s.t.web.servlet.TestDispatcherServlet  : Initializing Servlet ''
2025-07-04T14:16:03.957+02:00  INFO 78813 --- [           main] o.s.t.web.servlet.TestDispatcherServlet  : Completed initialization in 0 ms
2025-07-04T14:16:03.960+02:00  INFO 78813 --- [           main] c.example.mono_backend.ControllerTest    : Started ControllerTest in 0.118 seconds (process running for 6.038)
Hibernate: select p1_0.id,p1_0.user_id,p1_0.content,p1_0.likes,p1_0.timestamp from posts p1_0
Hibernate: select u1_0.id,u1_0.bio,u1_0.email,u1_0.full_name,u1_0.password,u1_0.username from users u1_0
Hibernate: select u1_0.id from users u1_0 where upper(u1_0.username)=upper(?) fetch first ? rows only
Hibernate: insert into users (bio,email,full_name,password,username,id) values (?,?,?,?,?,default)
2025-07-04T14:16:03.967+02:00  INFO 78813 --- [           main] j.LocalContainerEntityManagerFactoryBean : Closing JPA EntityManagerFactory for persistence unit 'default'
Hibernate: drop table if exists follows cascade 
Hibernate: drop table if exists likes cascade 
Hibernate: drop table if exists posts cascade 
Hibernate: drop table if exists users cascade 
]]></system-out>
  </testcase>
  <testcase name="testRegisterUser_duplicateUsername_returnsTaken" classname="com.example.mono_backend.ControllerTest" time="0.008">
    <system-out><![CDATA[
  .   ____          _            __ _ _
 /\\ / ___'_ __ _ _(_)_ __  __ _ \ \ \ \
( ( )\___ | '_ | '_| | '_ \/ _` | \ \ \ \
 \\/  ___)| |_)| | | | | || (_| |  ) ) ) )
  '  |____| .__|_| |_|_| |_\__, | / / / /
 =========|_|==============|___/=/_/_/_/

 :: Spring Boot ::                (v3.4.5)

2025-07-04T14:16:03.973+02:00  INFO 78813 --- [           main] c.example.mono_backend.ControllerTest    : Starting ControllerTest using Java 23.0.2 with PID 78813 (started by efeisildar in /Users/efeisildar/ics-wtp-mono/mono-backend)
2025-07-04T14:16:03.973+02:00  INFO 78813 --- [           main] c.example.mono_backend.ControllerTest    : The following 1 profile is active: "test"
2025-07-04T14:16:04.000+02:00  INFO 78813 --- [           main] .s.d.r.c.RepositoryConfigurationDelegate : Bootstrapping Spring Data JPA repositories in DEFAULT mode.
2025-07-04T14:16:04.002+02:00  INFO 78813 --- [           main] .s.d.r.c.RepositoryConfigurationDelegate : Finished Spring Data repository scanning in 1 ms. Found 4 JPA repository interfaces.
2025-07-04T14:16:04.015+02:00  INFO 78813 --- [           main] beddedDataSourceBeanFactoryPostProcessor : Replacing 'dataSource' DataSource bean with embedded version
2025-07-04T14:16:04.020+02:00  INFO 78813 --- [           main] o.s.j.d.e.EmbeddedDatabaseFactory        : Starting embedded database: url='jdbc:h2:mem:09da381d-d721-423f-a304-204be61c9f00;DB_CLOSE_DELAY=-1;DB_CLOSE_ON_EXIT=false', username='sa'
2025-07-04T14:16:04.024+02:00  INFO 78813 --- [           main] o.hibernate.jpa.internal.util.LogHelper  : HHH000204: Processing PersistenceUnitInfo [name: default]
2025-07-04T14:16:04.025+02:00  INFO 78813 --- [           main] o.h.c.internal.RegionFactoryInitiator    : HHH000026: Second-level cache disabled
2025-07-04T14:16:04.027+02:00  INFO 78813 --- [           main] o.s.o.j.p.SpringPersistenceUnitInfo      : No LoadTimeWeaver setup: ignoring JPA class transformer
2025-07-04T14:16:04.028+02:00  WARN 78813 --- [           main] org.hibernate.orm.deprecation            : HHH90000025: H2Dialect does not need to be specified explicitly using 'hibernate.dialect' (remove the property setting and it will be selected by default)
2025-07-04T14:16:04.028+02:00  INFO 78813 --- [           main] org.hibernate.orm.connections.pooling    : HHH10001005: Database info:
	Database JDBC URL [Connecting through datasource 'org.springframework.jdbc.datasource.embedded.EmbeddedDatabaseFactory$EmbeddedDataSourceProxy@53f6fa17']
	Database driver: undefined/unknown
	Database version: 2.3.232
	Autocommit mode: undefined/unknown
	Isolation level: undefined/unknown
	Minimum pool size: undefined/unknown
	Maximum pool size: undefined/unknown
2025-07-04T14:16:04.038+02:00  INFO 78813 --- [           main] o.h.e.t.j.p.i.JtaPlatformInitiator       : HHH000489: No JTA platform available (set 'hibernate.transaction.jta.platform' to enable JTA platform integration)
Hibernate: drop table if exists follows cascade 
Hibernate: drop table if exists likes cascade 
Hibernate: drop table if exists posts cascade 
Hibernate: drop table if exists users cascade 
Hibernate: create table follows (id bigint generated by default as identity, follower_username varchar(255) not null, following_username varchar(255) not null, primary key (id), unique (follower_username, following_username))
Hibernate: create table likes (id bigint generated by default as identity, post_id bigint not null, user_id bigint not null, primary key (id), unique (user_id, post_id))
Hibernate: create table posts (likes integer not null, id bigint generated by default as identity, timestamp timestamp(6) not null, user_id bigint not null, content varchar(300) not null, primary key (id))
Hibernate: create table users (id bigint generated by default as identity, bio varchar(500), email varchar(255) unique, full_name varchar(255), password varchar(255) not null, username varchar(255) not null unique, primary key (id))
Hibernate: alter table if exists likes add constraint FKry8tnr4x2vwemv2bb0h5hyl0x foreign key (post_id) references posts
Hibernate: alter table if exists likes add constraint FKnvx9seeqqyy71bij291pwiwrg foreign key (user_id) references users
Hibernate: alter table if exists posts add constraint FK5lidm6cqbc7u4xhqpxm898qme foreign key (user_id) references users
2025-07-04T14:16:04.040+02:00  INFO 78813 --- [           main] j.LocalContainerEntityManagerFactoryBean : Initialized JPA EntityManagerFactory for persistence unit 'default'
2025-07-04T14:16:04.063+02:00  WARN 78813 --- [           main] JpaBaseConfiguration$JpaWebConfiguration : spring.jpa.open-in-view is enabled by default. Therefore, database queries may be performed during view rendering. Explicitly configure spring.jpa.open-in-view to disable this warning
2025-07-04T14:16:04.066+02:00  INFO 78813 --- [           main] o.s.v.b.OptionalValidatorFactoryBean     : Failed to set up a Bean Validation provider: jakarta.validation.NoProviderFoundException: Unable to create a Configuration, because no Jakarta Bean Validation provider could be found. Add a provider like Hibernate Validator (RI) to your classpath.
2025-07-04T14:16:04.086+02:00  INFO 78813 --- [           main] o.s.b.t.m.w.SpringBootMockServletContext : Initializing Spring TestDispatcherServlet ''
2025-07-04T14:16:04.086+02:00  INFO 78813 --- [           main] o.s.t.web.servlet.TestDispatcherServlet  : Initializing Servlet ''
2025-07-04T14:16:04.086+02:00  INFO 78813 --- [           main] o.s.t.web.servlet.TestDispatcherServlet  : Completed initialization in 0 ms
2025-07-04T14:16:04.089+02:00  INFO 78813 --- [           main] c.example.mono_backend.ControllerTest    : Started ControllerTest in 0.121 seconds (process running for 6.167)
Hibernate: select p1_0.id,p1_0.user_id,p1_0.content,p1_0.likes,p1_0.timestamp from posts p1_0
Hibernate: select u1_0.id,u1_0.bio,u1_0.email,u1_0.full_name,u1_0.password,u1_0.username from users u1_0
Hibernate: insert into users (bio,email,full_name,password,username,id) values (?,?,?,?,?,default)
Hibernate: select u1_0.id from users u1_0 where upper(u1_0.username)=upper(?) fetch first ? rows only
2025-07-04T14:16:04.096+02:00  INFO 78813 --- [           main] j.LocalContainerEntityManagerFactoryBean : Closing JPA EntityManagerFactory for persistence unit 'default'
Hibernate: drop table if exists follows cascade 
Hibernate: drop table if exists likes cascade 
Hibernate: drop table if exists posts cascade 
Hibernate: drop table if exists users cascade 
]]></system-out>
  </testcase>
</testsuite>